-- west build: generating a build system
Loading Zephyr module(s) (Zephyr base): sysbuild_default
-- Found Python3: /home/pomo/git/STCP/STCPv2/zephyr/nordic/.venv/bin/python3 (found suitable version "3.13.5", minimum required is "3.12") found components: Interpreter
-- Cache files will be written to: /home/pomo/.cache/zephyr
-- Found west (found suitable version "1.5.0", minimum required is "0.14.0")
-- Board: nrf9151dk, qualifiers: nrf9151/ns
Parsing /home/pomo/git/STCP/STCPv2/zephyr/nordic/zephyr/share/sysbuild/Kconfig
Loaded configuration '/home/pomo/git/STCP/STCPv2/zephyr/nordic/stcp-mqtt/build-nrf9151/_sysbuild/empty.conf'
Merged configuration '/home/pomo/git/STCP/STCPv2/zephyr/nordic/stcp-mqtt/build-nrf9151/_sysbuild/empty.conf'
Configuration saved to '/home/pomo/git/STCP/STCPv2/zephyr/nordic/stcp-mqtt/build-nrf9151/zephyr/.config'
Kconfig header saved to '/home/pomo/git/STCP/STCPv2/zephyr/nordic/stcp-mqtt/build-nrf9151/_sysbuild/autoconf.h'
-- 
   *******************************
   * Running CMake for stcp-mqtt *
   *******************************

Loading Zephyr default modules (Zephyr base).
-- Application: /home/pomo/git/STCP/STCPv2/zephyr/nordic/stcp-mqtt
-- CMake version: 3.31.6
-- Found Python3: /home/pomo/git/STCP/STCPv2/zephyr/nordic/.venv/bin/python3 (found suitable version "3.13.5", minimum required is "3.12") found components: Interpreter
-- Cache files will be written to: /home/pomo/.cache/zephyr
-- Zephyr version: 4.4.0 (/home/pomo/git/STCP/STCPv2/zephyr/nordic/zephyr)
-- Found west (found suitable version "1.5.0", minimum required is "0.14.0")
-- Board: nrf9151dk, qualifiers: nrf9151/ns
-- Found host-tools: zephyr 1.0.1 (/home/pomo/zephyr-sdk-1.0.1)
-- Found toolchain: zephyr 1.0.1 (/home/pomo/zephyr-sdk-1.0.1)
-- Found Dtc: /home/pomo/zephyr-sdk-1.0.1/hosttools/sysroots/x86_64-pokysdk-linux/usr/bin/dtc (found suitable version "1.7.0", minimum required is "1.4.6")
-- Found BOARD.dts: /home/pomo/git/STCP/STCPv2/zephyr/nordic/zephyr/boards/nordic/nrf9151dk/nrf9151dk_nrf9151_ns.dts
-- Generated zephyr.dts: /home/pomo/git/STCP/STCPv2/zephyr/nordic/stcp-mqtt/build-nrf9151/stcp-mqtt/zephyr/zephyr.dts
-- Generated pickled edt: /home/pomo/git/STCP/STCPv2/zephyr/nordic/stcp-mqtt/build-nrf9151/stcp-mqtt/zephyr/edt.pickle
-- Generated devicetree_generated.h: /home/pomo/git/STCP/STCPv2/zephyr/nordic/stcp-mqtt/build-nrf9151/stcp-mqtt/zephyr/include/generated/zephyr/devicetree_generated.h

warning: LOG_BUFFER_SIZE (defined at
/home/pomo/git/STCP/STCPv2/zephyr/nordic/nrf/modules/../subsys/net/openthread/Kconfig.defconfig:111,
subsys/logging/Kconfig.processing:121) was assigned the value '4096' but got the value ''. Check
these unsatisfied dependencies: (OPENTHREAD || (LOG_MODE_DEFERRED && !LOG_FRONTEND_ONLY &&
!LOG_MODE_MINIMAL && LOG)) (=n). See
http://docs.zephyrproject.org/latest/kconfig.html#CONFIG_LOG_BUFFER_SIZE and/or look up
LOG_BUFFER_SIZE in the menuconfig/guiconfig interface. The Application Development Primer, Setting
Configuration Values, and Kconfig - Tips and Best Practices sections of the manual might be helpful
too.


warning: Experimental symbol TFM_EXPERIMENTAL is enabled.

Parsing /home/pomo/git/STCP/STCPv2/zephyr/nordic/zephyr/Kconfig
Loaded configuration '/home/pomo/git/STCP/STCPv2/zephyr/nordic/zephyr/boards/nordic/nrf9151dk/nrf9151dk_nrf9151_ns_defconfig'
Merged configuration '/home/pomo/git/STCP/STCPv2/zephyr/nordic/stcp-mqtt/prj.conf'
Merged configuration '/home/pomo/git/STCP/STCPv2/zephyr/nordic/stcp-mqtt/nrf9151.conf'
Merged configuration '/home/pomo/git/STCP/STCPv2/zephyr/nordic/stcp-mqtt/build-nrf9151/stcp-mqtt/zephyr/.config.sysbuild'
Configuration saved to '/home/pomo/git/STCP/STCPv2/zephyr/nordic/stcp-mqtt/build-nrf9151/stcp-mqtt/zephyr/.config'
Kconfig header saved to '/home/pomo/git/STCP/STCPv2/zephyr/nordic/stcp-mqtt/build-nrf9151/stcp-mqtt/zephyr/include/generated/zephyr/autoconf.h'
-- Found GnuLd: /home/pomo/zephyr-sdk-1.0.1/gnu/arm-zephyr-eabi/arm-zephyr-eabi/bin/ld.bfd (found version "2.43.1")
-- The C compiler identification is GNU 14.3.0
-- The CXX compiler identification is GNU 14.3.0
-- The ASM compiler identification is GNU
-- Found assembler: /home/pomo/zephyr-sdk-1.0.1/gnu/arm-zephyr-eabi/bin/arm-zephyr-eabi-gcc
-- Found Python3: /home/pomo/git/STCP/STCPv2/zephyr/nordic/.venv/bin/python3 (found version "3.13.5") found components: Interpreter
-- Could NOT find Threads (missing: Threads_FOUND) 
-- Performing Test C_COMPILER_SUPPORTS_WFORMAT_SIGNEDNESS
-- Performing Test C_COMPILER_SUPPORTS_WFORMAT_SIGNEDNESS - Success
-- Using ccache: /usr/bin/ccache
-- Loading STCP2 offload module from /home/pomo/git/STCP/STCPv2/zephyr/nordic/stcp-module
-- Found gen_kobject_list: /home/pomo/git/STCP/STCPv2/zephyr/nordic/zephyr/scripts/build/gen_kobject_list.py
CMake Warning at /home/pomo/git/STCP/STCPv2/zephyr/nordic/zephyr/CMakeLists.txt:2358 (message):
  __ASSERT() statements are globally ENABLED


-- Configuring done (12.3s)
-- Generating done (0.7s)
-- Build files have been written to: /home/pomo/git/STCP/STCPv2/zephyr/nordic/stcp-mqtt/build-nrf9151/stcp-mqtt
-- Configuring done (18.1s)
-- Generating done (0.0s)
-- Build files have been written to: /home/pomo/git/STCP/STCPv2/zephyr/nordic/stcp-mqtt/build-nrf9151
-- west build: building application
[1/8] Creating directories for 'stcp-mqtt'
[2/8] No download step for 'stcp-mqtt'
[3/8] No update step for 'stcp-mqtt'
[4/8] No patch step for 'stcp-mqtt'
[5/8] No configure step for 'stcp-mqtt'
[5/8] Performing build step for 'stcp-mqtt'
[1/331] Preparing syscall dependency handling

[2/331] Generating ../../zephyr/include/generated/zephyr_commit.h
[3/331] Generating ../../zephyr/include/generated/ncs_commit.h
[4/331] Generating misc/generated/syscalls_subdirs.trigger
[5/331] Generating ../../zephyr/include/generated/ncs_version.h
[6/331] Generating include/generated/zephyr/version.h
-- Zephyr version: 4.4.0 (/home/pomo/git/STCP/STCPv2/zephyr/nordic/zephyr), build: ncs-v3.4.0-rc1-283-g59969b286a15
[7/331] Generating misc/generated/syscalls.json, misc/generated/struct_tags.json
[8/331] Generating include/generated/device-api-sections.ld, include/generated/device-api-sections.cmake
[9/331] Generating include/generated/zephyr/syscall_dispatch.c, include/generated/zephyr/syscall_exports_llext.c, syscall_weakdefs_llext.c, include/generated/zephyr/syscall_list.h
[10/331] Generating include/generated/zephyr/driver-validation.h
[11/331] Generating include/generated/zephyr/kobj-types-enum.h, include/generated/zephyr/otype-to-str.h, include/generated/zephyr/otype-to-size.h
[12/331] Generating ../../tfm/CMakeCache.txt
-- Found Git: /usr/bin/git (found version "2.47.3")
-- The C compiler identification is GNU 14.3.0
-- The CXX compiler identification is GNU 14.3.0
-- The ASM compiler identification is GNU
-- Found assembler: /home/pomo/zephyr-sdk-1.0.1/gnu/arm-zephyr-eabi/bin/arm-zephyr-eabi-gcc
-- Found Python3: /home/pomo/git/STCP/STCPv2/zephyr/nordic/.venv/bin/python3 (found version "3.13.5") found components: Interpreter
-- Found Python3: /home/pomo/git/STCP/STCPv2/zephyr/nordic/.venv/bin/python3 (found suitable version "3.13.5", minimum required is "3.12") found components: Interpreter
-- Cache files will be written to: /home/pomo/.cache/zephyr
-- Found Python3: /home/pomo/git/STCP/STCPv2/zephyr/nordic/.venv/bin/python3 (found version "3.13.5") found components: Interpreter
CMake Warning (dev) at /home/pomo/git/STCP/STCPv2/zephyr/nordic/nrf/modules/trusted-firmware-m/tfm_boards/nrf9120/CMakeLists.txt:24 (install):
  Policy CMP0177 is not set: install() DESTINATION paths are normalized.  Run
  "cmake --help-policy CMP0177" for policy details.  Use the cmake_policy
  command to set the policy and suppress this warning.
This warning is for project developers.  Use -Wno-dev to suppress it.

-- Configuring done (1.3s)
-- Generating done (0.1s)
CMake Warning:
  Manually-specified variables were not used by the project:

    NRF_MRAMC_SERVICE
    QCBOR_PATH
    TFM_CREATE_SIGNING_LAYOUT_OBJECTS
    T_COSE_PATH


-- Build files have been written to: /home/pomo/git/STCP/STCPv2/zephyr/nordic/stcp-mqtt/build-nrf9151/stcp-mqtt/tfm
[13/331] Creating directories for 'tfm'
[14/331] No download step for 'tfm'
[15/331] No update step for 'tfm'
[16/331] No patch step for 'tfm'
[17/331] No configure step for 'tfm'
[17/331] Performing build step for 'tfm'
[1/195] Building C object platform/CMakeFiles/platform_crypto_keys.dir/ext/common/syscalls_stub.o
[2/195] Building C object platform/CMakeFiles/platform_crypto_keys.dir/home/pomo/git/STCP/STCPv2/zephyr/nordic/nrf/modules/trusted-firmware-m/tfm_boards/common/crypto_keys.o
[3/195] Building C object platform/CMakeFiles/platform_s.dir/ext/target/nordic_nrf/common/core/native_drivers/mpu_armv8m_drv.o
[4/195] Building C object platform/CMakeFiles/platform_s.dir/ext/target/nordic_nrf/common/core/nrfx_glue.o
[5/195] Building C object platform/CMakeFiles/platform_s.dir/ext/target/nordic_nrf/common/core/native_drivers/spu.o
[6/195] Building C object platform/CMakeFiles/platform_s.dir/ext/target/nordic_nrf/common/core/cmsis_drivers/Driver_Flash.o
[7/195] Building C object platform/CMakeFiles/platform_s.dir/ext/target/nordic_nrf/common/core/nrf_exception_info.o
[8/195] Building C object platform/CMakeFiles/platform_s.dir/home/pomo/git/STCP/STCPv2/zephyr/nordic/modules/hal/nordic/nrfx/drivers/src/nrfx_nvmc.o
[9/195] Building C object platform/CMakeFiles/platform_s.dir/home/pomo/git/STCP/STCPv2/zephyr/nordic/modules/hal/nordic/nrfx/bsp/stable/mdk/nrf91/system_nrf91.o
[10/195] Building C object platform/CMakeFiles/platform_s.dir/ext/target/nordic_nrf/common/core/services/src/tfm_ioctl_core_s_api.o
[11/195] Building C object platform/CMakeFiles/platform_s.dir/home/pomo/git/STCP/STCPv2/zephyr/nordic/nrf/modules/trusted-firmware-m/tfm_boards/common/assert.o
[12/195] Building C object platform/CMakeFiles/platform_s.dir/home/pomo/git/STCP/STCPv2/zephyr/nordic/nrf/modules/trusted-firmware-m/tfm_boards/common/dummy_provisioning.o
[13/195] Building C object platform/CMakeFiles/platform_s.dir/ext/target/nordic_nrf/common/core/cmsis_drivers/Driver_USART.o
[14/195] Building C object platform/CMakeFiles/platform_s.dir/ext/target/nordic_nrf/common/core/services/src/tfm_platform_hal_ioctl.o
[15/195] Building C object platform/CMakeFiles/platform_s.dir/home/pomo/git/STCP/STCPv2/zephyr/nordic/nrf/modules/trusted-firmware-m/tfm_boards/common/tfm_hal_platform.o
[16/195] Building C object platform/CMakeFiles/platform_s.dir/home/pomo/git/STCP/STCPv2/zephyr/nordic/nrf/lib/hw_unique_key/hw_unique_key_cc3xx.o
[17/195] Building C object platform/CMakeFiles/platform_s.dir/home/pomo/git/STCP/STCPv2/zephyr/nordic/nrf/lib/hw_unique_key/hw_unique_key_cc3xx_kmu.o
[18/195] Building C object platform/CMakeFiles/platform_s.dir/home/pomo/git/STCP/STCPv2/zephyr/nordic/nrf/modules/trusted-firmware-m/tfm_boards/common/tfm_hal_reset_halt.o
[19/195] Building C object platform/CMakeFiles/platform_s.dir/ext/common/tfm_hal_ps.o
[20/195] Building C object platform/CMakeFiles/platform_s.dir/ext/common/tfm_hal_its.o
[21/195] Building C object platform/CMakeFiles/platform_s.dir/ext/common/tfm_hal_spm_logdev_peripheral.o
[22/195] Building C object platform/CMakeFiles/platform_s.dir/ext/common/exception_info.o
[23/195] Building C object platform/CMakeFiles/platform_s.dir/home/pomo/git/STCP/STCPv2/zephyr/nordic/nrf/modules/trusted-firmware-m/tfm_boards/common/ns_fault_service.o
[24/195] Building C object platform/CMakeFiles/platform_s.dir/home/pomo/git/STCP/STCPv2/zephyr/nordic/nrf/modules/trusted-firmware-m/tfm_boards/src/tfm_ioctl_s_api.o
[25/195] Building C object platform/CMakeFiles/platform_s.dir/ext/common/template/tfm_rotpk.o
[26/195] Building C object platform/CMakeFiles/platform_s.dir/ext/common/uart_stdout.o
[27/195] Building C object platform/CMakeFiles/platform_s.dir/ext/common/template/nv_counters.o
[28/195] Building C object platform/CMakeFiles/platform_s.dir/ext/common/template/tfm_shared_measurement_data.o
[29/195] Building C object platform/CMakeFiles/platform_s.dir/ext/common/tfm_boot_measurement.o
[30/195] Building C object platform/CMakeFiles/platform_s.dir/home/pomo/git/STCP/STCPv2/zephyr/nordic/nrf/modules/trusted-firmware-m/tfm_boards/src/tfm_platform_system.o
[31/195] Building C object platform/CMakeFiles/platform_s.dir/ext/common/syscalls_stub.o
[32/195] Building C object platform/CMakeFiles/platform_s.dir/__/lib/fih/src/fih.o
[33/195] Building C object platform/CMakeFiles/platform_s.dir/ext/common/template/otp_flash.o
[34/195] Building C object platform/CMakeFiles/platform_s.dir/__/lib/tfm_log/src/tfm_log.o
[35/195] Linking C static library platform/libplatform_crypto_keys.a
[36/195] Building C object secure_fw/partitions/platform/CMakeFiles/tfm_psa_rot_partition_platform.dir/__/__/__/generated/secure_fw/partitions/platform/auto_generated/intermedia_tfm_platform.o
[37/195] Building C object platform/CMakeFiles/platform_s.dir/ext/common/template/flash_otp_nv_counters_backend.o
[38/195] Building C object secure_fw/partitions/platform/CMakeFiles/tfm_psa_rot_partition_platform.dir/__/__/__/platform/ext/common/syscalls_stub.o
[39/195] Building C object platform/CMakeFiles/platform_s.dir/ext/common/tfm_fatal_error.o
[40/195] Building C object secure_fw/partitions/internal_trusted_storage/CMakeFiles/tfm_psa_rot_partition_its.dir/its_utils.o
[41/195] Building C object secure_fw/partitions/platform/CMakeFiles/tfm_psa_rot_partition_platform.dir/platform_sp.o
[42/195] Building C object secure_fw/partitions/internal_trusted_storage/CMakeFiles/tfm_psa_rot_partition_its.dir/tfm_its_req_mngr.o
[43/195] Building C object secure_fw/partitions/internal_trusted_storage/CMakeFiles/tfm_psa_rot_partition_its.dir/flash/its_flash.o
[44/195] Building C object secure_fw/partitions/internal_trusted_storage/CMakeFiles/tfm_psa_rot_partition_its.dir/tfm_internal_trusted_storage.o
[45/195] Building C object secure_fw/partitions/internal_trusted_storage/CMakeFiles/tfm_psa_rot_partition_its.dir/flash/its_flash_ram.o
[46/195] Building C object platform/CMakeFiles/platform_s.dir/home/pomo/git/STCP/STCPv2/zephyr/nordic/modules/hal/nordic/nrfx/drivers/src/nrfx_uarte.o
[47/195] Building C object secure_fw/partitions/internal_trusted_storage/CMakeFiles/tfm_psa_rot_partition_its.dir/flash/its_flash_nor.o
[48/195] Building C object secure_fw/partitions/internal_trusted_storage/CMakeFiles/tfm_psa_rot_partition_its.dir/flash_fs/its_flash_fs.o
[49/195] Building C object secure_fw/partitions/internal_trusted_storage/CMakeFiles/tfm_psa_rot_partition_its.dir/flash/its_flash_nand.o
[50/195] Building C object secure_fw/partitions/internal_trusted_storage/CMakeFiles/tfm_psa_rot_partition_its.dir/__/__/__/generated/secure_fw/partitions/internal_trusted_storage/auto_generated/intermedia_tfm_internal_trusted_storage.o
[51/195] Building C object secure_fw/partitions/internal_trusted_storage/CMakeFiles/tfm_psa_rot_partition_its.dir/flash_fs/its_flash_fs_dblock.o
[52/195] Building C object secure_fw/partitions/internal_trusted_storage/CMakeFiles/tfm_psa_rot_partition_its.dir/__/__/__/platform/ext/common/syscalls_stub.o
[53/195] Linking C static library platform/libplatform_s.a
[54/195] Linking C static library secure_fw/partitions/platform/libtfm_psa_rot_partition_platform.a
[55/195] Building C object secure_fw/partitions/protected_storage/CMakeFiles/tfm_app_rot_partition_ps.dir/ps_utils.o
[56/195] Building C object secure_fw/partitions/protected_storage/CMakeFiles/tfm_app_rot_partition_ps.dir/ps_object_system.o
[57/195] Building C object secure_fw/partitions/protected_storage/CMakeFiles/tfm_app_rot_partition_ps.dir/tfm_ps_req_mngr.o
[58/195] Building C object secure_fw/partitions/protected_storage/CMakeFiles/tfm_app_rot_partition_ps.dir/tfm_protected_storage.o
[59/195] Building C object secure_fw/partitions/protected_storage/CMakeFiles/tfm_app_rot_partition_ps.dir/__/__/__/generated/secure_fw/partitions/protected_storage/auto_generated/intermedia_tfm_protected_storage.o
[60/195] Building C object secure_fw/partitions/protected_storage/CMakeFiles/tfm_app_rot_partition_ps.dir/nv_counters/ps_nv_counters.o
[61/195] Building C object secure_fw/partitions/protected_storage/CMakeFiles/tfm_app_rot_partition_ps.dir/ps_encrypted_object.o
[62/195] Building C object secure_fw/partitions/protected_storage/CMakeFiles/tfm_app_rot_partition_ps.dir/ps_object_table.o
[63/195] Building C object secure_fw/partitions/internal_trusted_storage/CMakeFiles/tfm_psa_rot_partition_its.dir/flash_fs/its_flash_fs_mblock.o
[64/195] Building C object secure_fw/partitions/protected_storage/CMakeFiles/tfm_app_rot_partition_ps.dir/__/__/__/generated/secure_fw/partitions/crypto/auto_generated/load_info_tfm_crypto.o
[65/195] Building C object secure_fw/partitions/protected_storage/CMakeFiles/tfm_app_rot_partition_ps.dir/__/__/__/platform/ext/common/syscalls_stub.o
[66/195] Linking C static library secure_fw/partitions/internal_trusted_storage/libtfm_psa_rot_partition_its.a
[67/195] Building C object secure_fw/partitions/protected_storage/CMakeFiles/tfm_app_rot_partition_ps.dir/__/__/__/generated/secure_fw/partitions/platform/auto_generated/load_info_tfm_platform.o
[68/195] Building C object secure_fw/partitions/crypto/tfpsacrypto/nrf_security_src/drivers/nrf_oberon/CMakeFiles/oberon_psa_driver.dir/home/pomo/git/STCP/STCPv2/zephyr/nordic/modules/crypto/oberon-psa-crypto/oberon/drivers/oberon_helpers.o
[69/195] Building C object secure_fw/partitions/protected_storage/CMakeFiles/tfm_app_rot_partition_ps.dir/crypto/ps_crypto_interface.o
[70/195] Building C object secure_fw/partitions/protected_storage/CMakeFiles/tfm_app_rot_partition_ps.dir/__/__/__/generated/secure_fw/partitions/protected_storage/auto_generated/load_info_tfm_protected_storage.o
[71/195] Building C object secure_fw/partitions/protected_storage/CMakeFiles/tfm_app_rot_partition_ps.dir/__/__/__/generated/secure_fw/partitions/internal_trusted_storage/auto_generated/load_info_tfm_internal_trusted_storage.o
[72/195] Building C object secure_fw/partitions/crypto/tfpsacrypto/nrf_security_src/drivers/nrf_oberon/CMakeFiles/oberon_psa_driver.dir/home/pomo/git/STCP/STCPv2/zephyr/nordic/modules/crypto/oberon-psa-crypto/oberon/drivers/oberon_ecdsa.o
[73/195] Building C object secure_fw/partitions/crypto/tfpsacrypto/nrf_security_src/drivers/nrf_oberon/CMakeFiles/oberon_psa_driver.dir/home/pomo/git/STCP/STCPv2/zephyr/nordic/modules/crypto/oberon-psa-crypto/oberon/drivers/oberon_ecdh.o
[74/195] Building C object secure_fw/partitions/crypto/tfpsacrypto/nrf_security_src/drivers/nrf_oberon/CMakeFiles/oberon_psa_driver.dir/home/pomo/git/STCP/STCPv2/zephyr/nordic/modules/crypto/oberon-psa-crypto/oberon/drivers/oberon_jpake.o
[75/195] Building C object secure_fw/partitions/crypto/tfpsacrypto/nrf_security_src/drivers/nrf_oberon/CMakeFiles/oberon_psa_driver.dir/home/pomo/git/STCP/STCPv2/zephyr/nordic/modules/crypto/oberon-psa-crypto/oberon/drivers/oberon_eddsa.o
[76/195] Building C object secure_fw/partitions/crypto/tfpsacrypto/nrf_security_src/drivers/nrf_oberon/CMakeFiles/oberon_psa_driver.dir/home/pomo/git/STCP/STCPv2/zephyr/nordic/modules/crypto/oberon-psa-crypto/oberon/drivers/oberon_spake2p.o
[77/195] Building C object secure_fw/partitions/crypto/tfpsacrypto/nrf_security_src/drivers/nrf_oberon/CMakeFiles/oberon_psa_driver.dir/home/pomo/git/STCP/STCPv2/zephyr/nordic/modules/crypto/oberon-psa-crypto/oberon/drivers/oberon_srp.o
[78/195] Building C object secure_fw/partitions/crypto/tfpsacrypto/nrf_security_src/drivers/nrf_oberon/CMakeFiles/oberon_psa_driver.dir/home/pomo/git/STCP/STCPv2/zephyr/nordic/modules/crypto/oberon-psa-crypto/oberon/drivers/oberon_wpa3_sae.o
[79/195] Building C object secure_fw/partitions/crypto/tfpsacrypto/nrf_security_src/drivers/nrf_oberon/CMakeFiles/oberon_psa_driver.dir/home/pomo/git/STCP/STCPv2/zephyr/nordic/modules/crypto/oberon-psa-crypto/oberon/drivers/oberon_ec_keys.o
[80/195] Building C object secure_fw/partitions/protected_storage/CMakeFiles/tfm_app_rot_partition_ps.dir/__/ns_agent_tz/load_info_ns_agent_tz.o
[81/195] Building C object secure_fw/partitions/crypto/tfpsacrypto/nrf_security_src/drivers/nrf_oberon/CMakeFiles/oberon_psa_driver.dir/home/pomo/git/STCP/STCPv2/zephyr/nordic/modules/crypto/oberon-psa-crypto/oberon/drivers/oberon_ml_dsa.o
[82/195] Building C object secure_fw/partitions/crypto/tfpsacrypto/nrf_security_src/drivers/nrf_oberon/CMakeFiles/oberon_psa_driver.dir/home/pomo/git/STCP/STCPv2/zephyr/nordic/modules/crypto/oberon-psa-crypto/oberon/drivers/oberon_ml_kem.o
[83/195] Building C object secure_fw/partitions/crypto/tfpsacrypto/nrf_security_src/drivers/nrf_oberon/CMakeFiles/oberon_psa_driver.dir/home/pomo/git/STCP/STCPv2/zephyr/nordic/modules/crypto/oberon-psa-crypto/oberon/drivers/oberon_lms.o
[84/195] Building C object secure_fw/partitions/crypto/tfpsacrypto/nrf_security_src/drivers/nrf_oberon/CMakeFiles/oberon_psa_driver.dir/home/pomo/git/STCP/STCPv2/zephyr/nordic/modules/crypto/oberon-psa-crypto/oberon/drivers/oberon_key_derivation.o
[85/195] Building C object secure_fw/partitions/crypto/tfpsacrypto/nrf_security_src/drivers/nrf_oberon/CMakeFiles/oberon_psa_driver.dir/home/pomo/git/STCP/STCPv2/zephyr/nordic/modules/crypto/oberon-psa-crypto/oberon/drivers/oberon_aead.o
[86/195] Building C object secure_fw/partitions/crypto/tfpsacrypto/nrf_security_src/drivers/nrf_oberon/CMakeFiles/oberon_psa_driver.dir/home/pomo/git/STCP/STCPv2/zephyr/nordic/modules/crypto/oberon-psa-crypto/oberon/drivers/oberon_rsa.o
[87/195] Linking C static library secure_fw/partitions/protected_storage/libtfm_app_rot_partition_ps.a
[88/195] Building C object secure_fw/partitions/crypto/tfpsacrypto/nrf_security_src/drivers/nrf_oberon/CMakeFiles/oberon_psa_driver.dir/home/pomo/git/STCP/STCPv2/zephyr/nordic/modules/crypto/oberon-psa-crypto/oberon/drivers/oberon_xmss.o
[89/195] Building C object secure_fw/partitions/crypto/tfpsacrypto/nrf_security_src/drivers/nrf_oberon/CMakeFiles/oberon_psa_driver.dir/home/pomo/git/STCP/STCPv2/zephyr/nordic/modules/crypto/oberon-psa-crypto/oberon/drivers/oberon_mac.o
[90/195] Building C object secure_fw/partitions/crypto/tfpsacrypto/nrf_security_src/drivers/nrf_oberon/CMakeFiles/oberon_psa_driver.dir/home/pomo/git/STCP/STCPv2/zephyr/nordic/modules/crypto/oberon-psa-crypto/oberon/drivers/oberon_hash.o
[91/195] Building C object secure_fw/partitions/crypto/tfpsacrypto/nrf_security_src/core/nrf_oberon/CMakeFiles/psa_core.dir/home/pomo/git/STCP/STCPv2/zephyr/nordic/modules/crypto/oberon-psa-crypto/platform/platform.o
[92/195] Building C object secure_fw/partitions/crypto/tfpsacrypto/nrf_security_src/core/nrf_oberon/CMakeFiles/psa_core.dir/home/pomo/git/STCP/STCPv2/zephyr/nordic/modules/crypto/oberon-psa-crypto/platform/platform_util.o
[93/195] Building C object secure_fw/partitions/crypto/tfpsacrypto/nrf_security_src/core/nrf_oberon/CMakeFiles/psa_core.dir/home/pomo/git/STCP/STCPv2/zephyr/nordic/modules/crypto/oberon-psa-crypto/core/psa_crypto_client.o
[94/195] Building C object secure_fw/partitions/crypto/tfpsacrypto/nrf_security_src/core/nrf_oberon/CMakeFiles/psa_core.dir/home/pomo/git/STCP/STCPv2/zephyr/nordic/modules/crypto/oberon-psa-crypto/utilities/constant_time.o
[95/195] Linking C static library secure_fw/partitions/crypto/tfpsacrypto/nrf_security_src/drivers/nrf_oberon/liboberon_psa_driver.a
[96/195] Building C object secure_fw/partitions/crypto/tfpsacrypto/nrf_security_src/CMakeFiles/nrf_security_utils.dir/utils/nrf_security_mutexes.o
[97/195] Building C object secure_fw/partitions/crypto/tfpsacrypto/nrf_security_src/core/nrf_oberon/CMakeFiles/psa_core.dir/home/pomo/git/STCP/STCPv2/zephyr/nordic/modules/crypto/oberon-psa-crypto/core/psa_crypto_slot_management.o
[98/195] Building C object secure_fw/partitions/crypto/tfpsacrypto/nrf_security_src/core/nrf_oberon/CMakeFiles/psa_core.dir/home/pomo/git/STCP/STCPv2/zephyr/nordic/modules/crypto/oberon-psa-crypto/core/psa_crypto_storage.o
[99/195] Building C object secure_fw/partitions/crypto/tfpsacrypto/nrf_security_src/CMakeFiles/nrf_security_utils.dir/utils/nrf_security_events.o
[100/195] Building C object secure_fw/partitions/crypto/tfpsacrypto/nrf_security_src/CMakeFiles/nrf_security_utils.dir/utils/nrf_security_core.o
[101/195] Building C object secure_fw/partitions/crypto/tfpsacrypto/nrf_security_src/CMakeFiles/nrf_security_utils.dir/utils/nrf_security_mem_helpers.o
[102/195] Building C object secure_fw/partitions/crypto/tfpsacrypto/nrf_security_src/CMakeFiles/crypto_service_tfpsacrypto.dir/home/pomo/git/STCP/STCPv2/zephyr/nordic/modules/crypto/oberon-psa-crypto/platform/memory_buffer_alloc.o
[103/195] Building C object secure_fw/partitions/crypto/CMakeFiles/tfm_psa_rot_partition_crypto.dir/crypto_alloc.o
[104/195] Building C object secure_fw/partitions/crypto/CMakeFiles/tfm_psa_rot_partition_crypto.dir/crypto_cipher.o
[105/195] Building C object secure_fw/partitions/crypto/CMakeFiles/tfm_psa_rot_partition_crypto.dir/crypto_hash.o
[106/195] Building C object secure_fw/partitions/crypto/CMakeFiles/tfm_psa_rot_partition_crypto.dir/crypto_init.o
[107/195] Building C object secure_fw/partitions/crypto/tfpsacrypto/nrf_security_src/core/nrf_oberon/CMakeFiles/psa_core.dir/home/pomo/git/STCP/STCPv2/zephyr/nordic/nrf/subsys/nrf_security/src/psa_crypto_driver_wrappers.o
[108/195] Building C object secure_fw/partitions/crypto/CMakeFiles/tfm_psa_rot_partition_crypto.dir/crypto_mac.o
[109/195] Building C object secure_fw/partitions/crypto/CMakeFiles/tfm_psa_rot_partition_crypto.dir/crypto_aead.o
[110/195] Building C object secure_fw/partitions/crypto/CMakeFiles/tfm_psa_rot_partition_crypto.dir/crypto_asymmetric.o
[111/195] Building C object secure_fw/partitions/crypto/CMakeFiles/tfm_psa_rot_partition_crypto.dir/crypto_rng.o
[112/195] Building C object secure_fw/partitions/crypto/CMakeFiles/tfm_psa_rot_partition_crypto.dir/crypto_library.o
[113/195] Building C object secure_fw/partitions/crypto/CMakeFiles/tfm_psa_rot_partition_crypto.dir/crypto_key_derivation.o
[114/195] Building C object secure_fw/partitions/crypto/CMakeFiles/tfm_psa_rot_partition_crypto.dir/__/__/__/generated/secure_fw/partitions/crypto/auto_generated/intermedia_tfm_crypto.o
[115/195] Building C object secure_fw/partitions/crypto/CMakeFiles/tfm_psa_rot_partition_crypto.dir/crypto_key_management.o
[116/195] Building C object secure_fw/partitions/lib/runtime/CMakeFiles/tfm_sprt.dir/__/__/__/__/platform/ext/common/syscalls_stub.o
[117/195] Building C object secure_fw/partitions/lib/runtime/CMakeFiles/tfm_sprt.dir/crt_memcmp.o
[118/195] Building C object secure_fw/partitions/crypto/CMakeFiles/tfm_psa_rot_partition_crypto.dir/crypto_pake.o
[119/195] Building C object secure_fw/partitions/lib/runtime/CMakeFiles/tfm_sprt.dir/crt_strnlen.o
[120/195] Building C object secure_fw/partitions/lib/runtime/CMakeFiles/tfm_sprt.dir/crt_memmove.o
[121/195] Building C object secure_fw/partitions/crypto/CMakeFiles/tfm_psa_rot_partition_crypto.dir/psa_driver_api/tfm_builtin_key_loader.o
[122/195] Building C object secure_fw/partitions/lib/runtime/CMakeFiles/tfm_sprt.dir/crt_exit.o
[123/195] Building C object secure_fw/partitions/lib/runtime/CMakeFiles/tfm_sprt.dir/crt_strlen.o
[124/195] Building C object secure_fw/partitions/crypto/CMakeFiles/tfm_psa_rot_partition_crypto.dir/crypto_key_wrapping.o
[125/195] Building C object secure_fw/partitions/lib/runtime/CMakeFiles/tfm_sprt.dir/crt_vprintf.o
[126/195] Building C object secure_fw/partitions/lib/runtime/CMakeFiles/tfm_sprt.dir/service_api.o
[127/195] Building C object secure_fw/partitions/lib/runtime/CMakeFiles/tfm_sprt.dir/assert.o
[128/195] Building C object secure_fw/partitions/lib/runtime/CMakeFiles/tfm_sprt.dir/__/__/__/shared/crt_memset.o
[129/195] Building C object secure_fw/partitions/lib/runtime/CMakeFiles/tfm_sprt.dir/__/__/__/shared/crt_memcpy.o
[130/195] Building C object secure_fw/partitions/lib/runtime/CMakeFiles/tfm_sprt.dir/__/__/__/shared/crt_strncmp.o
[131/195] Building C object secure_fw/partitions/lib/runtime/CMakeFiles/tfm_sprt.dir/sprt_partition_metadata_indicator.o
[132/195] Building C object secure_fw/partitions/lib/runtime/CMakeFiles/tfm_sprt.dir/sfn_common_thread.o
[133/195] Building C object secure_fw/partitions/lib/runtime/CMakeFiles/tfm_sprt.dir/crt_start.o
[134/195] Building C object secure_fw/partitions/lib/runtime/CMakeFiles/tfm_sprt.dir/psa_api_ipc.o
[135/195] Building C object secure_fw/partitions/lib/runtime/CMakeFiles/tfm_sprt.dir/__/__/__/__/interface/src/tfm_its_api.o
[136/195] Building C object secure_fw/partitions/lib/runtime/CMakeFiles/tfm_sprt.dir/__/__/__/__/interface/src/tfm_platform_api.o
[137/195] Building C object secure_fw/partitions/lib/runtime/CMakeFiles/tfm_sprt.dir/__/__/__/__/interface/src/tfm_ps_api.o
[138/195] Building C object secure_fw/partitions/lib/runtime/CMakeFiles/tfm_sprt.dir/__/__/__/__/interface/src/tfm_psa_call.o
[139/195] Building C object secure_fw/partitions/lib/runtime/CMakeFiles/tfm_sprt.dir/__/__/__/__/platform/ext/common/tfm_hal_sp_logdev_periph.o
[140/195] Building C object secure_fw/partitions/lib/runtime/CMakeFiles/tfm_sprt.dir/__/__/__/spm/core/psa_interface_thread_fn_call.o
[141/195] Building C object secure_fw/partitions/lib/runtime/CMakeFiles/tfm_sprt.dir/__/__/__/__/lib/tfm_log_unpriv/src/tfm_log_unpriv.o
[142/195] Building C object secure_fw/spm/CMakeFiles/tfm_spm.dir/core/utilities.o
[143/195] Building C object secure_fw/partitions/lib/runtime/CMakeFiles/tfm_sprt.dir/__/__/__/__/lib/tfm_vprintf/src/tfm_vprintf.o
[144/195] Building C object secure_fw/spm/CMakeFiles/tfm_spm.dir/core/tfm_boot_data.o
[145/195] Building C object secure_fw/spm/CMakeFiles/tfm_spm.dir/core/arch/tfm_arch.o
[146/195] Building C object secure_fw/spm/CMakeFiles/tfm_spm.dir/core/spm_ipc.o
[147/195] Building C object secure_fw/spm/CMakeFiles/tfm_spm.dir/core/main.o
[148/195] Building C object secure_fw/spm/CMakeFiles/tfm_spm.dir/core/rom_loader.o
[149/195] Building C object secure_fw/partitions/lib/runtime/CMakeFiles/tfm_sprt.dir/__/__/__/__/interface/src/tfm_crypto_api.o
[150/195] Building C object secure_fw/spm/CMakeFiles/tfm_spm.dir/core/psa_api.o
[151/195] Building C object secure_fw/partitions/crypto/tfpsacrypto/nrf_security_src/core/nrf_oberon/CMakeFiles/psa_core.dir/home/pomo/git/STCP/STCPv2/zephyr/nordic/modules/crypto/oberon-psa-crypto/core/psa_crypto.o
[152/195] Building C object secure_fw/spm/CMakeFiles/tfm_spm.dir/core/psa_version_api.o
[153/195] Linking C static library secure_fw/partitions/crypto/tfpsacrypto/nrf_security_src/core/nrf_oberon/libpsa_core.a
[154/195] Building C object secure_fw/spm/CMakeFiles/tfm_spm.dir/core/psa_call_api.o
[155/195] Linking C static library secure_fw/partitions/crypto/tfpsacrypto/nrf_security_src/libnrf_security_utils.a
[156/195] Linking C static library secure_fw/partitions/crypto/tfpsacrypto/nrf_security_src/libcrypto_service_tfpsacrypto.a
[157/195] Linking C static library secure_fw/partitions/crypto/libtfm_psa_rot_partition_crypto.a
[158/195] Building C object secure_fw/spm/CMakeFiles/tfm_spm.dir/core/psa_read_write_skip_api.o
[159/195] Building C object secure_fw/spm/CMakeFiles/tfm_spm.dir/ns_client_ext/tfm_spm_ns_ctx.o
[160/195] Building C object secure_fw/spm/CMakeFiles/tfm_spm.dir/core/tfm_pools.o
[161/195] Building C object secure_fw/spm/CMakeFiles/tfm_spm.dir/core/thread.o
[162/195] Building C object secure_fw/spm/CMakeFiles/tfm_spm.dir/core/tfm_svcalls.o
[163/195] Building C object secure_fw/spm/CMakeFiles/tfm_spm.dir/core/backend_ipc.o
[164/195] Building C object secure_fw/spm/CMakeFiles/tfm_spm.dir/core/arch/tfm_arch_v8m_main.o
[165/195] Building C object secure_fw/spm/CMakeFiles/tfm_spm.dir/__/__/platform/ext/common/tfm_hal_nvic.o
[166/195] Building C object secure_fw/spm/CMakeFiles/tfm_spm.dir/__/__/platform/ext/target/nordic_nrf/common/core/tfm_hal_isolation.o
[167/195] Building C object secure_fw/spm/CMakeFiles/tfm_spm.dir/core/spm_connection_pool.o
[168/195] Building C object secure_fw/spm/CMakeFiles/tfm_spm.dir/__/partitions/ns_agent_tz/ns_agent_tz_v80m.o
[169/195] Building C object secure_fw/spm/CMakeFiles/tfm_spm.dir/__/__/platform/ext/target/nordic_nrf/common/core/faults.o
[170/195] Building C object secure_fw/spm/CMakeFiles/tfm_spm.dir/__/__/platform/ext/target/nordic_nrf/common/core/tfm_hal_platform_common.o
[171/195] Building C object secure_fw/spm/CMakeFiles/tfm_spm.dir/__/__/platform/ext/target/nordic_nrf/common/core/secure_peripherals_defs.o
[172/195] Building C object secure_fw/spm/CMakeFiles/tfm_spm.dir/__/__/platform/ext/target/nordic_nrf/common/core/target_cfg.o
[173/195] Building C object secure_fw/spm/CMakeFiles/tfm_spm.dir/__/__/generated/secure_fw/partitions/internal_trusted_storage/auto_generated/load_info_tfm_internal_trusted_storage.o
[174/195] Building C object secure_fw/spm/CMakeFiles/tfm_spm.dir/__/__/generated/secure_fw/partitions/protected_storage/auto_generated/load_info_tfm_protected_storage.o
[175/195] Building C object secure_fw/spm/CMakeFiles/tfm_spm.dir/__/__/platform/ext/target/nordic_nrf/common/core/target_cfg_53_91.o
[176/195] Building C object secure_fw/spm/CMakeFiles/tfm_spm.dir/__/__/platform/ext/common/syscalls_stub.o
[177/195] Linking C static library secure_fw/partitions/lib/runtime/libtfm_sprt.a
[178/195] Building C object secure_fw/spm/CMakeFiles/tfm_spm.dir/__/__/generated/secure_fw/partitions/crypto/auto_generated/load_info_tfm_crypto.o
[179/195] Building C object secure_fw/spm/CMakeFiles/tfm_spm.dir/__/__/generated/secure_fw/partitions/platform/auto_generated/load_info_tfm_platform.o
[180/195] Building C object secure_fw/spm/CMakeFiles/tfm_spm.dir/__/partitions/ns_agent_tz/load_info_ns_agent_tz.o
[181/195] Building C object secure_fw/CMakeFiles/tfm_s.dir/__/platform/ext/target/nordic_nrf/common/core/startup.o
[182/195] Building C object secure_fw/CMakeFiles/tfm_s.dir/__/platform/ext/common/faults.o
[183/195] Building C object secure_fw/CMakeFiles/tfm_s.dir/partitions/ns_agent_tz/psa_api_veneers_v80m.o
[184/195] Building C object secure_fw/CMakeFiles/tfm_s.dir/__/platform/ext/target/nordic_nrf/common/core/startup_nrf91.o
[185/195] Building C object secure_fw/CMakeFiles/tfm_s.dir/__/generated/secure_fw/partitions/crypto/auto_generated/load_info_tfm_crypto.o
[186/195] Building C object secure_fw/CMakeFiles/tfm_s.dir/__/platform/ext/common/syscalls_stub.o
[187/195] Building C object secure_fw/CMakeFiles/tfm_s.dir/__/generated/secure_fw/partitions/protected_storage/auto_generated/load_info_tfm_protected_storage.o
[188/195] Linking C static library secure_fw/spm/libtfm_spm.a
[189/195] Building C object platform/target/nrf91/nrf_common/CMakeFiles/tfm_s_scatter.dir/__/__/__/__/generated/platform/ext/common/gcc/tfm_common_s.ld
[190/195] Building C object secure_fw/CMakeFiles/tfm_s.dir/__/generated/secure_fw/partitions/internal_trusted_storage/auto_generated/load_info_tfm_internal_trusted_storage.o
[191/195] Building C object secure_fw/CMakeFiles/tfm_s.dir/partitions/ns_agent_tz/load_info_ns_agent_tz.o
[192/195] Building C object secure_fw/CMakeFiles/tfm_s.dir/__/generated/secure_fw/partitions/platform/auto_generated/load_info_tfm_platform.o
[193/195] Linking C executable bin/tfm_s.axf
Memory region         Used Size  Region Size  %age Used
           FLASH:       97748 B       256 KB     37.29%
             RAM:       45968 B        88 KB     51.01%
[194/195] Generating ../bin/tfm_s.bin, ../bin/tfm_s.elf, ../bin/tfm_s.hex
[195/195] Linking C static library secure_fw/libtfm_s_veneers.a
[19/331] Performing install step for 'tfm'
-- Install configuration: "MinSizeRel"
----- Installing platform NS -----
[20/331] Completed 'tfm'
[21/331] Building C object zephyr/lib/heap/CMakeFiles/heap_constants.dir/heap_constants.c.obj
[22/331] Generating ../../include/generated/zephyr/heap_constants.h
[23/331] Building C object zephyr/CMakeFiles/offsets.dir/arch/arm/core/offsets/offsets.c.obj
[24/331] Generating include/generated/zephyr/offsets.h
[25/331] Building C object modules/nrf/subsys/nrf_security/src/CMakeFiles/mbedcrypto.dir/home/pomo/git/STCP/STCPv2/zephyr/nordic/modules/crypto/oberon-psa-crypto/utilities/asn1parse.c.obj
[26/331] Building C object modules/nrf/subsys/nrf_security/src/CMakeFiles/mbedcrypto.dir/home/pomo/git/STCP/STCPv2/zephyr/nordic/modules/crypto/oberon-psa-crypto/utilities/asn1write.c.obj
[27/331] Building C object modules/nrf/subsys/nrf_security/src/CMakeFiles/nrf_security_utils.dir/utils/nrf_security_mem_helpers.c.obj
[28/331] Building C object modules/nrf/subsys/nrf_security/src/CMakeFiles/mbedcrypto.dir/home/pomo/git/STCP/STCPv2/zephyr/nordic/modules/crypto/oberon-psa-crypto/platform/memory_buffer_alloc.c.obj
[29/331] Building C object modules/nrf/subsys/nrf_security/src/CMakeFiles/mbedcrypto.dir/home/pomo/git/STCP/STCPv2/zephyr/nordic/modules/crypto/oberon-psa-crypto/utilities/base64.c.obj
[30/331] Building C object modules/nrf/subsys/nrf_security/src/CMakeFiles/mbedcrypto.dir/home/pomo/git/STCP/STCPv2/zephyr/nordic/modules/crypto/oberon-psa-crypto/utilities/pem.c.obj
[31/331] Building C object modules/nrf/subsys/nrf_security/src/CMakeFiles/mbedcrypto.dir/home/pomo/git/STCP/STCPv2/zephyr/nordic/modules/crypto/oberon-psa-crypto/utilities/pkcs5.c.obj
[32/331] Building C object modules/nrf/subsys/nrf_security/src/CMakeFiles/mbedcrypto.dir/home/pomo/git/STCP/STCPv2/zephyr/nordic/modules/crypto/oberon-psa-crypto/utilities/oid.c.obj
[33/331] Building C object modules/nrf/subsys/nrf_security/src/CMakeFiles/nrf_security_utils.dir/utils/nrf_security_mutexes.c.obj
[34/331] Building C object modules/nrf/subsys/nrf_security/src/CMakeFiles/nrf_security_utils.dir/utils/nrf_security_core.c.obj
[35/331] Building C object modules/nrf/subsys/nrf_security/src/CMakeFiles/mbedcrypto.dir/home/pomo/git/STCP/STCPv2/zephyr/nordic/modules/crypto/oberon-psa-crypto/legacy_sub/src/bignum_core.c.obj
[36/331] Building C object modules/nrf/subsys/nrf_security/src/CMakeFiles/mbedcrypto.dir/home/pomo/git/STCP/STCPv2/zephyr/nordic/modules/crypto/oberon-psa-crypto/legacy_sub/src/bignum.c.obj
[37/331] Building C object modules/nrf/subsys/nrf_security/src/CMakeFiles/nrf_security_utils.dir/utils/nrf_security_events.c.obj
[38/331] Building C object modules/nrf/subsys/nrf_security/src/CMakeFiles/mbedcrypto.dir/home/pomo/git/STCP/STCPv2/zephyr/nordic/modules/crypto/oberon-psa-crypto/legacy_sub/src/ecp.c.obj
[39/331] Building C object modules/nrf/subsys/nrf_security/src/CMakeFiles/mbedcrypto.dir/home/pomo/git/STCP/STCPv2/zephyr/nordic/modules/crypto/oberon-psa-crypto/legacy_sub/src/ecp_curves.c.obj
[40/331] Building C object modules/nrf/subsys/nrf_security/src/CMakeFiles/mbedcrypto.dir/home/pomo/git/STCP/STCPv2/zephyr/nordic/modules/crypto/oberon-psa-crypto/extras/nist_kw.c.obj
[41/331] Building C object modules/nrf/subsys/nrf_security/src/CMakeFiles/mbedcrypto.dir/home/pomo/git/STCP/STCPv2/zephyr/nordic/modules/crypto/oberon-psa-crypto/extras/pk.c.obj
[42/331] Building C object modules/nrf/subsys/nrf_security/src/CMakeFiles/mbedcrypto.dir/home/pomo/git/STCP/STCPv2/zephyr/nordic/modules/crypto/oberon-psa-crypto/extras/md.c.obj
[43/331] Building C object modules/nrf/subsys/nrf_security/src/CMakeFiles/mbedcrypto.dir/home/pomo/git/STCP/STCPv2/zephyr/nordic/modules/crypto/oberon-psa-crypto/extras/pk_ecc.c.obj
[44/331] Building C object modules/nrf/subsys/nrf_security/src/CMakeFiles/mbedcrypto.dir/home/pomo/git/STCP/STCPv2/zephyr/nordic/modules/crypto/oberon-psa-crypto/extras/pk_wrap.c.obj
[45/331] Building C object modules/nrf/subsys/nrf_security/src/CMakeFiles/mbedcrypto.dir/home/pomo/git/STCP/STCPv2/zephyr/nordic/modules/crypto/oberon-psa-crypto/extras/pk_rsa.c.obj
[46/331] Building C object modules/nrf/subsys/nrf_security/src/CMakeFiles/mbedcrypto.dir/home/pomo/git/STCP/STCPv2/zephyr/nordic/modules/crypto/oberon-psa-crypto/extras/pkwrite.c.obj
[47/331] Building C object modules/nrf/subsys/nrf_security/src/CMakeFiles/mbedcrypto.dir/home/pomo/git/STCP/STCPv2/zephyr/nordic/modules/crypto/oberon-psa-crypto/legacy_sub/src/psa_util_internal.c.obj
[48/331] Building C object modules/nrf/subsys/nrf_security/src/CMakeFiles/mbedcrypto.dir/home/pomo/git/STCP/STCPv2/zephyr/nordic/modules/crypto/oberon-psa-crypto/extras/pkparse.c.obj
[49/331] Linking C static library modules/nrf/subsys/nrf_security/src/libnrf_security_utils.a
[50/331] Building C object modules/mbedtls/mbedtls/library/CMakeFiles/mbedx509.dir/error.c.obj
[51/331] Building C object modules/nrf/subsys/nrf_security/src/CMakeFiles/mbedcrypto.dir/home/pomo/git/STCP/STCPv2/zephyr/nordic/modules/crypto/oberon-psa-crypto/platform/platform_util.c.obj
[52/331] Building C object modules/nrf/subsys/nrf_security/src/CMakeFiles/mbedcrypto.dir/home/pomo/git/STCP/STCPv2/zephyr/nordic/modules/crypto/oberon-psa-crypto/core/psa_util.c.obj
[53/331] Building C object modules/mbedtls/mbedtls/library/CMakeFiles/mbedx509.dir/mbedtls_config.c.obj
[54/331] Building C object modules/mbedtls/mbedtls/library/CMakeFiles/mbedx509.dir/x509_crl.c.obj
[55/331] Building C object modules/mbedtls/mbedtls/library/CMakeFiles/mbedx509.dir/x509.c.obj
[56/331] Building C object modules/mbedtls/mbedtls/library/CMakeFiles/mbedx509.dir/x509_create.c.obj
[57/331] Building C object modules/nrf/subsys/nrf_security/src/CMakeFiles/mbedcrypto.dir/home/pomo/git/STCP/STCPv2/zephyr/nordic/modules/crypto/oberon-psa-crypto/utilities/constant_time.c.obj
[58/331] Building C object modules/mbedtls/mbedtls/library/CMakeFiles/mbedx509.dir/pkcs7.c.obj
[59/331] Building C object modules/mbedtls/mbedtls/library/CMakeFiles/mbedx509.dir/x509_crt.c.obj
[60/331] Linking C static library modules/nrf/subsys/nrf_security/src/libmbedcrypto.a
[61/331] Building C object modules/mbedtls/mbedtls/library/CMakeFiles/mbedx509.dir/x509_csr.c.obj
[62/331] Building C object modules/mbedtls/mbedtls/library/CMakeFiles/mbedx509.dir/x509_oid.c.obj
[63/331] Building C object modules/mbedtls/mbedtls/library/CMakeFiles/mbedx509.dir/x509write_crt.c.obj
[64/331] Building C object modules/mbedtls/mbedtls/library/CMakeFiles/mbedx509.dir/x509write.c.obj
[65/331] Building C object modules/mbedtls/mbedtls/library/CMakeFiles/mbedx509.dir/x509write_csr.c.obj
[66/331] Building C object modules/trusted-firmware-m/CMakeFiles/tfm_api.dir/src/zephyr_tfm_log.c.obj
[67/331] Building C object zephyr/arch/common/CMakeFiles/isr_tables.dir/isr_tables.c.obj
[68/331] Building C object modules/trusted-firmware-m/CMakeFiles/tfm_api.dir/__/__/tfm/api_ns/interface/src/tfm_platform_api.c.obj
[69/331] Building C object modules/trusted-firmware-m/CMakeFiles/tfm_api.dir/__/__/tfm/api_ns/interface/src/tfm_ps_api.c.obj
[70/331] Building C object modules/trusted-firmware-m/CMakeFiles/tfm_api.dir/__/__/tfm/api_ns/interface/src/tfm_its_api.c.obj
[71/331] Building C object modules/trusted-firmware-m/CMakeFiles/tfm_api.dir/__/__/tfm/api_ns/interface/src/tfm_tz_psa_ns_api.c.obj
[72/331] Building C object CMakeFiles/app.dir/home/pomo/git/STCP/STCPv2/zephyr/nordic/nrfxlib/nrf_modem/shmem.c.obj
[73/331] Building C object modules/trusted-firmware-m/CMakeFiles/tfm_api.dir/interface/interface.c.obj
[74/331] Building C object CMakeFiles/app.dir/src/main.c.obj
[75/331] Building C object modules/trusted-firmware-m/CMakeFiles/tfm_api.dir/__/__/tfm/api_ns/interface/src/tfm_ioctl_core_ns_api.c.obj
[76/331] Building C object CMakeFiles/app.dir/src/mqtt_codec.c.obj
/home/pomo/git/STCP/STCPv2/zephyr/nordic/stcp-mqtt/src/mqtt_codec.c: In function 'mqtt_send_publish_qos1':
/home/pomo/git/STCP/STCPv2/zephyr/nordic/stcp-mqtt/src/mqtt_codec.c:11:112: warning: unused variable 'h' [-Wunused-variable]
   11 | int mqtt_send_publish_qos1(int fd,const char *topic,const void *payload,size_t len,uint16_t id){uint8_t b[768],h[5];size_t n=0;n+=put_str(b+n,topic);b[n++]=id>>8;b[n++]=id;if(n+len>sizeof(b)-5)return -EMSGSIZE;memcpy(b+n,payload,len);n+=len;uint8_t out[773];out[0]=0x32;size_t hn=1+enc_rem(out+1,n);memcpy(out+hn,b,n);return send_all(fd,out,hn+n);}
      |                                                                                                                ^
[77/331] Building C object zephyr/CMakeFiles/zephyr.dir/lib/libc/validate_libc.c.obj
[78/331] Building C object CMakeFiles/app.dir/src/mqtt_proxy.c.obj
[79/331] Building C object modules/trusted-firmware-m/CMakeFiles/tfm_api.dir/__/__/tfm/api_ns/interface/src/tfm_crypto_api.c.obj
[80/331] Building C object zephyr/CMakeFiles/zephyr.dir/lib/os/sem.c.obj
[81/331] Building C object zephyr/CMakeFiles/zephyr.dir/lib/os/clock.c.obj
[82/331] Building C object zephyr/CMakeFiles/zephyr.dir/lib/os/thread_entry.c.obj
[83/331] Building C object zephyr/CMakeFiles/zephyr.dir/lib/os/printk.c.obj
[84/331] Building C object zephyr/CMakeFiles/zephyr.dir/lib/os/assert.c.obj
[85/331] Building C object zephyr/CMakeFiles/zephyr.dir/lib/utils/dec.c.obj
[86/331] Building C object zephyr/CMakeFiles/zephyr.dir/lib/heap/heap.c.obj
[87/331] Building C object zephyr/CMakeFiles/zephyr.dir/lib/utils/set.c.obj
[88/331] Building C object zephyr/CMakeFiles/zephyr.dir/lib/os/reboot.c.obj
[89/331] Building C object zephyr/CMakeFiles/zephyr.dir/lib/os/cbprintf_packaged.c.obj
[90/331] Building C object zephyr/CMakeFiles/zephyr.dir/lib/utils/hex.c.obj
[91/331] Building C object zephyr/CMakeFiles/zephyr.dir/lib/utils/bitmask.c.obj
[92/331] Building C object zephyr/CMakeFiles/zephyr.dir/lib/utils/getopt/getopt.c.obj
[93/331] Building C object zephyr/CMakeFiles/zephyr.dir/lib/os/cbprintf_complete.c.obj
[94/331] Building C object zephyr/CMakeFiles/zephyr.dir/lib/utils/timeutil.c.obj
[95/331] Building C object zephyr/CMakeFiles/zephyr.dir/lib/utils/rb.c.obj
[96/331] Building C object zephyr/CMakeFiles/zephyr.dir/lib/utils/last_section_id.c.obj
[97/331] Building C object zephyr/CMakeFiles/zephyr.dir/lib/utils/getopt/getopt_common.c.obj
[98/331] Building C object zephyr/CMakeFiles/zephyr.dir/misc/generated/configs.c.obj
[99/331] Building C object zephyr/CMakeFiles/zephyr.dir/lib/utils/ring_buffer.c.obj
[100/331] Building C object zephyr/CMakeFiles/zephyr.dir/lib/utils/notify.c.obj
[101/331] Building C object zephyr/CMakeFiles/zephyr.dir/lib/utils/bitarray.c.obj
[102/331] Building C object zephyr/CMakeFiles/zephyr.dir/subsys/logging/log_cache.c.obj
[103/331] Building C object zephyr/CMakeFiles/zephyr.dir/lib/utils/onoff.c.obj
[104/331] Building C object zephyr/CMakeFiles/zephyr.dir/subsys/logging/backends/log_backend_uart.c.obj
[105/331] Building C object zephyr/CMakeFiles/zephyr.dir/subsys/logging/log_mgmt.c.obj
[106/331] Building C object zephyr/CMakeFiles/zephyr.dir/subsys/logging/log_core.c.obj
[107/331] Building C object zephyr/CMakeFiles/zephyr.dir/subsys/logging/log_msg.c.obj
[108/331] Building C object zephyr/CMakeFiles/zephyr.dir/subsys/tracing/tracing_none.c.obj
[109/331] Building C object zephyr/CMakeFiles/zephyr.dir/subsys/mem_mgmt/mem_attr.c.obj
[110/331] Building C object zephyr/CMakeFiles/zephyr.dir/subsys/logging/log_output.c.obj
[111/331] Generating linker_zephyr_pre0.cmd
[112/331] Building C object zephyr/CMakeFiles/zephyr.dir/home/pomo/git/STCP/STCPv2/zephyr/nordic/nrf/lib/boot_banner/banner.c.obj
[113/331] Linking C static library zephyr/arch/common/libisr_tables.a
[114/331] Building C object zephyr/arch/common/CMakeFiles/arch__common.dir/init.c.obj
[115/331] Building ASM object zephyr/arch/arch/arm/core/CMakeFiles/arch__arm__core.dir/nmi_on_reset.S.obj
[116/331] Building C object zephyr/CMakeFiles/zephyr.dir/subsys/net/lib/utils/addr_utils.c.obj
[117/331] Building C object zephyr/arch/arch/arm/core/CMakeFiles/arch__arm__core.dir/tls.c.obj
[118/331] Building ASM object zephyr/arch/arch/arm/core/cortex_m/CMakeFiles/arch__arm__core__cortex_m.dir/fault_s.S.obj
[119/331] Building C object zephyr/arch/common/CMakeFiles/arch__common.dir/sw_isr_common.c.obj
[120/331] Building C object zephyr/arch/arch/arm/core/CMakeFiles/arch__arm__core.dir/nmi.c.obj
[121/331] Building C object zephyr/arch/common/CMakeFiles/arch__common.dir/xip.c.obj
[122/331] Building C object zephyr/arch/arch/arm/core/CMakeFiles/arch__arm__core.dir/fatal.c.obj
[123/331] Building ASM object zephyr/arch/arch/arm/core/cortex_m/CMakeFiles/arch__arm__core__cortex_m.dir/reset.S.obj
[124/331] Building C object zephyr/arch/arch/arm/core/cortex_m/CMakeFiles/arch__arm__core__cortex_m.dir/fpu.c.obj
[125/331] Building ASM object zephyr/arch/arch/arm/core/cortex_m/CMakeFiles/arch__arm__core__cortex_m.dir/vector_table.S.obj
[126/331] Building ASM object zephyr/arch/arch/arm/core/cortex_m/CMakeFiles/arch__arm__core__cortex_m.dir/svc.S.obj
[127/331] Building C object zephyr/arch/arch/arm/core/cortex_m/CMakeFiles/arch__arm__core__cortex_m.dir/irq_manage.c.obj
[128/331] Building C object zephyr/arch/arch/arm/core/cortex_m/CMakeFiles/arch__arm__core__cortex_m.dir/scb.c.obj
[129/331] Building C object zephyr/arch/arch/arm/core/cortex_m/CMakeFiles/arch__arm__core__cortex_m.dir/fault.c.obj
[130/331] Building C object zephyr/arch/arch/arm/core/cortex_m/CMakeFiles/arch__arm__core__cortex_m.dir/prep_c.c.obj
[131/331] Building ASM object zephyr/arch/arch/arm/core/cortex_m/CMakeFiles/arch__arm__core__cortex_m.dir/swap_helper.S.obj
[132/331] Building C object zephyr/arch/arch/arm/core/cortex_m/CMakeFiles/arch__arm__core__cortex_m.dir/cpu_idle.c.obj
[133/331] Building C object zephyr/arch/arch/arm/core/cortex_m/CMakeFiles/arch__arm__core__cortex_m.dir/thread_abort.c.obj
[134/331] Building C object zephyr/arch/arch/arm/core/cortex_m/CMakeFiles/arch__arm__core__cortex_m.dir/thread.c.obj
[135/331] Building ASM object zephyr/arch/arch/arm/core/cortex_m/CMakeFiles/arch__arm__core__cortex_m.dir/__aeabi_read_tp.S.obj
[136/331] Building C object zephyr/arch/arch/arm/core/cortex_m/CMakeFiles/arch__arm__core__cortex_m.dir/exc_exit.c.obj
[137/331] Building C object zephyr/arch/arch/arm/core/mpu/CMakeFiles/arch__arm__core__mpu.dir/arm_mpu_regions.c.obj
[138/331] Building C object zephyr/arch/arch/arm/core/cortex_m/CMakeFiles/arch__arm__core__cortex_m.dir/irq_init.c.obj
[139/331] Building C object zephyr/arch/arch/arm/core/cortex_m/CMakeFiles/arch__arm__core__cortex_m.dir/isr_wrapper.c.obj
[140/331] Building C object zephyr/arch/arch/arm/core/cortex_m/cmse/CMakeFiles/arch__arm__core__cortex_m__cmse.dir/arm_core_cmse.c.obj
[141/331] Building C object zephyr/arch/arch/arm/core/mpu/CMakeFiles/arch__arm__core__mpu.dir/arm_core_mpu.c.obj
[142/331] Building C object zephyr/lib/libc/picolibc/CMakeFiles/lib__libc__picolibc.dir/chk_fail.c.obj
[143/331] Building C object zephyr/arch/arch/arm/core/mpu/CMakeFiles/arch__arm__core__mpu.dir/arm_mpu.c.obj
[144/331] Building C object zephyr/lib/libc/picolibc/CMakeFiles/lib__libc__picolibc.dir/assert.c.obj
[145/331] Building C object zephyr/lib/libc/picolibc/CMakeFiles/lib__libc__picolibc.dir/cbprintf.c.obj
[146/331] Building C object zephyr/lib/libc/picolibc/CMakeFiles/lib__libc__picolibc.dir/locks.c.obj
[147/331] Building C object zephyr/lib/libc/picolibc/CMakeFiles/lib__libc__picolibc.dir/errno_wrap.c.obj
[148/331] Building C object zephyr/lib/libc/picolibc/CMakeFiles/lib__libc__picolibc.dir/stdio.c.obj
[149/331] Building C object zephyr/lib/libc/picolibc/CMakeFiles/lib__libc__picolibc.dir/exit.c.obj
[150/331] Building C object zephyr/lib/libc/common/CMakeFiles/lib__libc__common.dir/source/time/time.c.obj
[151/331] Building C object zephyr/lib/posix/c_lib_ext/CMakeFiles/lib__posix__c_lib_ext.dir/fnmatch.c.obj
[152/331] Building C object zephyr/lib/libc/common/CMakeFiles/lib__libc__common.dir/source/stdlib/abort.c.obj
[153/331] Building C object zephyr/lib/libc/common/CMakeFiles/lib__libc__common.dir/source/stdlib/malloc.c.obj
[154/331] Building C object zephyr/lib/posix/c_lib_ext/CMakeFiles/lib__posix__c_lib_ext.dir/getentropy.c.obj
[155/331] Building C object zephyr/lib/posix/c_lib_ext/CMakeFiles/lib__posix__c_lib_ext.dir/getopt_shim.c.obj
[156/331] Building C object zephyr/lib/os/zvfs/CMakeFiles/lib__os__zvfs.dir/zvfs_poll.c.obj
[157/331] Building C object zephyr/lib/net_buf/CMakeFiles/lib__net_buf.dir/buf.c.obj
[158/331] Building C object zephyr/soc/soc/nrf9151/CMakeFiles/soc__nordic.dir/validate_binding_headers.c.obj
[159/331] Building C object zephyr/soc/soc/nrf9151/CMakeFiles/soc__nordic.dir/validate_base_addresses.c.obj
[160/331] Building C object zephyr/lib/os/zvfs/CMakeFiles/lib__os__zvfs.dir/zvfs_fdtable.c.obj
[161/331] Building C object zephyr/soc/soc/nrf9151/CMakeFiles/soc__nordic.dir/validate_enabled_instances.c.obj
[162/331] Building C object zephyr/lib/os/zvfs/CMakeFiles/lib__os__zvfs.dir/zvfs_select.c.obj
[163/331] Building C object zephyr/lib/net_buf/CMakeFiles/lib__net_buf.dir/buf_simple.c.obj
[164/331] Building C object zephyr/soc/soc/nrf9151/CMakeFiles/soc__nordic.dir/nrf91/soc.c.obj
[165/331] Building C object zephyr/soc/soc/nrf9151/CMakeFiles/soc__nordic.dir/common/gppi_init.c.obj
[166/331] Building C object zephyr/subsys/net/CMakeFiles/subsys__net.dir/lib/sockets/getaddrinfo.c.obj
[167/331] Building C object zephyr/subsys/random/CMakeFiles/subsys__random.dir/random_entropy_device.c.obj
[168/331] Building C object zephyr/soc/soc/nrf9151/CMakeFiles/soc__nordic.dir/common/soc_secure.c.obj
[169/331] Building C object zephyr/subsys/net/CMakeFiles/subsys__net.dir/lib/sockets/socket_offload.c.obj
[170/331] Building C object zephyr/subsys/net/CMakeFiles/subsys__net.dir/lib/sockets/sockets_misc.c.obj
[171/331] Building C object zephyr/subsys/net/l2/offloaded_netdev/CMakeFiles/subsys__net__l2__offloaded_netdev.dir/offloaded_netdev.c.obj
[172/331] Building C object zephyr/soc/soc/nrf9151/CMakeFiles/soc__nordic.dir/common/gpiote_nrfx.c.obj
[173/331] Building C object zephyr/subsys/net/ip/CMakeFiles/subsys__net__ip.dir/net_timeout.c.obj
[174/331] Building C object zephyr/subsys/net/CMakeFiles/subsys__net.dir/lib/sockets/sockets.c.obj
[175/331] Building C object zephyr/subsys/net/ip/CMakeFiles/subsys__net__ip.dir/net_core.c.obj
[176/331] Building C object zephyr/subsys/net/lib/mqtt/CMakeFiles/subsys__net__lib__mqtt.dir/mqtt_decoder.c.obj
[177/331] Building C object zephyr/subsys/net/lib/mqtt/CMakeFiles/subsys__net__lib__mqtt.dir/mqtt_rx.c.obj
[178/331] Building C object zephyr/subsys/net/ip/CMakeFiles/subsys__net__ip.dir/utils.c.obj
[179/331] Building C object zephyr/subsys/net/lib/mqtt/CMakeFiles/subsys__net__lib__mqtt.dir/mqtt_transport_socket_tcp.c.obj
[180/331] Building C object zephyr/subsys/net/lib/mqtt/CMakeFiles/subsys__net__lib__mqtt.dir/mqtt_encoder.c.obj
[181/331] Building C object zephyr/drivers/entropy/CMakeFiles/drivers__entropy.dir/entropy_psa_crypto.c.obj
[182/331] Building C object zephyr/subsys/net/lib/mqtt/CMakeFiles/subsys__net__lib__mqtt.dir/mqtt_transport.c.obj
[183/331] Building C object zephyr/subsys/net/lib/mqtt/CMakeFiles/subsys__net__lib__mqtt.dir/mqtt.c.obj
[184/331] Building C object zephyr/drivers/console/CMakeFiles/drivers__console.dir/uart_console.c.obj
[185/331] Building C object zephyr/drivers/clock_control/CMakeFiles/drivers__clock_control.dir/clock_control_nrf.c.obj
[186/331] Building C object zephyr/drivers/pinctrl/CMakeFiles/drivers__pinctrl.dir/common.c.obj
[187/331] Building C object zephyr/drivers/timer/CMakeFiles/drivers__timer.dir/sys_clock_init.c.obj
[188/331] Building C object zephyr/drivers/pinctrl/CMakeFiles/drivers__pinctrl.dir/pinctrl_nrf.c.obj
[189/331] Building C object zephyr/drivers/timer/CMakeFiles/drivers__timer.dir/nrf_rtc_timer.c.obj
[190/331] Building C object zephyr/drivers/gpio/CMakeFiles/drivers__gpio.dir/gpio_nrfx.c.obj
[191/331] Building C object zephyr/subsys/net/ip/CMakeFiles/subsys__net__ip.dir/net_if.c.obj
[192/331] Building C object modules/nrf/lib/nrf_modem_lib/CMakeFiles/..__nrf__lib__nrf_modem_lib.dir/nrf_modem_lib.c.obj
[193/331] Building C object modules/nrf/lib/nrf_modem_lib/CMakeFiles/..__nrf__lib__nrf_modem_lib.dir/nrf_modem_os.c.obj
[194/331] Building C object modules/nrf/lib/nrf_modem_lib/CMakeFiles/..__nrf__lib__nrf_modem_lib.dir/cfun_hooks.c.obj
[195/331] Building C object modules/nrf/lib/nrf_modem_lib/CMakeFiles/..__nrf__lib__nrf_modem_lib.dir/fault.c.obj
[196/331] Building C object modules/nrf/lib/nrf_modem_lib/CMakeFiles/..__nrf__lib__nrf_modem_lib.dir/sanity.c.obj
[197/331] Building C object modules/nrf/lib/at_parser/CMakeFiles/..__nrf__lib__at_parser.dir/generated/at_match.c.obj
[198/331] Building C object modules/nrf/lib/at_parser/CMakeFiles/..__nrf__lib__at_parser.dir/at_parser.c.obj
[199/331] Building C object modules/nrf/lib/nrf_modem_lib/CMakeFiles/..__nrf__lib__nrf_modem_lib.dir/nrf9x_sockets.c.obj
[200/331] Building C object modules/nrf/lib/at_monitor/CMakeFiles/..__nrf__lib__at_monitor.dir/at_monitor.c.obj
[201/331] Building C object modules/nrf/lib/lte_link_control/CMakeFiles/..__nrf__lib__lte_link_control.dir/common/helpers.c.obj
[202/331] Building C object modules/nrf/lib/lte_link_control/CMakeFiles/..__nrf__lib__lte_link_control.dir/common/event_handler_list.c.obj
[203/331] Building C object modules/nrf/lib/lte_link_control/CMakeFiles/..__nrf__lib__lte_link_control.dir/lte_lc_modem_hooks.c.obj
[204/331] Building C object modules/nrf/lib/lte_link_control/CMakeFiles/..__nrf__lib__lte_link_control.dir/common/work_q.c.obj
[205/331] Building C object modules/nrf/lib/lte_link_control/CMakeFiles/..__nrf__lib__lte_link_control.dir/lte_lc.c.obj
[206/331] Building C object modules/nrf/lib/lte_link_control/CMakeFiles/..__nrf__lib__lte_link_control.dir/modules/cereg.c.obj
[207/331] Building C object modules/nrf/lib/lte_link_control/CMakeFiles/..__nrf__lib__lte_link_control.dir/modules/cfun.c.obj
[208/331] Building C object modules/nrf/subsys/nrf_security/src/zephyr/CMakeFiles/mbedtls_zephyr.dir/home/pomo/git/STCP/STCPv2/zephyr/nordic/modules/crypto/oberon-psa-crypto/platform/platform.c.obj
[209/331] Building C object modules/nrf/lib/lte_link_control/CMakeFiles/..__nrf__lib__lte_link_control.dir/modules/dns.c.obj
[210/331] Building C object modules/nrf/lib/lte_link_control/CMakeFiles/..__nrf__lib__lte_link_control.dir/modules/xsystemmode.c.obj
[211/331] Building C object modules/nrf/lib/modem_antenna/CMakeFiles/..__nrf__lib__modem_antenna.dir/modem_antenna.c.obj
[212/331] Linking C static library modules/mbedtls/mbedtls/library/libmbedx509.a
[213/331] Building C object modules/nrf/subsys/nrf_security/src/zephyr/CMakeFiles/mbedtls_zephyr.dir/psa_crypto_init.c.obj
[214/331] Building C object modules/nrf/lib/lte_link_control/CMakeFiles/..__nrf__lib__lte_link_control.dir/modules/cscon.c.obj
[215/331] Building C object modules/mbedtls/mbedtls/library/CMakeFiles/mbedtls.dir/debug.c.obj
[216/331] Building C object modules/mbedtls/mbedtls/library/CMakeFiles/mbedtls.dir/mps_reader.c.obj
[217/331] Building C object modules/mbedtls/mbedtls/library/CMakeFiles/mbedtls.dir/net_sockets.c.obj
[218/331] Building C object modules/mbedtls/mbedtls/library/CMakeFiles/mbedtls.dir/mps_trace.c.obj
[219/331] Building C object modules/mbedtls/mbedtls/library/CMakeFiles/mbedtls.dir/ssl_ciphersuites.c.obj
[220/331] Building C object modules/mbedtls/mbedtls/library/CMakeFiles/mbedtls.dir/ssl_cache.c.obj
[221/331] Building C object modules/mbedtls/mbedtls/library/CMakeFiles/mbedtls.dir/ssl_client.c.obj
[222/331] Building C object modules/mbedtls/mbedtls/library/CMakeFiles/mbedtls.dir/ssl_cookie.c.obj
[223/331] Building C object modules/mbedtls/mbedtls/library/CMakeFiles/mbedtls.dir/ssl_debug_helpers_generated.c.obj
[224/331] Building C object modules/mbedtls/mbedtls/library/CMakeFiles/mbedtls.dir/ssl_msg.c.obj
[225/331] Building C object modules/mbedtls/mbedtls/library/CMakeFiles/mbedtls.dir/ssl_ticket.c.obj
[226/331] Building C object modules/mbedtls/mbedtls/library/CMakeFiles/mbedtls.dir/ssl_tls12_client.c.obj
[227/331] Building C object modules/mbedtls/mbedtls/library/CMakeFiles/mbedtls.dir/ssl_tls.c.obj
[228/331] Building C object modules/mbedtls/mbedtls/library/CMakeFiles/mbedtls.dir/ssl_tls12_server.c.obj
[229/331] Building C object modules/mbedtls/mbedtls/library/CMakeFiles/mbedtls.dir/ssl_tls13_server.c.obj
[230/331] Building C object modules/mbedtls/mbedtls/library/CMakeFiles/mbedtls.dir/ssl_tls13_keys.c.obj
[231/331] Building C object modules/mbedtls/mbedtls/library/CMakeFiles/mbedtls.dir/ssl_tls13_client.c.obj
[232/331] Building C object modules/mbedtls/mbedtls/library/CMakeFiles/mbedtls.dir/timing.c.obj
[233/331] Building C object modules/nrf/modules/trusted-firmware-m/CMakeFiles/..__nrf__modules__trusted-firmware-m.dir/fault.c.obj
[234/331] Building C object modules/mbedtls/mbedtls/library/CMakeFiles/mbedtls.dir/ssl_tls13_generic.c.obj
[235/331] Building C object modules/mbedtls/mbedtls/library/CMakeFiles/mbedtls.dir/version_features.c.obj
[236/331] Linking C static library modules/trusted-firmware-m/libtfm_api.a
[237/331] Building C object modules/nrf/modules/trusted-firmware-m/CMakeFiles/tfm_api_nrf.dir/tfm_boards/src/tfm_ioctl_ns_api.c.obj
[238/331] Building C object modules/mbedtls/mbedtls/library/CMakeFiles/mbedtls.dir/version.c.obj
[239/331] Building C object modules/hal_nordic/modules/hal_nordic/nrfx/CMakeFiles/nrfx.dir/home/pomo/git/STCP/STCPv2/zephyr/nordic/modules/hal/nordic/nrfx/bsp/stable/mdk/nrf91/system_nrf91.c.obj
[240/331] Building C object modules/hal_nordic/modules/hal_nordic/nrfx/CMakeFiles/nrfx.dir/nrfx_glue.c.obj
[241/331] Building C object modules/hal_nordic/modules/hal_nordic/nrfx/CMakeFiles/nrfx.dir/home/pomo/git/STCP/STCPv2/zephyr/nordic/modules/hal/nordic/nrfx/helpers/nrfx_flag32_allocator.c.obj
[242/331] Building C object modules/hal_nordic/modules/hal_nordic/nrfx/CMakeFiles/nrfx.dir/home/pomo/git/STCP/STCPv2/zephyr/nordic/modules/hal/nordic/nrfx/drivers/src/nrfx_clock_hfclk192m.c.obj
[243/331] Building C object modules/hal_nordic/modules/hal_nordic/nrfx/CMakeFiles/nrfx.dir/home/pomo/git/STCP/STCPv2/zephyr/nordic/modules/hal/nordic/nrfx/drivers/src/nrfx_clock.c.obj
[244/331] Building C object modules/hal_nordic/modules/hal_nordic/nrfx/CMakeFiles/nrfx.dir/home/pomo/git/STCP/STCPv2/zephyr/nordic/modules/hal/nordic/nrfx/drivers/src/nrfx_clock_hfclk.c.obj
[245/331] Building C object modules/hal_nordic/modules/hal_nordic/nrfx/CMakeFiles/nrfx.dir/home/pomo/git/STCP/STCPv2/zephyr/nordic/modules/hal/nordic/nrfx/drivers/src/nrfx_clock_hfclkaudio.c.obj
[246/331] Building C object modules/hal_nordic/modules/hal_nordic/nrfx/CMakeFiles/nrfx.dir/home/pomo/git/STCP/STCPv2/zephyr/nordic/modules/hal/nordic/nrfx/drivers/src/nrfx_clock_lfclk.c.obj
[247/331] Building C object modules/hal_nordic/modules/hal_nordic/nrfx/CMakeFiles/nrfx.dir/home/pomo/git/STCP/STCPv2/zephyr/nordic/modules/hal/nordic/nrfx/drivers/src/nrfx_clock_xo24m.c.obj
[248/331] Building C object modules/hal_nordic/modules/hal_nordic/nrfx/CMakeFiles/nrfx.dir/home/pomo/git/STCP/STCPv2/zephyr/nordic/modules/hal/nordic/nrfx/drivers/src/nrfx_clock_xo.c.obj
[249/331] Building C object modules/stcp/CMakeFiles/stcp.dir/src/stcp_context.c.obj
[250/331] Building C object modules/hal_nordic/modules/hal_nordic/nrfx/CMakeFiles/nrfx.dir/home/pomo/git/STCP/STCPv2/zephyr/nordic/modules/hal/nordic/nrfx/helpers/nrfx_gppi_dppi.c.obj
[251/331] Building C object modules/hal_nordic/modules/hal_nordic/nrfx/CMakeFiles/nrfx.dir/home/pomo/git/STCP/STCPv2/zephyr/nordic/modules/hal/nordic/nrfx/drivers/src/nrfx_ipc.c.obj
[252/331] Building C object modules/hal_nordic/modules/hal_nordic/nrfx/CMakeFiles/nrfx.dir/home/pomo/git/STCP/STCPv2/zephyr/nordic/modules/hal/nordic/nrfx/drivers/src/nrfx_nvmc.c.obj
[253/331] Building C object modules/stcp/CMakeFiles/stcp.dir/src/stcp_carrier.c.obj
[254/331] Building C object zephyr/kernel/CMakeFiles/kernel.dir/main_weak.c.obj
[255/331] Building C object zephyr/drivers/serial/CMakeFiles/drivers__serial.dir/uart_nrfx_uarte.c.obj
[256/331] Building C object zephyr/kernel/CMakeFiles/kernel.dir/banner.c.obj
[257/331] Building C object modules/stcp/CMakeFiles/stcp.dir/src/stcp_socket_offload.c.obj
[258/331] Building C object zephyr/kernel/CMakeFiles/kernel.dir/busy_wait.c.obj
[259/331] Building C object zephyr/kernel/CMakeFiles/kernel.dir/errno.c.obj
[260/331] Building C object zephyr/kernel/CMakeFiles/kernel.dir/device.c.obj
[261/331] Building C object zephyr/kernel/CMakeFiles/kernel.dir/fatal.c.obj
[262/331] Building C object zephyr/kernel/CMakeFiles/kernel.dir/version.c.obj
[263/331] Building C object zephyr/kernel/CMakeFiles/kernel.dir/kheap.c.obj
[264/331] Building C object zephyr/kernel/CMakeFiles/kernel.dir/init.c.obj
[265/331] Building C object zephyr/kernel/CMakeFiles/kernel.dir/float.c.obj
[266/331] Building C object zephyr/kernel/CMakeFiles/kernel.dir/idle.c.obj
[267/331] Building C object zephyr/kernel/CMakeFiles/kernel.dir/mem_slab.c.obj
[268/331] Building C object zephyr/kernel/CMakeFiles/kernel.dir/mailbox.c.obj
[269/331] Building C object zephyr/kernel/CMakeFiles/kernel.dir/queue.c.obj
[270/331] Building C object zephyr/kernel/CMakeFiles/kernel.dir/sem.c.obj
[271/331] Building C object modules/hal_nordic/modules/hal_nordic/nrfx/CMakeFiles/nrfx.dir/home/pomo/git/STCP/STCPv2/zephyr/nordic/modules/hal/nordic/nrfx/drivers/src/nrfx_gpiote.c.obj
[272/331] Building C object zephyr/kernel/CMakeFiles/kernel.dir/msg_q.c.obj
[273/331] Building C object zephyr/kernel/CMakeFiles/kernel.dir/mutex.c.obj
[274/331] Building C object zephyr/kernel/CMakeFiles/kernel.dir/stack.c.obj
[275/331] Building C object zephyr/kernel/CMakeFiles/kernel.dir/condvar.c.obj
[276/331] Building C object zephyr/kernel/CMakeFiles/kernel.dir/system_work_q.c.obj
[277/331] Building C object zephyr/kernel/CMakeFiles/kernel.dir/thread.c.obj
[278/331] Building C object zephyr/kernel/CMakeFiles/kernel.dir/spinlock_validate.c.obj
[279/331] Building C object zephyr/kernel/CMakeFiles/kernel.dir/timeslicing.c.obj
[280/331] Building C object zephyr/kernel/CMakeFiles/kernel.dir/pipe.c.obj
[281/331] Building C object zephyr/kernel/CMakeFiles/kernel.dir/timer.c.obj
[282/331] Building C object zephyr/kernel/CMakeFiles/kernel.dir/dynamic_disabled.c.obj
[283/331] Linking C static library app/libapp.a
[284/331] Building C object zephyr/kernel/CMakeFiles/kernel.dir/timeout.c.obj
[285/331] Linking C static library zephyr/libzephyr.a
[286/331] Building C object zephyr/kernel/CMakeFiles/kernel.dir/work.c.obj
[287/331] Building C object zephyr/CMakeFiles/zephyr_pre0.dir/misc/empty_file.c.obj
[288/331] Linking C static library zephyr/arch/common/libarch__common.a
[289/331] Linking C static library zephyr/arch/arch/arm/core/libarch__arm__core.a
[290/331] Linking C static library zephyr/arch/arch/arm/core/cortex_m/libarch__arm__core__cortex_m.a
[291/331] Building C object zephyr/kernel/CMakeFiles/kernel.dir/mempool.c.obj
[292/331] Linking C static library zephyr/arch/arch/arm/core/cortex_m/cmse/libarch__arm__core__cortex_m__cmse.a
[293/331] Building C object zephyr/kernel/CMakeFiles/kernel.dir/sched.c.obj
[294/331] Linking C static library zephyr/lib/libc/common/liblib__libc__common.a
[295/331] Linking C static library zephyr/arch/arch/arm/core/mpu/libarch__arm__core__mpu.a
[296/331] Linking C static library zephyr/lib/posix/c_lib_ext/liblib__posix__c_lib_ext.a
[297/331] Linking C static library zephyr/lib/libc/picolibc/liblib__libc__picolibc.a
[298/331] Linking C static library zephyr/lib/os/zvfs/liblib__os__zvfs.a
[299/331] Linking C static library zephyr/subsys/random/libsubsys__random.a
[300/331] Linking C static library zephyr/lib/net_buf/liblib__net_buf.a
[301/331] Linking C static library zephyr/soc/soc/nrf9151/libsoc__nordic.a
[302/331] Linking C static library zephyr/subsys/net/libsubsys__net.a
[303/331] Linking C static library zephyr/subsys/net/l2/offloaded_netdev/libsubsys__net__l2__offloaded_netdev.a
[304/331] Linking C static library zephyr/subsys/net/ip/libsubsys__net__ip.a
[305/331] Linking C static library zephyr/subsys/net/lib/mqtt/libsubsys__net__lib__mqtt.a
[306/331] Linking C static library zephyr/drivers/clock_control/libdrivers__clock_control.a
[307/331] Linking C static library zephyr/drivers/entropy/libdrivers__entropy.a
[308/331] Linking C static library zephyr/drivers/console/libdrivers__console.a
[309/331] Linking C static library zephyr/drivers/gpio/libdrivers__gpio.a
[310/331] Linking C static library zephyr/drivers/timer/libdrivers__timer.a
[311/331] Linking C static library zephyr/drivers/pinctrl/libdrivers__pinctrl.a
[312/331] Linking C static library zephyr/drivers/serial/libdrivers__serial.a
[313/331] Linking C static library modules/nrf/lib/nrf_modem_lib/lib..__nrf__lib__nrf_modem_lib.a
[314/331] Linking C static library modules/nrf/lib/at_monitor/lib..__nrf__lib__at_monitor.a
[315/331] Linking C static library modules/nrf/lib/modem_antenna/lib..__nrf__lib__modem_antenna.a
[316/331] Linking C static library modules/nrf/lib/at_parser/lib..__nrf__lib__at_parser.a
[317/331] Linking C static library modules/nrf/subsys/nrf_security/src/zephyr/libmbedtls_zephyr.a
[318/331] Linking C static library modules/nrf/lib/lte_link_control/lib..__nrf__lib__lte_link_control.a
[319/331] Linking C static library modules/nrf/modules/trusted-firmware-m/lib..__nrf__modules__trusted-firmware-m.a
[320/331] Linking C static library modules/nrf/modules/trusted-firmware-m/libtfm_api_nrf.a
[321/331] Linking C static library modules/hal_nordic/modules/hal_nordic/nrfx/libnrfx.a
[322/331] Linking C static library modules/stcp/libstcp.a
[323/331] Building C object zephyr/kernel/CMakeFiles/kernel.dir/poll.c.obj
[324/331] Linking C static library modules/mbedtls/mbedtls/library/libmbedtls.a
[325/331] Linking C static library zephyr/kernel/libkernel.a
[326/331] Linking C executable zephyr/zephyr_pre0.elf
[327/331] Generating linker.cmd
[328/331] Generating isr_tables.c, isr_tables_vt.ld, isr_tables_swi.ld
[329/331] Building C object zephyr/CMakeFiles/zephyr_final.dir/misc/empty_file.c.obj
[330/331] Building C object zephyr/CMakeFiles/zephyr_final.dir/isr_tables.c.obj
[331/331] Linking C executable zephyr/zephyr.elf
Memory region         Used Size  Region Size  %age Used
           FLASH:       93104 B       192 KB     47.36%
             RAM:       57728 B       128 KB     44.04%
        IDT_LIST:           0 B        32 KB      0.00%
Generating files from /home/pomo/git/STCP/STCPv2/zephyr/nordic/stcp-mqtt/build-nrf9151/stcp-mqtt/zephyr/zephyr.elf for board: nrf9151dk/nrf9151/ns
[7/8] No install step for 'stcp-mqtt'
[8/8] Completed 'stcp-mqtt'
-- west flash: rebuilding
[0/3] Performing build step for 'stcp-mqtt'
[0/16] Performing build step for 'tfm'
ninja: no work to do.
[2/3] Performing install step for 'tfm'
-- Install configuration: "MinSizeRel"
----- Installing platform NS -----
[3/3] Completed 'tfm'
[2/3] No install step for 'stcp-mqtt'
[3/3] Completed 'stcp-mqtt'
-- west flash: using runner nrfutil
-- runners.nrfutil: reset after flashing requested
Using board 001052094012
-- runners.nrfutil: Flashing file: /home/pomo/git/STCP/STCPv2/zephyr/nordic/stcp-mqtt/build-nrf9151/stcp-mqtt/zephyr/tfm_merged.hex
-- runners.nrfutil: Connecting to probe
-- runners.nrfutil: Erasing address ranges touched by firmware
-- runners.nrfutil: Programming image
-- runners.nrfutil: Verifying image
-- runners.nrfutil: Reset
-- runners.nrfutil: Board(s) with serial number(s) 1052094012 flashed successfully.
