   Compiling the_stcp_kernel_module v0.1.0 (/home/pomo/uusi-modeemi/the-app/stcp-zephyr-app/rust)
warning: unused import: `core::panic::Location`
 --> src/debug.rs:4:5
  |
4 | use core::panic::Location;
  |     ^^^^^^^^^^^^^^^^^^^^^
  |
  = note: `#[warn(unused_imports)]` (part of `#[warn(unused)]`) on by default

warning: unused import: `core::panic::Location`
 --> src/slice_helpers.rs:3:5
  |
3 | use core::panic::Location;
  |     ^^^^^^^^^^^^^^^^^^^^^

warning: unused import: `core::panic::Location`
 --> src/tcp_helper_macros.rs:2:5
  |
2 | use core::panic::Location;
  |     ^^^^^^^^^^^^^^^^^^^^^

warning: unused import: `core::panic::Location`
 --> src/tcp_io.rs:3:5
  |
3 | use core::panic::Location;
  |     ^^^^^^^^^^^^^^^^^^^^^

warning: `#[track_caller]` attribute cannot be used on macro defs
   --> src/debug.rs:115:1
    |
115 | #[track_caller]
    | ^^^^^^^^^^^^^^^
    |
    = warning: this was previously accepted by the compiler but is being phased out; it will become a hard error in a future release!
    = help: `#[track_caller]` can only be applied to functions
    = note: `#[warn(unused_attributes)]` (part of `#[warn(unused)]`) on by default

warning: `the_stcp_kernel_module` (lib) generated 5 warnings (run `cargo fix --lib -p the_stcp_kernel_module` to apply 5 suggestions)
    Finished `release` profile [optimized] target(s) in 1.34s
