   Compiling the_stcp_kernel_module v0.1.0 (/home/pomo/uusi-modeemi/modules/stcp/rust)
error[E0428]: the name `STCP_PEEK_FLAGS` is defined multiple times
  --> src/helpers.rs:40:1
   |
19 | const STCP_PEEK_FLAGS: u32 = MSG_PEEK;
   | -------------------------------------- previous definition of the value `STCP_PEEK_FLAGS` here
...
40 | const STCP_PEEK_FLAGS: u32 = MSG_PEEK;
   | ^^^^^^^^^^^^^^^^^^^^^^^^^^^^^^^^^^^^^^ `STCP_PEEK_FLAGS` redefined here
   |
   = note: `STCP_PEEK_FLAGS` must be defined only once in the value namespace of this module

error[E0425]: cannot find value `MSG_PEEK` in this scope
  --> src/helpers.rs:19:30
   |
19 | const STCP_PEEK_FLAGS: u32 = MSG_PEEK;
   |                              ^^^^^^^^ not found in this scope
   |
help: consider importing this constant
   |
 2 + use libc::MSG_PEEK;
   |

error[E0425]: cannot find value `MSG_PEEK` in this scope
  --> src/helpers.rs:40:30
   |
40 | const STCP_PEEK_FLAGS: u32 = MSG_PEEK;
   |                              ^^^^^^^^ not found in this scope
   |
help: consider importing this constant
   |
 2 + use libc::MSG_PEEK;
   |

error[E0425]: cannot find type `TcpStream` in this scope
   --> src/proto_session.rs:246:48
    |
246 |    pub fn recv_from_stream(&mut self, stream: &TcpStream) -> Result<Vec<u8>, StcpError>  {
    |                                                ^^^^^^^^^ not found in this scope

warning: unused import: `core::ptr`
 --> src/linux_random.rs:4:5
  |
4 | use core::ptr;
  |     ^^^^^^^^^
  |
  = note: `#[warn(unused_imports)]` (part of `#[warn(unused)]`) on by default

warning: unused imports: `zsock_iovec` and `zsock_msghdr`
 --> src/abi.rs:8:9
  |
8 |         zsock_msghdr,
  |         ^^^^^^^^^^^^
9 |         zsock_iovec,
  |         ^^^^^^^^^^^

warning: unused import: `crate::proto_session::ProtoSession`
 --> src/aes.rs:7:5
  |
7 | use crate::proto_session::ProtoSession;
  |     ^^^^^^^^^^^^^^^^^^^^^^^^^^^^^^^^^^

warning: unused import: `crate::proto_session`
 --> src/aes.rs:8:5
  |
8 | use crate::proto_session;
  |     ^^^^^^^^^^^^^^^^^^^^

warning: unused import: `crate::stcp_dump`
  --> src/aes.rs:10:5
   |
10 | use crate::stcp_dump;
   |     ^^^^^^^^^^^^^^^^

warning: unused import: `crate::stcp_dbg`
  --> src/aes.rs:11:5
   |
11 | use crate::stcp_dbg;
   |     ^^^^^^^^^^^^^^^

warning: unused import: `core::panic::Location`
 --> src/crypto.rs:9:5
  |
9 | use core::panic::Location;
  |     ^^^^^^^^^^^^^^^^^^^^^

warning: unused import: `crate::proto_session`
  --> src/crypto.rs:11:5
   |
11 | use crate::proto_session;
   |     ^^^^^^^^^^^^^^^^^^^^

warning: unused import: `core::panic::Location`
 --> src/debug.rs:4:5
  |
4 | use core::panic::Location;
  |     ^^^^^^^^^^^^^^^^^^^^^

warning: unused import: `crate::stcp_dump`
 --> src/helpers.rs:7:5
  |
7 | use crate::stcp_dump;
  |     ^^^^^^^^^^^^^^^^

warning: unused import: `core::panic::Location`
  --> src/helpers.rs:10:5
   |
10 | use core::panic::Location;
   |     ^^^^^^^^^^^^^^^^^^^^^

warning: unused import: `core::panic::Location`
 --> src/session_handler.rs:4:5
  |
4 | use core::panic::Location;
  |     ^^^^^^^^^^^^^^^^^^^^^

warning: unused imports: `StcpMessageHeader` and `StcpMsgType`
 --> src/stcp_handshake.rs:5:9
  |
5 |         StcpMsgType,
  |         ^^^^^^^^^^^
6 |         StcpEcdhPubKey,
7 |         StcpMessageHeader,
  |         ^^^^^^^^^^^^^^^^^

warning: unused import: `crate::aes::StcpAesCodec`
  --> src/stcp_handshake.rs:12:5
   |
12 | use crate::aes::StcpAesCodec;
   |     ^^^^^^^^^^^^^^^^^^^^^^^^

warning: unused import: `alloc::vec::Vec`
  --> src/stcp_handshake.rs:19:5
   |
19 | use alloc::vec::Vec;
   |     ^^^^^^^^^^^^^^^

warning: unused import: `alloc::vec`
  --> src/stcp_handshake.rs:20:5
   |
20 | use alloc::vec;
   |     ^^^^^^^^^^

warning: unused import: `core::panic::Location`
  --> src/stcp_handshake.rs:21:5
   |
21 | use core::panic::Location;
   |     ^^^^^^^^^^^^^^^^^^^^^

warning: unused import: `crate::helpers::stcp_sleep_msec`
  --> src/stcp_handshake.rs:23:5
   |
23 | use crate::helpers::stcp_sleep_msec;
   |     ^^^^^^^^^^^^^^^^^^^^^^^^^^^^^^^

warning: unnecessary parentheses around `while` condition
   --> src/stcp_handshake.rs:203:9
    |
203 |   while ( (rc == -EAGAIN) && (tries < 10) ) {
    |         ^^                               ^^
    |
    = note: `#[warn(unused_parens)]` (part of `#[warn(unused)]`) on by default
help: remove these parentheses
    |
203 -   while ( (rc == -EAGAIN) && (tries < 10) ) {
203 +   while (rc == -EAGAIN) && (tries < 10)  {
    |

warning: unnecessary parentheses around `if` condition
   --> src/stcp_handshake.rs:209:6
    |
209 |   if (rc < 0) {
    |      ^      ^
    |
help: remove these parentheses
    |
209 -   if (rc < 0) {
209 +   if rc < 0  {
    |

warning: unnecessary parentheses around `while` condition
   --> src/stcp_handshake.rs:263:9
    |
263 |   while ( (rc == -EAGAIN) && (tries < 10) ) {
    |         ^^                               ^^
    |
help: remove these parentheses
    |
263 -   while ( (rc == -EAGAIN) && (tries < 10) ) {
263 +   while (rc == -EAGAIN) && (tries < 10)  {
    |

warning: unnecessary parentheses around `if` condition
   --> src/stcp_handshake.rs:269:6
    |
269 |   if (rc < 0) {
    |      ^      ^
    |
help: remove these parentheses
    |
269 -   if (rc < 0) {
269 +   if rc < 0  {
    |

warning: unused import: `zsock_iovec`
  --> src/stcp_message.rs:10:5
   |
10 |     zsock_iovec,
   |     ^^^^^^^^^^^

warning: unused import: `crate::aes`
  --> src/stcp_message.rs:13:5
   |
13 | use crate::aes;
   |     ^^^^^^^^^^

warning: unused import: `core::panic::Location`
  --> src/stcp_message.rs:16:5
   |
16 | use core::panic::Location;
   |     ^^^^^^^^^^^^^^^^^^^^^

warning: unused import: `core::panic::Location`
 --> src/stcp_protocol_functions.rs:5:5
  |
5 | use core::panic::Location;
  |     ^^^^^^^^^^^^^^^^^^^^^

warning: unused import: `crate::types::STCP_MAX_TCP_PAYLOAD_SIZE`
  --> src/stcp_protocol_functions.rs:13:5
   |
13 | use crate::types::STCP_MAX_TCP_PAYLOAD_SIZE;
   |     ^^^^^^^^^^^^^^^^^^^^^^^^^^^^^^^^^^^^^^^

warning: unused import: `crate::tcp_io::stcp_tcp_send`
  --> src/stcp_protocol_functions.rs:34:5
   |
34 | use crate::tcp_io::stcp_tcp_send;
   |     ^^^^^^^^^^^^^^^^^^^^^^^^^^^^

warning: unused import: `crate::abi::stcp_exported_rust_ctx_alive_count`
  --> src/stcp_protocol_functions.rs:40:5
   |
40 | use crate::abi::stcp_exported_rust_ctx_alive_count;
   |     ^^^^^^^^^^^^^^^^^^^^^^^^^^^^^^^^^^^^^^^^^^^^^^

warning: unused import: `core::panic::Location`
 --> src/slice_helpers.rs:3:5
  |
3 | use core::panic::Location;
  |     ^^^^^^^^^^^^^^^^^^^^^

warning: unused import: `core::panic::Location`
 --> src/tcp_helper_macros.rs:2:5
  |
2 | use core::panic::Location;
  |     ^^^^^^^^^^^^^^^^^^^^^

warning: unused import: `core::panic::Location`
 --> src/tcp_io.rs:4:5
  |
4 | use core::panic::Location;
  |     ^^^^^^^^^^^^^^^^^^^^^

warning: unused import: `crate::tcp_io::stcp_tcp_recv`
 --> src/types.rs:5:5
  |
5 | use crate::tcp_io::stcp_tcp_recv;
  |     ^^^^^^^^^^^^^^^^^^^^^^^^^^^^

warning: unused import: `crate::aes`
 --> src/types.rs:9:5
  |
9 | use crate::aes;
  |     ^^^^^^^^^^

warning: unused import: `crate::aes::StcpAesCodec`
  --> src/types.rs:10:5
   |
10 | use crate::aes::StcpAesCodec;
   |     ^^^^^^^^^^^^^^^^^^^^^^^^

warning: unused import: `core::panic::Location`
  --> src/types.rs:11:5
   |
11 | use core::panic::Location;
   |     ^^^^^^^^^^^^^^^^^^^^^

warning: unused import: `crate::session_handler::rust_session_destroy`
  --> src/types.rs:12:5
   |
12 | use crate::session_handler::rust_session_destroy;
   |     ^^^^^^^^^^^^^^^^^^^^^^^^^^^^^^^^^^^^^^^^^^^^

warning: unused import: `crate::slice_helpers::StcpError`
  --> src/types.rs:13:5
   |
13 | use crate::slice_helpers::StcpError;
   |     ^^^^^^^^^^^^^^^^^^^^^^^^^^^^^^^

warning: unused import: `crate::proto_session::ProtoSession`
  --> src/types.rs:14:5
   |
14 | use crate::proto_session::ProtoSession;
   |     ^^^^^^^^^^^^^^^^^^^^^^^^^^^^^^^^^^

warning: unused import: `crate::stcp_tcp_recv_until_buffer_full`
  --> src/types.rs:17:5
   |
17 | use crate::stcp_tcp_recv_until_buffer_full;
   |     ^^^^^^^^^^^^^^^^^^^^^^^^^^^^^^^^^^^^^^

warning: unused import: `core::ffi::c_int`
 --> src/proto_session.rs:3:5
  |
3 | use core::ffi::c_int;
  |     ^^^^^^^^^^^^^^^^

warning: unused import: `crate::tcp_io::stcp_tcp_recv`
 --> src/proto_session.rs:5:5
  |
5 | use crate::tcp_io::stcp_tcp_recv;
  |     ^^^^^^^^^^^^^^^^^^^^^^^^^^^^

warning: unused import: `crate::aes`
  --> src/proto_session.rs:11:5
   |
11 | use crate::aes;
   |     ^^^^^^^^^^

warning: unused import: `core::panic::Location`
  --> src/proto_session.rs:13:5
   |
13 | use core::panic::Location;
   |     ^^^^^^^^^^^^^^^^^^^^^

warning: unused import: `crate::session_handler::rust_session_destroy`
  --> src/proto_session.rs:14:5
   |
14 | use crate::session_handler::rust_session_destroy;
   |     ^^^^^^^^^^^^^^^^^^^^^^^^^^^^^^^^^^^^^^^^^^^^

warning: unused import: `crate::helpers::*`
  --> src/proto_session.rs:20:5
   |
20 | use crate::helpers::*;
   |     ^^^^^^^^^^^^^^^^^

warning: unused import: `crate::helpers`
  --> src/proto_session.rs:21:5
   |
21 | use crate::helpers;
   |     ^^^^^^^^^^^^^^

warning: unused import: `crate::slice_helpers::*`
  --> src/proto_session.rs:24:5
   |
24 | use crate::slice_helpers::*;
   |     ^^^^^^^^^^^^^^^^^^^^^^^

warning: unused import: `core::panic::Location`
 --> src/module_handlers.rs:3:5
  |
3 | use core::panic::Location;
  |     ^^^^^^^^^^^^^^^^^^^^^

warning: `#[track_caller]` attribute cannot be used on macro defs
   --> src/debug.rs:196:1
    |
196 | #[track_caller]
    | ^^^^^^^^^^^^^^^
    |
    = warning: this was previously accepted by the compiler but is being phased out; it will become a hard error in a future release!
    = help: `#[track_caller]` can only be applied to functions
    = note: `#[warn(unused_attributes)]` (part of `#[warn(unused)]`) on by default

warning: value assigned to `ret` is never read
  --> src/crypto.rs:25:26
   |
25 |       let mut ret: i32 = 0;
   |                          ^
   |
   = help: maybe it is overwritten before being read?
   = note: `#[warn(unused_assignments)]` (part of `#[warn(unused)]`) on by default

warning: unnecessary `unsafe` block
   --> src/debug.rs:101:5
    |
101 |     unsafe {
    |     ^^^^^^ unnecessary `unsafe` block
    |
    = note: `#[warn(unused_unsafe)]` (part of `#[warn(unused)]`) on by default

warning: unused variable: `s`
  --> src/stcp_handshake.rs:77:9
   |
77 |     let s = unsafe { &mut *sess };
   |         ^ help: if this is intentional, prefix it with an underscore: `_s`
   |
   = note: `#[warn(unused_variables)]` (part of `#[warn(unused)]`) on by default

warning: unused variable: `skBytes`
   --> src/stcp_handshake.rs:226:7
    |
226 |   let skBytes = s.shared_key.to_bytes_be();
    |       ^^^^^^^ help: if this is intentional, prefix it with an underscore: `_skBytes`

warning: unused variable: `skBytes`
   --> src/stcp_handshake.rs:285:7
    |
285 |   let skBytes = s.shared_key.to_bytes_be();
    |       ^^^^^^^ help: if this is intentional, prefix it with an underscore: `_skBytes`

warning: unused variable: `msg_type`
   --> src/stcp_message.rs:239:5
    |
239 |     msg_type: StcpMsgType,
    |     ^^^^^^^^ help: if this is intentional, prefix it with an underscore: `_msg_type`

warning[E0133]: dereference of raw pointer is unsafe and requires unsafe block
   --> src/stcp_protocol_functions.rs:344:20
    |
344 |         let iov = &*msg.msg_iov.add(i);
    |                    ^^^^^^^^^^^^^^^^^^^ dereference of raw pointer
    |
    = note: for more information, see <https://doc.rust-lang.org/edition-guide/rust-2024/unsafe-op-in-unsafe-fn.html>
    = note: raw pointers may be null, dangling or unaligned; they can violate aliasing rules and cause data races: all of these are undefined behavior
note: an unsafe function restricts its caller, but its body is safe by default
   --> src/stcp_protocol_functions.rs:341:1
    |
341 | unsafe fn internal_iovec_total_len(msg: &zsock_msghdr) -> usize {
    | ^^^^^^^^^^^^^^^^^^^^^^^^^^^^^^^^^^^^^^^^^^^^^^^^^^^^^^^^^^^^^^^
    = note: `#[warn(unsafe_op_in_unsafe_fn)]` (part of `#[warn(rust_2024_compatibility)]`) on by default

warning[E0133]: call to unsafe function `core::ptr::mut_ptr::<impl *mut T>::add` is unsafe and requires unsafe block
   --> src/stcp_protocol_functions.rs:344:21
    |
344 |         let iov = &*msg.msg_iov.add(i);
    |                     ^^^^^^^^^^^^^^^^^^ call to unsafe function
    |
    = note: for more information, see <https://doc.rust-lang.org/edition-guide/rust-2024/unsafe-op-in-unsafe-fn.html>
    = note: consult the function's documentation for information on how to avoid undefined behavior

warning[E0133]: dereference of raw pointer is unsafe and requires unsafe block
   --> src/stcp_protocol_functions.rs:355:20
    |
355 |         let iov = &*msg.msg_iov.add(i);
    |                    ^^^^^^^^^^^^^^^^^^^ dereference of raw pointer
    |
    = note: for more information, see <https://doc.rust-lang.org/edition-guide/rust-2024/unsafe-op-in-unsafe-fn.html>
    = note: raw pointers may be null, dangling or unaligned; they can violate aliasing rules and cause data races: all of these are undefined behavior
note: an unsafe function restricts its caller, but its body is safe by default
   --> src/stcp_protocol_functions.rs:351:1
    |
351 | unsafe fn internal_iovec_flatten(msg: &zsock_msghdr, out: &mut [u8]) {
    | ^^^^^^^^^^^^^^^^^^^^^^^^^^^^^^^^^^^^^^^^^^^^^^^^^^^^^^^^^^^^^^^^^^^^

warning[E0133]: call to unsafe function `core::ptr::mut_ptr::<impl *mut T>::add` is unsafe and requires unsafe block
   --> src/stcp_protocol_functions.rs:355:21
    |
355 |         let iov = &*msg.msg_iov.add(i);
    |                     ^^^^^^^^^^^^^^^^^^ call to unsafe function
    |
    = note: for more information, see <https://doc.rust-lang.org/edition-guide/rust-2024/unsafe-op-in-unsafe-fn.html>
    = note: consult the function's documentation for information on how to avoid undefined behavior

warning[E0133]: call to unsafe function `core::slice::from_raw_parts` is unsafe and requires unsafe block
   --> src/stcp_protocol_functions.rs:357:21
    |
357 |           let slice = core::slice::from_raw_parts(
    |  _____________________^
358 | |             iov.iov_base as *const u8,
359 | |             iov.iov_len,
360 | |         );
    | |_________^ call to unsafe function
    |
    = note: for more information, see <https://doc.rust-lang.org/edition-guide/rust-2024/unsafe-op-in-unsafe-fn.html>
    = note: consult the function's documentation for information on how to avoid undefined behavior

warning: variable does not need to be mutable
  --> src/types.rs:41:13
   |
41 |         let mut recv_len: c_int = 0;
   |             ----^^^^^^^^
   |             |
   |             help: remove this `mut`
   |
   = note: `#[warn(unused_mut)]` (part of `#[warn(unused)]`) on by default

warning: unused variable: `msg_type`
   --> src/types.rs:286:13
    |
286 |         let msg_type = StcpMsgType::from_raw(msg_type_raw);
    |             ^^^^^^^^ help: if this is intentional, prefix it with an underscore: `_msg_type`

warning: value assigned to `i` is never read
   --> src/types.rs:290:9
    |
290 |         i += 4;
    |         ^^^^^^
    |
    = help: maybe it is overwritten before being read?

warning: unused variable: `is_server`
  --> src/proto_session.rs:49:16
   |
49 |     pub fn new(is_server: bool, transport_vp: *mut c_void) -> Self {
   |                ^^^^^^^^^ help: if this is intentional, prefix it with an underscore: `_is_server`

warning: unused variable: `rc1`
   --> src/proto_session.rs:147:13
    |
147 |         let rc1 = self.recv_exact(transport, hdr, hdr.len() as usize)?;
    |             ^^^ help: if this is intentional, prefix it with an underscore: `_rc1`

warning: unused variable: `rc2`
   --> src/proto_session.rs:160:13
    |
160 |         let rc2 = self.recv_exact(transport, payload, msgLen as usize)?;
    |             ^^^ help: if this is intentional, prefix it with an underscore: `_rc2`

Some errors have detailed explanations: E0133, E0425, E0428.
For more information about an error, try `rustc --explain E0133`.
warning: `the_stcp_kernel_module` (lib) generated 67 warnings
error: could not compile `the_stcp_kernel_module` (lib) due to 4 previous errors; 67 warnings emitted
