=== STCP functional smoke test ===
payload sizes: 64, 4096, 65536 bytes
timeout:       5.0 s per case

[1/3] 64 bytes on port 7777: PASS (22.76 ms)
[2/3] 4096 bytes on port 7778: PASS (21.24 ms)
[3/3] 65536 bytes on port 7779: PASS (25.80 ms)

STCP functional test: PASS

=== STCP throughput: 8 clients / 300 s ===
=== STCP Python stress test ===
mode:             throughput
clients:          8
payload:          1048576 bytes
duration:         300.0 s
report interval:  5.0 s
verify payload:   False
pipeline depth:   8

[    5.0s] TX  87.97 MiB/s  RX  81.57 MiB/s  ops     81.6/s  conn +8/-0  errors s=0 r=0 v=0 srv=0  RTT p50=  88.84 p95= 113.50 p99= 117.52 ms  CPU= 176.7% RSS=   36.8 MiB  total=408.0 MiB
[   10.0s] TX  87.92 MiB/s  RX  86.32 MiB/s  ops     86.3/s  conn +0/-0  errors s=0 r=0 v=0 srv=0  RTT p50=  90.82 p95= 113.98 p99= 144.05 ms  CPU= 174.4% RSS=   36.8 MiB  total=840.0 MiB
[   15.0s] TX  84.62 MiB/s  RX  86.21 MiB/s  ops     86.2/s  conn +0/-0  errors s=0 r=0 v=0 srv=0  RTT p50=  91.33 p95= 109.95 p99= 119.18 ms  CPU= 169.8% RSS=   36.8 MiB  total=1272.0 MiB
[   20.0s] TX  87.88 MiB/s  RX  89.48 MiB/s  ops     89.5/s  conn +0/-0  errors s=0 r=0 v=0 srv=0  RTT p50=  92.12 p95= 110.83 p99= 112.52 ms  CPU= 177.0% RSS=   36.8 MiB  total=1720.0 MiB
[   25.0s] TX  89.30 MiB/s  RX  90.89 MiB/s  ops     90.9/s  conn +0/-0  errors s=0 r=0 v=0 srv=0  RTT p50=  89.28 p95= 113.45 p99= 116.81 ms  CPU= 179.0% RSS=   36.8 MiB  total=2176.0 MiB
[   30.0s] TX  91.17 MiB/s  RX  86.37 MiB/s  ops     86.4/s  conn +0/-0  errors s=0 r=0 v=0 srv=0  RTT p50=  87.47 p95= 112.27 p99= 137.19 ms  CPU= 178.7% RSS=   36.8 MiB  total=2608.0 MiB
[   35.0s] TX  86.38 MiB/s  RX  92.78 MiB/s  ops     92.8/s  conn +0/-0  errors s=0 r=0 v=0 srv=0  RTT p50=  89.55 p95= 107.44 p99= 121.58 ms  CPU= 177.2% RSS=   36.8 MiB  total=3072.0 MiB
[   40.1s] TX  84.53 MiB/s  RX  86.12 MiB/s  ops     86.1/s  conn +0/-0  errors s=0 r=0 v=0 srv=0  RTT p50=  91.49 p95= 123.94 p99= 137.27 ms  CPU= 174.8% RSS=   36.8 MiB  total=3504.0 MiB
[   45.1s] TX  91.10 MiB/s  RX  89.50 MiB/s  ops     89.5/s  conn +0/-0  errors s=0 r=0 v=0 srv=0  RTT p50=  91.48 p95= 105.84 p99= 121.08 ms  CPU= 175.6% RSS=   36.8 MiB  total=3952.0 MiB
[   50.1s] TX  89.56 MiB/s  RX  86.36 MiB/s  ops     86.4/s  conn +0/-0  errors s=0 r=0 v=0 srv=0  RTT p50=  90.37 p95= 107.06 p99= 134.27 ms  CPU= 176.3% RSS=   36.8 MiB  total=4384.0 MiB
[   55.1s] TX  86.35 MiB/s  RX  86.35 MiB/s  ops     86.4/s  conn +0/-0  errors s=0 r=0 v=0 srv=0  RTT p50=  89.50 p95= 109.63 p99= 138.75 ms  CPU= 176.5% RSS=   36.8 MiB  total=4816.0 MiB
[   60.1s] TX  91.06 MiB/s  RX  91.06 MiB/s  ops     91.1/s  conn +0/-0  errors s=0 r=0 v=0 srv=0  RTT p50=  91.39 p95= 107.13 p99= 114.63 ms  CPU= 176.7% RSS=   36.8 MiB  total=5272.0 MiB
[   65.1s] TX  87.87 MiB/s  RX  86.27 MiB/s  ops     86.3/s  conn +0/-0  errors s=0 r=0 v=0 srv=0  RTT p50=  91.82 p95= 110.63 p99= 128.91 ms  CPU= 175.7% RSS=   36.8 MiB  total=5704.0 MiB
[   70.1s] TX  87.97 MiB/s  RX  89.57 MiB/s  ops     89.6/s  conn +0/-0  errors s=0 r=0 v=0 srv=0  RTT p50=  90.74 p95= 107.32 p99= 109.23 ms  CPU= 175.9% RSS=   36.8 MiB  total=6152.0 MiB
[   75.1s] TX  82.99 MiB/s  RX  86.18 MiB/s  ops     86.2/s  conn +0/-0  errors s=0 r=0 v=0 srv=0  RTT p50=  92.90 p95= 108.40 p99= 114.22 ms  CPU= 171.2% RSS=   36.8 MiB  total=6584.0 MiB
[   80.1s] TX  87.83 MiB/s  RX  86.23 MiB/s  ops     86.2/s  conn +0/-0  errors s=0 r=0 v=0 srv=0  RTT p50=  91.69 p95= 110.44 p99= 114.73 ms  CPU= 170.9% RSS=   36.8 MiB  total=7016.0 MiB
[   85.1s] TX  86.17 MiB/s  RX  84.57 MiB/s  ops     84.6/s  conn +0/-0  errors s=0 r=0 v=0 srv=0  RTT p50=  92.37 p95= 113.55 p99= 116.03 ms  CPU= 171.1% RSS=   36.8 MiB  total=7440.0 MiB
[   90.1s] TX  87.70 MiB/s  RX  86.11 MiB/s  ops     86.1/s  conn +0/-0  errors s=0 r=0 v=0 srv=0  RTT p50=  89.46 p95= 111.78 p99= 115.88 ms  CPU= 177.0% RSS=   36.8 MiB  total=7872.0 MiB
[   95.1s] TX  87.87 MiB/s  RX  89.46 MiB/s  ops     89.5/s  conn +0/-0  errors s=0 r=0 v=0 srv=0  RTT p50=  92.91 p95= 113.98 p99= 123.23 ms  CPU= 175.7% RSS=   36.8 MiB  total=8320.0 MiB
[  100.1s] TX  87.97 MiB/s  RX  87.97 MiB/s  ops     88.0/s  conn +0/-0  errors s=0 r=0 v=0 srv=0  RTT p50=  91.15 p95= 106.72 p99= 137.63 ms  CPU= 179.7% RSS=   36.8 MiB  total=8760.0 MiB
[  105.2s] TX  85.94 MiB/s  RX  84.35 MiB/s  ops     84.3/s  conn +0/-0  errors s=0 r=0 v=0 srv=0  RTT p50=  92.49 p95= 110.37 p99= 147.87 ms  CPU= 173.1% RSS=   36.8 MiB  total=9184.0 MiB
[  110.2s] TX  86.22 MiB/s  RX  87.82 MiB/s  ops     87.8/s  conn +0/-0  errors s=0 r=0 v=0 srv=0  RTT p50=  94.14 p95= 107.97 p99= 130.87 ms  CPU= 173.0% RSS=   36.8 MiB  total=9624.0 MiB
[  115.2s] TX  84.51 MiB/s  RX  86.10 MiB/s  ops     86.1/s  conn +0/-0  errors s=0 r=0 v=0 srv=0  RTT p50=  96.32 p95= 126.73 p99= 134.23 ms  CPU= 167.6% RSS=   36.8 MiB  total=10056.0 MiB
[  120.2s] TX  84.68 MiB/s  RX  83.08 MiB/s  ops     83.1/s  conn +0/-0  errors s=0 r=0 v=0 srv=0  RTT p50=  92.29 p95= 124.04 p99= 124.38 ms  CPU= 169.8% RSS=   36.8 MiB  total=10472.0 MiB
[  125.2s] TX  84.77 MiB/s  RX  86.37 MiB/s  ops     86.4/s  conn +0/-0  errors s=0 r=0 v=0 srv=0  RTT p50=  90.00 p95= 111.21 p99= 119.43 ms  CPU= 174.7% RSS=   36.8 MiB  total=10904.0 MiB
