============================================================
KÄYTETTÄVÄT SYMBOLITIEDOSTOT
============================================================

Kernel:
  /home/pomo/git/STCP/STCPv2/linux-kernel/rust/linux-next/vmlinux
  /home/pomo/git/STCP/STCPv2/linux-kernel/rust/linux-next/vmlinux: ELF 64-bit LSB executable, x86-64, version 1 (SYSV), statically linked, BuildID[sha1]=52f12c2457c28563dcba1c98b4b6e6790e501240, with debug_info, not stripped
  Build ID: 52f12c2457c28563dcba1c98b4b6e6790e501240

STCP-moduuli:
  /home/pomo/git/STCP/STCPv2/linux-kernel/linux-module/stcp.ko
  /home/pomo/git/STCP/STCPv2/linux-kernel/linux-module/stcp.ko: data

============================================================
KERNELIN DECODE_STACKTRACE
============================================================

Tue Jul 14 02:29:49 PM EEST 2026
** 4 printk messages dropped **
[   19.870195] Error: Driver 'pcspkr' is already registered, aborting...
[   76.900376] nouveau 0000:01:00.0: gr: FECS 00000001
[   76.900428] nouveau 0000:01:00.0: gr: 409000 - done 00000300
[   76.900459] nouveau 0000:01:00.0: gr: 409000 - stat 00003500 00000000 00000001 00000000
[   76.900492] nouveau 0000:01:00.0: gr: 409000 - stat 00011900 00000000 00000018 00000000
[   76.900520] nouveau 0000:01:00.0: gr: 502000 - done 00000300
[   76.900546] nouveau 0000:01:00.0: gr: 502000 - stat 00000000 00000000 00000001 00000000
[   76.900575] nouveau 0000:01:00.0: gr: 502000 - stat 00030747 00000000 00000000 00000000
[   76.900601] nouveau 0000:01:00.0: gr: 50a000 - done 00000300
[   76.900628] nouveau 0000:01:00.0: gr: 50a000 - stat 00000000 00000000 00000001 00000000
[   76.900657] nouveau 0000:01:00.0: gr: 50a000 - stat 0003074a 00000000 00000000 00000000
[   76.900683] nouveau 0000:01:00.0: gr: 512000 - done 00000300
[   76.900708] nouveau 0000:01:00.0: gr: 512000 - stat 00000000 00000000 00000001 00000000
[   76.900737] nouveau 0000:01:00.0: gr: 512000 - stat 0003074d 00000000 00000000 00000000
[   76.900762] nouveau 0000:01:00.0: gr: 51a000 - done 00000300
[   76.900787] nouveau 0000:01:00.0: gr: 51a000 - stat 00000000 00000000 00000001 00000000
[   76.900818] nouveau 0000:01:00.0: gr: 51a000 - stat 00030750 00000000 00000000 00000000
[  197.379689] sudo (3019) used greatest stack depth: 24816 bytes left
[  227.770022] kobject: 'lo' (0000000021ca2ffd): kobject_add_internal: parent: 'net', set: 'devices'
[  227.770468] kobject: 'lo' (0000000021ca2ffd): kobject_uevent_env
[  227.770494] kobject: 'lo' (0000000021ca2ffd): fill_kobj_path: path = '/devices/virtual/net/lo'
[  227.770549] kobject: 'queues' (000000003c27523a): kobject_add_internal: parent: 'lo', set: '<NULL>'
[  227.770568] kobject: 'queues' (000000003c27523a): kobject_uevent_env
[  227.770575] kobject: 'queues' (000000003c27523a): kobject_uevent_env: filter function caused the event to drop!
[  227.770589] kobject: 'rx-0' (000000000be2cea4): kobject_add_internal: parent: 'queues', set: 'queues'
[  227.770625] kobject: 'rx-0' (000000000be2cea4): kobject_uevent_env
[  227.770647] kobject: 'rx-0' (000000000be2cea4): fill_kobj_path: path = '/devices/virtual/net/lo/queues/rx-0'
[  227.770688] kobject: 'tx-0' (00000000a924b78f): kobject_add_internal: parent: 'queues', set: 'queues'
[  227.770732] kobject: 'tx-0' (00000000a924b78f): kobject_uevent_env
[  227.770747] kobject: 'tx-0' (00000000a924b78f): fill_kobj_path: path = '/devices/virtual/net/lo/queues/tx-0'
[  776.544256] kworker/2:1 (63) used greatest stack depth: 23656 bytes left
[  812.177723] stcp: loading out-of-tree module taints kernel.
[  812.178478] stcp: module verification failed: signature and/or required key missing - tainting kernel
[  812.189534] kobject: 'stcp' (000000002d5cc72d): kobject_add_internal: parent: 'module', set: 'module'
[  812.189576] kobject: 'holders' (000000001bb3d1ef): kobject_add_internal: parent: 'stcp', set: '<NULL>'
[  812.190695] kobject: 'STCP' (000000008bd0c740): kobject_add_internal: parent: 'slab', set: 'slab'
[  812.190916] NET: Registered PF_MCTP protocol family
[  812.190925] stcp: loopback BSD transport loaded
[  812.190934] kobject: 'stcp' (000000002d5cc72d): kobject_uevent_env
[  812.190950] kobject: 'stcp' (000000002d5cc72d): fill_kobj_path: path = '/module/stcp'
[  836.025270] BUG: kernel NULL pointer dereference, address: 0000000000000000
[  836.025318] #PF: supervisor instruction fetch in kernel mode
[  836.025342] #PF: error_code(0x0010) - not-present page
[  836.025364] PGD 0 P4D 0
[  836.025401] Oops: Oops: 0010 [#1] SMP KASAN NOPTI
[  836.025435] CPU: 2 UID: 1000 PID: 3772 Comm: stcp_large_test Tainted: G           OE       7.2.0-rc1-next-20260703-rust-stcp-debug-kasan-uus #4 PREEMPT(lazy)
[  836.025476] Tainted: [O]=OOT_MODULE, [E]=UNSIGNED_MODULE
[  836.025494] Hardware name: System manufacturer System Product Name/M4A785TD-V EVO, BIOS 2105    07/23/2010
[  836.025516] RIP: 0010:0x0
[  836.025549] Code: Unable to access opcode bytes at 0xffffffffffffffd6.

Code starting with the faulting instruction
===========================================
[  836.025569] RSP: 0018:ffff8881cd2e7d40 EFLAGS: 00010246
[  836.025598] RAX: 1ffffffff8516066 RBX: ffff88812904dc00 RCX: dffffc0000000000
[  836.025620] RDX: 0000000000000001 RSI: 0000000000000201 RDI: ffff88812904dc00
[  836.025642] RBP: 1ffff11022cc962b R08: ffff88812904dc67 R09: 1ffff11025209b8c
[  836.025664] R10: dffffc0000000000 R11: 0000000000000000 R12: dffffc0000000000
[  836.025685] R13: 1ffff11025209b85 R14: ffff88812904dc28 R15: ffffffffc28b0330
[  836.025707] FS:  00007f77e000a780(0000) GS:ffff8886386a0000(0000) knlGS:0000000000000000
[  836.025732] CS:  0010 DS: 0000 ES: 0000 CR0: 0000000080050033
[  836.025753] CR2: ffffffffffffffd6 CR3: 0000000173690000 CR4: 00000000000006f0
[  836.025776] Call Trace:
[  836.025795]  <TASK>
[  836.025813]  sk_common_release (/home/pomo/git/STCP/STCPv2/linux-kernel/rust/linux-uus/net/core/sock.c:4048)
[  836.025851] stcp_release+0x18c/0x1b0 stcp
[  836.026013]  __sock_release (/home/pomo/git/STCP/STCPv2/linux-kernel/rust/linux-uus/net/socket.c:739)
[  836.026044]  sock_close (/home/pomo/git/STCP/STCPv2/linux-kernel/rust/linux-uus/net/socket.c:1541)
[  836.026072]  __fput (/home/pomo/git/STCP/STCPv2/linux-kernel/rust/linux-uus/fs/file_table.c:512)
[  836.026104]  fput_close_sync (/home/pomo/git/STCP/STCPv2/linux-kernel/rust/linux-uus/fs/file_table.c:617)
[  836.026132]  __x64_sys_close (/home/pomo/git/STCP/STCPv2/linux-kernel/rust/linux-uus/fs/open.c:1511)
[  836.026162]  do_syscall_64 (/home/pomo/git/STCP/STCPv2/linux-kernel/rust/linux-uus/arch/x86/entry/syscall_64.c:63 /home/pomo/git/STCP/STCPv2/linux-kernel/rust/linux-uus/arch/x86/entry/syscall_64.c:94)
[  836.026192]  ? do_syscall_64 (/home/pomo/git/STCP/STCPv2/linux-kernel/rust/linux-uus/./include/linux/randomize_kstack.h:57)
[  836.026222]  entry_SYSCALL_64_after_hwframe (/home/pomo/git/STCP/STCPv2/linux-kernel/rust/linux-uus/arch/x86/entry/entry_64.S:121)
[  836.026249] RIP: 0033:0x7f77e009c687
[  836.026274] Code: 48 89 fa 4c 89 df e8 58 b3 00 00 8b 93 08 03 00 00 59 5e 48 83 f8 fc 74 1a 5b c3 0f 1f 84 00 00 00 00 00 48 8b 44 24 10 0f 05 <5b> c3 0f 1f 80 00 00 00 00 83 e2 39 83 fa 08 75 de e8 23 ff ff ff
All code
========
   0:	48 89 fa             	mov    %rdi,%rdx
   3:	4c 89 df             	mov    %r11,%rdi
   6:	e8 58 b3 00 00       	call   0xb363
   b:	8b 93 08 03 00 00    	mov    0x308(%rbx),%edx
  11:	59                   	pop    %rcx
  12:	5e                   	pop    %rsi
  13:	48 83 f8 fc          	cmp    $0xfffffffffffffffc,%rax
  17:	74 1a                	je     0x33
  19:	5b                   	pop    %rbx
  1a:	c3                   	ret
  1b:	0f 1f 84 00 00 00 00 	nopl   0x0(%rax,%rax,1)
  22:	00 
  23:	48 8b 44 24 10       	mov    0x10(%rsp),%rax
  28:	0f 05                	syscall
  2a:*	5b                   	pop    %rbx		<-- trapping instruction
  2b:	c3                   	ret
  2c:	0f 1f 80 00 00 00 00 	nopl   0x0(%rax)
  33:	83 e2 39             	and    $0x39,%edx
  36:	83 fa 08             	cmp    $0x8,%edx
  39:	75 de                	jne    0x19
  3b:	e8 23 ff ff ff       	call   0xffffffffffffff63

Code starting with the faulting instruction
===========================================
   0:	5b                   	pop    %rbx
   1:	c3                   	ret
   2:	0f 1f 80 00 00 00 00 	nopl   0x0(%rax)
   9:	83 e2 39             	and    $0x39,%edx
   c:	83 fa 08             	cmp    $0x8,%edx
   f:	75 de                	jne    0xffffffffffffffef
  11:	e8 23 ff ff ff       	call   0xffffffffffffff39
[  836.026300] RSP: 002b:00007ffe83acb740 EFLAGS: 00000202 ORIG_RAX: 0000000000000003
[  836.026332] RAX: ffffffffffffffda RBX: 00007f77e000a780 RCX: 00007f77e009c687
[  836.026353] RDX: 0000000000000000 RSI: 0000000000000000 RDI: 0000000000000004
[  836.026373] RBP: 0000000000032000 R08: 0000000000000000 R09: 0000000000000000
[  836.026394] R10: 0000000000000000 R11: 0000000000000202 R12: 0000000000000004
[  836.026413] R13: 0000000000000003 R14: 0000000000032000 R15: 00007f77dffd7010
[  836.026442]  </TASK>
[  836.026460] Modules linked in: stcp(OE) netconsole snd_seq_dummy snd_hrtimer snd_seq snd_seq_device qrtr rfkill binfmt_misc nls_ascii nls_cp437 vfat fat snd_hda_codec_via snd_hda_codec_generic snd_hda_codec_nvhdmi snd_hda_codec_hdmi edac_mce_amd kvm_amd snd_hda_intel ccp snd_hda_codec kvm snd_hda_core wmi_bmof snd_intel_dspcfg snd_intel_sdw_acpi irqbypass acpi_cpufreq snd_hwdep snd_pcm k10temp pcspkr snd_timer cdc_acm snd soundcore joydev asus_atk0110 evdev sg firewire_sbp2 msr parport_pc ppdev lp parport efi_pstore configfs autofs4 ext4 mbcache crc16 jbd2 nouveau hid_generic usbhid hid uas usb_storage mxm_wmi drm_gpuvm gpu_sched drm_ttm_helper ttm i2c_algo_bit drm_display_helper sd_mod ata_generic cec rc_core ahci video libahci ohci_pci pata_atiixp libata drm_exec ehci_pci drm_client_lib r8169 ehci_hcd drm_kms_helper ohci_hcd realtek phy_package mdio_devres firewire_ohci psmouse usbcore libphy scsi_mod drm firewire_core serio_raw sp5100_tco watchdog mdio_bus i2c_piix4 crc_itu_t wmi scsi_common i2c_smbus usb_common
[  836.027320]  button
[  836.027359] CR2: 0000000000000000
[  836.027385] ---[ end trace 0000000000000000 ]---
[  836.027388] BUG: kernel NULL pointer dereference, address: 0000000000000000
[  836.027402] #PF: supervisor instruction fetch in kernel mode
[  836.027407] #PF: error_code(0x0010) - not-present page
[  836.027411] PGD 0 P4D 0
[  836.027418] Oops: Oops: 0010 [#2] SMP KASAN NOPTI
[  836.027427] CPU: 0 UID: 1000 PID: 3779 Comm: stcp_large_test Tainted: G      D    OE       7.2.0-rc1-next-20260703-rust-stcp-debug-kasan-uus #4 PREEMPT(lazy)
[  836.027433] RIP: 0010:0x0
[  836.027444] Tainted: [D]=DIE, [O]=OOT_MODULE, [E]=UNSIGNED_MODULE
[  836.027451] Hardware name: System manufacturer System Product Name/M4A785TD-V EVO, BIOS 2105    07/23/2010
[  836.027453] Code: Unable to access opcode bytes at 0xffffffffffffffd6.

Code starting with the faulting instruction
===========================================
[  836.027457] RIP: 0010:0x0
[  836.027467] Code: Unable to access opcode bytes at 0xffffffffffffffd6.

Code starting with the faulting instruction
===========================================
[  836.027472] RSP: 0018:ffff8881cd2e7d40 EFLAGS: 00010246
[  836.027475] RSP: 0018:ffff88816a99fab0 EFLAGS: 00010246
[  836.027481]
[  836.027484] RAX: 1ffffffff8516066 RBX: ffff8881f89d1c00 RCX: dffffc0000000000
[  836.027489] RDX: 0000000000000001 RSI: 0000000000000201 RDI: ffff8881f89d1c00
[  836.027493] RBP: 1ffff110238fc4db R08: ffff8881f89d1c67 R09: 1ffff1103f13a38c
[  836.027496] R10: dffffc0000000000 R11: 0000000000000000 R12: dffffc0000000000
[  836.027502]
[  836.027511] R13: 1ffff1103f13a385 R14: ffff8881f89d1c28 R15: ffffffffc28b0330
[  836.027511] RAX: 1ffffffff8516066 RBX: ffff88812904dc00 RCX: dffffc0000000000
[  836.027517] FS:  00007f0c49fad780(0000) GS:ffff8886385a0000(0000) knlGS:0000000000000000
[  836.027526] CS:  0010 DS: 0000 ES: 0000 CR0: 0000000080050033
[  836.027526] RDX: 0000000000000001 RSI: 0000000000000201 RDI: ffff88812904dc00
[  836.027532] CR2: ffffffffffffffd6 CR3: 0000000173be6000 CR4: 00000000000006f0
[  836.027537] Call Trace:
[  836.027546]  <TASK>
[  836.027543] RBP: 1ffff11022cc962b R08: ffff88812904dc67 R09: 1ffff11025209b8c
[  836.027552]  sk_common_release (/home/pomo/git/STCP/STCPv2/linux-kernel/rust/linux-uus/net/core/sock.c:4048)
[  836.027573] R10: dffffc0000000000 R11: 0000000000000000 R12: dffffc0000000000
[  836.027596] R13: 1ffff11025209b85 R14: ffff88812904dc28 R15: ffffffffc28b0330
[  836.027617] FS:  00007f77e000a780(0000) GS:ffff8886386a0000(0000) knlGS:0000000000000000
[  836.027563] stcp_release+0x18c/0x1b0 stcp
[  836.027642] CS:  0010 DS: 0000 ES: 0000 CR0: 0000000080050033
[  836.027657]  __sock_release (/home/pomo/git/STCP/STCPv2/linux-kernel/rust/linux-uus/net/socket.c:739)
[  836.027664]  sock_close (/home/pomo/git/STCP/STCPv2/linux-kernel/rust/linux-uus/net/socket.c:1541)
[  836.027670]  __fput (/home/pomo/git/STCP/STCPv2/linux-kernel/rust/linux-uus/fs/file_table.c:512)
[  836.027678]  fput_close_sync (/home/pomo/git/STCP/STCPv2/linux-kernel/rust/linux-uus/fs/file_table.c:617)
[  836.027685] CR2: ffffffffffffffd6 CR3: 0000000173690000 CR4: 00000000000006f0
[  836.027686]  __x64_sys_close (/home/pomo/git/STCP/STCPv2/linux-kernel/rust/linux-uus/fs/open.c:1511)
[  836.027694]  do_syscall_64 (/home/pomo/git/STCP/STCPv2/linux-kernel/rust/linux-uus/arch/x86/entry/syscall_64.c:63 /home/pomo/git/STCP/STCPv2/linux-kernel/rust/linux-uus/arch/x86/entry/syscall_64.c:94)
[  836.027701]  ? ldsem_up_read (/home/pomo/git/STCP/STCPv2/linux-kernel/rust/linux-uus/./include/linux/instrumented.h:112)
[  836.027707]  ? file_tty_write (/home/pomo/git/STCP/STCPv2/linux-kernel/rust/linux-uus/drivers/tty/tty_io.c:1082)
[  836.027715]  ? vfs_write (/home/pomo/git/STCP/STCPv2/linux-kernel/rust/linux-uus/fs/read_write.c:595)
[  836.027720]  ? __pfx_tty_write (/home/pomo/git/STCP/STCPv2/linux-kernel/rust/linux-uus/drivers/tty/tty_io.c:?)
[  836.027727]  ? fpregs_assert_state_consistent (/home/pomo/git/STCP/STCPv2/linux-kernel/rust/linux-uus/./include/linux/instrumented.h:82)
[  836.027733]  ? arch_exit_to_user_mode_prepare (/home/pomo/git/STCP/STCPv2/linux-kernel/rust/linux-uus/./arch/x86/include/asm/entry-common.h:63)
[  836.027738]  ? do_syscall_64 (/home/pomo/git/STCP/STCPv2/linux-kernel/rust/linux-uus/./include/linux/irq-entry-common.h:210)
[  836.027744]  ? fpregs_assert_state_consistent (/home/pomo/git/STCP/STCPv2/linux-kernel/rust/linux-uus/./include/linux/instrumented.h:82)
[  836.027750]  ? do_syscall_64 (/home/pomo/git/STCP/STCPv2/linux-kernel/rust/linux-uus/./include/linux/randomize_kstack.h:57)
[  836.027755]  entry_SYSCALL_64_after_hwframe (/home/pomo/git/STCP/STCPv2/linux-kernel/rust/linux-uus/arch/x86/entry/entry_64.S:121)
[  836.027760] RIP: 0033:0x7f0c4a03f687
[  836.027765] Code: 48 89 fa 4c 89 df e8 58 b3 00 00 8b 93 08 03 00 00 59 5e 48 83 f8 fc 74 1a 5b c3 0f 1f 84 00 00 00 00 00 48 8b 44 24 10 0f 05 <5b> c3 0f 1f 80 00 00 00 00 83 e2 39 83 fa 08 75 de e8 23 ff ff ff
All code
========
   0:	48 89 fa             	mov    %rdi,%rdx
   3:	4c 89 df             	mov    %r11,%rdi
   6:	e8 58 b3 00 00       	call   0xb363
   b:	8b 93 08 03 00 00    	mov    0x308(%rbx),%edx
  11:	59                   	pop    %rcx
  12:	5e                   	pop    %rsi
  13:	48 83 f8 fc          	cmp    $0xfffffffffffffffc,%rax
  17:	74 1a                	je     0x33
  19:	5b                   	pop    %rbx
  1a:	c3                   	ret
  1b:	0f 1f 84 00 00 00 00 	nopl   0x0(%rax,%rax,1)
  22:	00 
  23:	48 8b 44 24 10       	mov    0x10(%rsp),%rax
  28:	0f 05                	syscall
  2a:*	5b                   	pop    %rbx		<-- trapping instruction
  2b:	c3                   	ret
  2c:	0f 1f 80 00 00 00 00 	nopl   0x0(%rax)
  33:	83 e2 39             	and    $0x39,%edx
  36:	83 fa 08             	cmp    $0x8,%edx
  39:	75 de                	jne    0x19
  3b:	e8 23 ff ff ff       	call   0xffffffffffffff63

Code starting with the faulting instruction
===========================================
   0:	5b                   	pop    %rbx
   1:	c3                   	ret
   2:	0f 1f 80 00 00 00 00 	nopl   0x0(%rax)
   9:	83 e2 39             	and    $0x39,%edx
   c:	83 fa 08             	cmp    $0x8,%edx
   f:	75 de                	jne    0xffffffffffffffef
  11:	e8 23 ff ff ff       	call   0xffffffffffffff39
[  836.027770] RSP: 002b:00007ffeb88c3c20 EFLAGS: 00000202 ORIG_RAX: 0000000000000003
[  836.027779] Kernel panic - not syncing: Fatal exception
[  837.162725] Shutting down cpus with NMI
[  837.162760] Kernel Offset: 0x21200000 from 0xffffffff81000000 (relocation range: 0xffffffff80000000-0xffffffffbfffffff)
[  837.162799] ---[ end Kernel panic - not syncing: Fatal exception ]---
** 3 printk messages dropped **
[   19.617018] Error: Driver 'pcspkr' is already registered, aborting...
[   77.331725] nouveau 0000:01:00.0: gr: FECS 00000001
[   77.331745] nouveau 0000:01:00.0: gr: 409000 - done 00000300
[   77.331757] nouveau 0000:01:00.0: gr: 409000 - stat 00003500 00000000 00000001 00000000
[   77.331769] nouveau 0000:01:00.0: gr: 409000 - stat 00011900 00000000 00000018 00000000
[   77.331778] nouveau 0000:01:00.0: gr: 502000 - done 00000300
[   77.331789] nouveau 0000:01:00.0: gr: 502000 - stat 00000000 00000000 00000001 00000000
[   77.331800] nouveau 0000:01:00.0: gr: 502000 - stat 00030747 00000000 00000000 00000000
[   77.331808] nouveau 0000:01:00.0: gr: 50a000 - done 00000300
[   77.331819] nouveau 0000:01:00.0: gr: 50a000 - stat 00000000 00000000 00000001 00000000
[   77.331830] nouveau 0000:01:00.0: gr: 50a000 - stat 0003074a 00000000 00000000 00000000
[   77.331838] nouveau 0000:01:00.0: gr: 512000 - done 00000300
[   77.331849] nouveau 0000:01:00.0: gr: 512000 - stat 00000000 00000000 00000001 00000000
[   77.331861] nouveau 0000:01:00.0: gr: 512000 - stat 0003074d 00000000 00000000 00000000
[   77.331869] nouveau 0000:01:00.0: gr: 51a000 - done 00000300
[   77.331879] nouveau 0000:01:00.0: gr: 51a000 - stat 00000000 00000000 00000001 00000000
[   77.331890] nouveau 0000:01:00.0: gr: 51a000 - stat 00030750 00000000 00000000 00000000

============================================================
KERNEL-SYMBOLIT
============================================================

------------------------------------------------------------
arch_exit_to_user_mode_prepare+0x9/0x90
------------------------------------------------------------
arch_exit_to_user_mode_prepare+0x9/0x90:
addr2line: DWARF error: mangled line number section (bad file number)
addr2line: DWARF error: mangled line number section (bad file number)
addr2line: DWARF error: mangled line number section (bad file number)
addr2line: DWARF error: mangled line number section (bad file number)
arch_exit_to_user_mode_prepare at arch/x86/include/asm/entry-common.h:65

arch_exit_to_user_mode_prepare+0x9/0x90:
addr2line: DWARF error: mangled line number section (bad file number)
addr2line: DWARF error: mangled line number section (bad file number)
addr2line: DWARF error: mangled line number section (bad file number)
addr2line: DWARF error: mangled line number section (bad file number)
addr2line: DWARF error: mangled line number section (bad file number)
arch_exit_to_user_mode_prepare at arch/x86/include/asm/entry-common.h:65

arch_exit_to_user_mode_prepare+0x9/0x90:
addr2line: DWARF error: mangled line number section (bad file number)
addr2line: DWARF error: mangled line number section (bad file number)
addr2line: DWARF error: mangled line number section (bad file number)
addr2line: DWARF error: mangled line number section (bad file number)
addr2line: DWARF error: mangled line number section (bad file number)
addr2line: DWARF error: mangled line number section (bad file number)
addr2line: DWARF error: mangled line number section (bad file number)
addr2line: DWARF error: mangled line number section (bad file number)
addr2line: DWARF error: mangled line number section (bad file number)
addr2line: DWARF error: mangled line number section (bad file number)
addr2line: DWARF error: mangled line number section (bad file number)
addr2line: DWARF error: mangled line number section (bad file number)
addr2line: DWARF error: mangled line number section (bad file number)
addr2line: DWARF error: mangled line number section (bad file number)
addr2line: DWARF error: mangled line number section (bad file number)
addr2line: DWARF error: mangled line number section (bad file number)
addr2line: DWARF error: mangled line number section (bad file number)
arch_exit_to_user_mode_prepare at arch/x86/include/asm/entry-common.h:65

------------------------------------------------------------
do_syscall_64+0x135/0x410
------------------------------------------------------------
do_syscall_64+0x135/0x410:
addr2line: DWARF error: mangled line number section (bad file number)
addr2line: DWARF error: mangled line number section (bad file number)
addr2line: DWARF error: mangled line number section (bad file number)
addr2line: DWARF error: mangled line number section (bad file number)
do_syscall_64 at arch/x86/entry/syscall_64.c:?

------------------------------------------------------------
do_syscall_64+0x174/0x410
------------------------------------------------------------
do_syscall_64+0x174/0x410:
addr2line: DWARF error: mangled line number section (bad file number)
addr2line: DWARF error: mangled line number section (bad file number)
addr2line: DWARF error: mangled line number section (bad file number)
addr2line: DWARF error: mangled line number section (bad file number)
do_syscall_64 at include/linux/unwind_deferred.h:36

------------------------------------------------------------
do_syscall_64+0xf0/0x410
------------------------------------------------------------
do_syscall_64+0xf0/0x410:
addr2line: DWARF error: mangled line number section (bad file number)
addr2line: DWARF error: mangled line number section (bad file number)
addr2line: DWARF error: mangled line number section (bad file number)
addr2line: DWARF error: mangled line number section (bad file number)
__preempt_count_dec_and_test at arch/x86/include/asm/preempt.h:95
(inlined by) get_kstack_offset at include/linux/randomize_kstack.h:58
(inlined by) do_syscall_64 at arch/x86/entry/syscall_64.c:92

------------------------------------------------------------
entry_SYSCALL_64_after_hwframe+0x76/0x7e
------------------------------------------------------------
entry_SYSCALL_64_after_hwframe+0x76/0x7e:
addr2line: DWARF error: mangled line number section (bad file number)
addr2line: DWARF error: mangled line number section (bad file number)
addr2line: DWARF error: mangled line number section (bad file number)
addr2line: DWARF error: mangled line number section (bad file number)
entry_SYSCALL_64_after_hwframe at arch/x86/entry/entry_64.S:130

------------------------------------------------------------
file_tty_write+0x7c8/0x870
------------------------------------------------------------
file_tty_write+0x7c8/0x870:
addr2line: DWARF error: mangled line number section (bad file number)
addr2line: DWARF error: mangled line number section (bad file number)
addr2line: DWARF error: mangled line number section (bad file number)
addr2line: DWARF error: mangled line number section (bad file number)
addr2line: DWARF error: mangled line number section (bad file number)
addr2line: DWARF error: mangled line number section (bad file number)
addr2line: DWARF error: mangled line number section (bad file number)
addr2line: DWARF error: mangled line number section (bad file number)
addr2line: DWARF error: mangled line number section (bad file number)
addr2line: DWARF error: mangled line number section (bad file number)
addr2line: DWARF error: mangled line number section (bad file number)
addr2line: DWARF error: mangled line number section (bad file number)
addr2line: DWARF error: mangled line number section (bad file number)
addr2line: DWARF error: mangled line number section (bad file number)
addr2line: DWARF error: mangled line number section (bad file number)
addr2line: DWARF error: mangled line number section (bad file number)
addr2line: DWARF error: mangled line number section (bad file number)
addr2line: DWARF error: mangled line number section (bad file number)
addr2line: DWARF error: mangled line number section (bad file number)
addr2line: DWARF error: mangled line number section (bad file number)
addr2line: DWARF error: mangled line number section (bad file number)
addr2line: DWARF error: mangled line number section (bad file number)
addr2line: DWARF error: mangled line number section (bad file number)
addr2line: DWARF error: mangled line number section (bad file number)
addr2line: DWARF error: mangled line number section (bad file number)
addr2line: DWARF error: mangled line number section (bad file number)
addr2line: DWARF error: mangled line number section (bad file number)
addr2line: DWARF error: mangled line number section (bad file number)
addr2line: DWARF error: mangled line number section (bad file number)
addr2line: DWARF error: mangled line number section (bad file number)
addr2line: DWARF error: mangled line number section (bad file number)
addr2line: DWARF error: mangled line number section (bad file number)
addr2line: DWARF error: mangled line number section (bad file number)
addr2line: DWARF error: mangled line number section (bad file number)
addr2line: DWARF error: mangled line number section (bad file number)
addr2line: DWARF error: mangled line number section (bad file number)
addr2line: DWARF error: mangled line number section (bad file number)
addr2line: DWARF error: mangled line number section (bad file number)
addr2line: DWARF error: mangled line number section (bad file number)
addr2line: DWARF error: mangled line number section (bad file number)
addr2line: DWARF error: mangled line number section (bad file number)
addr2line: DWARF error: mangled line number section (bad file number)
addr2line: DWARF error: mangled line number section (bad file number)
addr2line: DWARF error: mangled line number section (bad file number)
addr2line: DWARF error: mangled line number section (bad file number)
addr2line: DWARF error: mangled line number section (bad file number)
addr2line: DWARF error: mangled line number section (bad file number)
addr2line: DWARF error: mangled line number section (bad file number)
addr2line: DWARF error: mangled line number section (bad file number)
addr2line: DWARF error: mangled line number section (bad file number)
file_tty_write at drivers/tty/tty_io.c:1084

------------------------------------------------------------
fpregs_assert_state_consistent+0x54/0xf0
------------------------------------------------------------
fpregs_assert_state_consistent+0x54/0xf0:
addr2line: DWARF error: mangled line number section (bad file number)
addr2line: DWARF error: mangled line number section (bad file number)
addr2line: DWARF error: mangled line number section (bad file number)
addr2line: DWARF error: mangled line number section (bad file number)
addr2line: DWARF error: mangled line number section (bad file number)
addr2line: DWARF error: mangled line number section (bad file number)
addr2line: DWARF error: mangled line number section (bad file number)
addr2line: DWARF error: mangled line number section (bad file number)
addr2line: DWARF error: mangled line number section (bad file number)
addr2line: DWARF error: mangled line number section (bad file number)
addr2line: DWARF error: mangled line number section (bad file number)
addr2line: DWARF error: mangled line number section (bad file number)
addr2line: DWARF error: mangled line number section (bad file number)
addr2line: DWARF error: mangled line number section (bad file number)
addr2line: DWARF error: mangled line number section (bad file number)
fpregs_assert_state_consistent at include/linux/instrumented.h:67

------------------------------------------------------------
__fput+0x323/0x6c0
------------------------------------------------------------
__fput+0x323/0x6c0:
addr2line: DWARF error: mangled line number section (bad file number)
addr2line: DWARF error: mangled line number section (bad file number)
addr2line: DWARF error: mangled line number section (bad file number)
addr2line: DWARF error: mangled line number section (bad file number)
addr2line: DWARF error: mangled line number section (bad file number)
addr2line: DWARF error: mangled line number section (bad file number)
addr2line: DWARF error: mangled line number section (bad file number)
addr2line: DWARF error: mangled line number section (bad file number)
addr2line: DWARF error: mangled line number section (bad file number)
addr2line: DWARF error: mangled line number section (bad file number)
addr2line: DWARF error: mangled line number section (bad file number)
addr2line: DWARF error: mangled line number section (bad file number)
addr2line: DWARF error: mangled line number section (bad file number)
addr2line: DWARF error: mangled line number section (bad file number)
addr2line: DWARF error: mangled line number section (bad file number)
addr2line: DWARF error: mangled line number section (bad file number)
addr2line: DWARF error: mangled line number section (bad file number)
addr2line: DWARF error: mangled line number section (bad file number)
addr2line: DWARF error: mangled line number section (bad file number)
addr2line: DWARF error: mangled line number section (bad file number)
addr2line: DWARF error: mangled line number section (bad file number)
addr2line: DWARF error: mangled line number section (bad file number)
addr2line: DWARF error: mangled line number section (bad file number)
addr2line: DWARF error: mangled line number section (bad file number)
addr2line: DWARF error: mangled line number section (bad file number)
addr2line: DWARF error: mangled line number section (bad file number)
addr2line: DWARF error: mangled line number section (bad file number)
__fput at fs/file_table.c:513

------------------------------------------------------------
fput_close_sync+0xa6/0x140
------------------------------------------------------------
fput_close_sync+0xa6/0x140:
addr2line: DWARF error: mangled line number section (bad file number)
addr2line: DWARF error: mangled line number section (bad file number)
addr2line: DWARF error: mangled line number section (bad file number)
addr2line: DWARF error: mangled line number section (bad file number)
addr2line: DWARF error: mangled line number section (bad file number)
addr2line: DWARF error: mangled line number section (bad file number)
addr2line: DWARF error: mangled line number section (bad file number)
addr2line: DWARF error: mangled line number section (bad file number)
addr2line: DWARF error: mangled line number section (bad file number)
addr2line: DWARF error: mangled line number section (bad file number)
addr2line: DWARF error: mangled line number section (bad file number)
addr2line: DWARF error: mangled line number section (bad file number)
addr2line: DWARF error: mangled line number section (bad file number)
addr2line: DWARF error: mangled line number section (bad file number)
addr2line: DWARF error: mangled line number section (bad file number)
addr2line: DWARF error: mangled line number section (bad file number)
addr2line: DWARF error: mangled line number section (bad file number)
addr2line: DWARF error: mangled line number section (bad file number)
addr2line: DWARF error: mangled line number section (bad file number)
addr2line: DWARF error: mangled line number section (bad file number)
addr2line: DWARF error: mangled line number section (bad file number)
addr2line: DWARF error: mangled line number section (bad file number)
addr2line: DWARF error: mangled line number section (bad file number)
addr2line: DWARF error: mangled line number section (bad file number)
addr2line: DWARF error: mangled line number section (bad file number)
addr2line: DWARF error: mangled line number section (bad file number)
addr2line: DWARF error: mangled line number section (bad file number)
fput_close_sync at fs/file_table.c:618

------------------------------------------------------------
ldsem_up_read+0x20/0x100
------------------------------------------------------------
ldsem_up_read+0x20/0x100:
addr2line: DWARF error: mangled line number section (bad file number)
addr2line: DWARF error: mangled line number section (bad file number)
addr2line: DWARF error: mangled line number section (bad file number)
addr2line: DWARF error: mangled line number section (bad file number)
addr2line: DWARF error: mangled line number section (bad file number)
addr2line: DWARF error: mangled line number section (bad file number)
addr2line: DWARF error: mangled line number section (bad file number)
addr2line: DWARF error: mangled line number section (bad file number)
addr2line: DWARF error: mangled line number section (bad file number)
addr2line: DWARF error: mangled line number section (bad file number)
addr2line: DWARF error: mangled line number section (bad file number)
addr2line: DWARF error: mangled line number section (bad file number)
addr2line: DWARF error: mangled line number section (bad file number)
addr2line: DWARF error: mangled line number section (bad file number)
addr2line: DWARF error: mangled line number section (bad file number)
addr2line: DWARF error: mangled line number section (bad file number)
addr2line: DWARF error: mangled line number section (bad file number)
addr2line: DWARF error: mangled line number section (bad file number)
addr2line: DWARF error: mangled line number section (bad file number)
addr2line: DWARF error: mangled line number section (bad file number)
addr2line: DWARF error: mangled line number section (bad file number)
addr2line: DWARF error: mangled line number section (bad file number)
addr2line: DWARF error: mangled line number section (bad file number)
addr2line: DWARF error: mangled line number section (bad file number)
addr2line: DWARF error: mangled line number section (bad file number)
addr2line: DWARF error: mangled line number section (bad file number)
addr2line: DWARF error: mangled line number section (bad file number)
addr2line: DWARF error: mangled line number section (bad file number)
addr2line: DWARF error: mangled line number section (bad file number)
addr2line: DWARF error: mangled line number section (bad file number)
addr2line: DWARF error: mangled line number section (bad file number)
addr2line: DWARF error: mangled line number section (bad file number)
addr2line: DWARF error: mangled line number section (bad file number)
addr2line: DWARF error: mangled line number section (bad file number)
addr2line: DWARF error: mangled line number section (bad file number)
addr2line: DWARF error: mangled line number section (bad file number)
addr2line: DWARF error: mangled line number section (bad file number)
addr2line: DWARF error: mangled line number section (bad file number)
addr2line: DWARF error: mangled line number section (bad file number)
addr2line: DWARF error: mangled line number section (bad file number)
addr2line: DWARF error: mangled line number section (bad file number)
addr2line: DWARF error: mangled line number section (bad file number)
addr2line: DWARF error: mangled line number section (bad file number)
addr2line: DWARF error: mangled line number section (bad file number)
addr2line: DWARF error: mangled line number section (bad file number)
addr2line: DWARF error: mangled line number section (bad file number)
addr2line: DWARF error: mangled line number section (bad file number)
addr2line: DWARF error: mangled line number section (bad file number)
addr2line: DWARF error: mangled line number section (bad file number)
addr2line: DWARF error: mangled line number section (bad file number)
ldsem_up_read at include/linux/instrumented.h:67

------------------------------------------------------------
__pfx_tty_write+0x10/0x10
------------------------------------------------------------
__pfx_tty_write+0x10/0x10:
addr2line: DWARF error: mangled line number section (bad file number)
addr2line: DWARF error: mangled line number section (bad file number)
addr2line: DWARF error: mangled line number section (bad file number)
addr2line: DWARF error: mangled line number section (bad file number)
addr2line: DWARF error: mangled line number section (bad file number)
addr2line: DWARF error: mangled line number section (bad file number)
addr2line: DWARF error: mangled line number section (bad file number)
addr2line: DWARF error: mangled line number section (bad file number)
addr2line: DWARF error: mangled line number section (bad file number)
addr2line: DWARF error: mangled line number section (bad file number)
addr2line: DWARF error: mangled line number section (bad file number)
addr2line: DWARF error: mangled line number section (bad file number)
addr2line: DWARF error: mangled line number section (bad file number)
addr2line: DWARF error: mangled line number section (bad file number)
addr2line: DWARF error: mangled line number section (bad file number)
addr2line: DWARF error: mangled line number section (bad file number)
addr2line: DWARF error: mangled line number section (bad file number)
addr2line: DWARF error: mangled line number section (bad file number)
addr2line: DWARF error: mangled line number section (bad file number)
addr2line: DWARF error: mangled line number section (bad file number)
addr2line: DWARF error: mangled line number section (bad file number)
addr2line: DWARF error: mangled line number section (bad file number)
addr2line: DWARF error: mangled line number section (bad file number)
addr2line: DWARF error: mangled line number section (bad file number)
addr2line: DWARF error: mangled line number section (bad file number)
addr2line: DWARF error: mangled line number section (bad file number)
addr2line: DWARF error: mangled line number section (bad file number)
addr2line: DWARF error: mangled line number section (bad file number)
addr2line: DWARF error: mangled line number section (bad file number)
addr2line: DWARF error: mangled line number section (bad file number)
addr2line: DWARF error: mangled line number section (bad file number)
addr2line: DWARF error: mangled line number section (bad file number)
addr2line: DWARF error: mangled line number section (bad file number)
addr2line: DWARF error: mangled line number section (bad file number)
addr2line: DWARF error: mangled line number section (bad file number)
addr2line: DWARF error: mangled line number section (bad file number)
addr2line: DWARF error: mangled line number section (bad file number)
addr2line: DWARF error: mangled line number section (bad file number)
addr2line: DWARF error: mangled line number section (bad file number)
addr2line: DWARF error: mangled line number section (bad file number)
addr2line: DWARF error: mangled line number section (bad file number)
addr2line: DWARF error: mangled line number section (bad file number)
addr2line: DWARF error: mangled line number section (bad file number)
addr2line: DWARF error: mangled line number section (bad file number)
addr2line: DWARF error: mangled line number section (bad file number)
addr2line: DWARF error: mangled line number section (bad file number)
addr2line: DWARF error: mangled line number section (bad file number)
addr2line: DWARF error: mangled line number section (bad file number)
addr2line: DWARF error: mangled line number section (bad file number)
addr2line: DWARF error: mangled line number section (bad file number)
tty_write at drivers/tty/tty_io.c:1101

------------------------------------------------------------
sk_common_release+0xa3/0x1e0
------------------------------------------------------------
sk_common_release+0xa3/0x1e0:
addr2line: DWARF error: mangled line number section (bad file number)
addr2line: DWARF error: mangled line number section (bad file number)
addr2line: DWARF error: mangled line number section (bad file number)
addr2line: DWARF error: mangled line number section (bad file number)
addr2line: DWARF error: mangled line number section (bad file number)
addr2line: DWARF error: mangled line number section (bad file number)
addr2line: DWARF error: mangled line number section (bad file number)
addr2line: DWARF error: mangled line number section (bad file number)
addr2line: DWARF error: mangled line number section (bad file number)
addr2line: DWARF error: mangled line number section (bad file number)
addr2line: DWARF error: mangled line number section (bad file number)
addr2line: DWARF error: mangled line number section (bad file number)
addr2line: DWARF error: mangled line number section (bad file number)
addr2line: DWARF error: mangled line number section (bad file number)
addr2line: DWARF error: mangled line number section (bad file number)
addr2line: DWARF error: mangled line number section (bad file number)
addr2line: DWARF error: mangled line number section (bad file number)
addr2line: DWARF error: mangled line number section (bad file number)
addr2line: DWARF error: mangled line number section (bad file number)
addr2line: DWARF error: mangled line number section (bad file number)
addr2line: DWARF error: mangled line number section (bad file number)
addr2line: DWARF error: mangled line number section (bad file number)
addr2line: DWARF error: mangled line number section (bad file number)
addr2line: DWARF error: mangled line number section (bad file number)
addr2line: DWARF error: mangled line number section (bad file number)
addr2line: DWARF error: mangled line number section (bad file number)
addr2line: DWARF error: mangled line number section (bad file number)
addr2line: DWARF error: mangled line number section (bad file number)
addr2line: DWARF error: mangled line number section (bad file number)
addr2line: DWARF error: mangled line number section (bad file number)
addr2line: DWARF error: mangled line number section (bad file number)
addr2line: DWARF error: mangled line number section (bad file number)
addr2line: DWARF error: mangled line number section (bad file number)
addr2line: DWARF error: mangled line number section (bad file number)
addr2line: DWARF error: mangled line number section (bad file number)
addr2line: DWARF error: mangled line number section (bad file number)
addr2line: DWARF error: mangled line number section (bad file number)
addr2line: DWARF error: mangled line number section (bad file number)
addr2line: DWARF error: mangled line number section (bad file number)
addr2line: DWARF error: mangled line number section (bad file number)
addr2line: DWARF error: mangled line number section (bad file number)
addr2line: DWARF error: mangled line number section (bad file number)
addr2line: DWARF error: mangled line number section (bad file number)
addr2line: DWARF error: mangled line number section (bad file number)
addr2line: DWARF error: mangled line number section (bad file number)
addr2line: DWARF error: mangled line number section (bad file number)
addr2line: DWARF error: mangled line number section (bad file number)
addr2line: DWARF error: mangled line number section (bad file number)
addr2line: DWARF error: mangled line number section (bad file number)
addr2line: DWARF error: mangled line number section (bad file number)
sock_orphan at include/net/sock.h:2138
(inlined by) sk_common_release at net/core/sock.c:4062

------------------------------------------------------------
sock_close+0x15/0x20
------------------------------------------------------------
sock_close+0x15/0x20:
addr2line: DWARF error: mangled line number section (bad file number)
addr2line: DWARF error: mangled line number section (bad file number)
addr2line: DWARF error: mangled line number section (bad file number)
addr2line: DWARF error: mangled line number section (bad file number)
addr2line: DWARF error: mangled line number section (bad file number)
addr2line: DWARF error: mangled line number section (bad file number)
addr2line: DWARF error: mangled line number section (bad file number)
addr2line: DWARF error: mangled line number section (bad file number)
addr2line: DWARF error: mangled line number section (bad file number)
addr2line: DWARF error: mangled line number section (bad file number)
addr2line: DWARF error: mangled line number section (bad file number)
addr2line: DWARF error: mangled line number section (bad file number)
addr2line: DWARF error: mangled line number section (bad file number)
addr2line: DWARF error: mangled line number section (bad file number)
addr2line: DWARF error: mangled line number section (bad file number)
addr2line: DWARF error: mangled line number section (bad file number)
addr2line: DWARF error: mangled line number section (bad file number)
addr2line: DWARF error: mangled line number section (bad file number)
addr2line: DWARF error: mangled line number section (bad file number)
addr2line: DWARF error: mangled line number section (bad file number)
addr2line: DWARF error: mangled line number section (bad file number)
addr2line: DWARF error: mangled line number section (bad file number)
addr2line: DWARF error: mangled line number section (bad file number)
addr2line: DWARF error: mangled line number section (bad file number)
addr2line: DWARF error: mangled line number section (bad file number)
addr2line: DWARF error: mangled line number section (bad file number)
addr2line: DWARF error: mangled line number section (bad file number)
addr2line: DWARF error: mangled line number section (bad file number)
addr2line: DWARF error: mangled line number section (bad file number)
addr2line: DWARF error: mangled line number section (bad file number)
addr2line: DWARF error: mangled line number section (bad file number)
addr2line: DWARF error: mangled line number section (bad file number)
addr2line: DWARF error: mangled line number section (bad file number)
addr2line: DWARF error: mangled line number section (bad file number)
addr2line: DWARF error: mangled line number section (bad file number)
addr2line: DWARF error: mangled line number section (bad file number)
addr2line: DWARF error: mangled line number section (bad file number)
addr2line: DWARF error: mangled line number section (bad file number)
addr2line: DWARF error: mangled line number section (bad file number)
addr2line: DWARF error: mangled line number section (bad file number)
addr2line: DWARF error: mangled line number section (bad file number)
addr2line: DWARF error: mangled line number section (bad file number)
addr2line: DWARF error: mangled line number section (bad file number)
addr2line: DWARF error: mangled line number section (bad file number)
addr2line: DWARF error: mangled line number section (bad file number)
addr2line: DWARF error: mangled line number section (bad file number)
addr2line: DWARF error: mangled line number section (bad file number)
addr2line: DWARF error: mangled line number section (bad file number)
addr2line: DWARF error: mangled line number section (bad file number)
addr2line: DWARF error: mangled line number section (bad file number)
sock_close at net/socket.c:1542

------------------------------------------------------------
__sock_release+0xb0/0x220
------------------------------------------------------------
__sock_release+0xb0/0x220:
addr2line: DWARF error: mangled line number section (bad file number)
addr2line: DWARF error: mangled line number section (bad file number)
addr2line: DWARF error: mangled line number section (bad file number)
addr2line: DWARF error: mangled line number section (bad file number)
addr2line: DWARF error: mangled line number section (bad file number)
addr2line: DWARF error: mangled line number section (bad file number)
addr2line: DWARF error: mangled line number section (bad file number)
addr2line: DWARF error: mangled line number section (bad file number)
addr2line: DWARF error: mangled line number section (bad file number)
addr2line: DWARF error: mangled line number section (bad file number)
addr2line: DWARF error: mangled line number section (bad file number)
addr2line: DWARF error: mangled line number section (bad file number)
addr2line: DWARF error: mangled line number section (bad file number)
addr2line: DWARF error: mangled line number section (bad file number)
addr2line: DWARF error: mangled line number section (bad file number)
addr2line: DWARF error: mangled line number section (bad file number)
addr2line: DWARF error: mangled line number section (bad file number)
addr2line: DWARF error: mangled line number section (bad file number)
addr2line: DWARF error: mangled line number section (bad file number)
addr2line: DWARF error: mangled line number section (bad file number)
addr2line: DWARF error: mangled line number section (bad file number)
addr2line: DWARF error: mangled line number section (bad file number)
addr2line: DWARF error: mangled line number section (bad file number)
addr2line: DWARF error: mangled line number section (bad file number)
addr2line: DWARF error: mangled line number section (bad file number)
addr2line: DWARF error: mangled line number section (bad file number)
addr2line: DWARF error: mangled line number section (bad file number)
addr2line: DWARF error: mangled line number section (bad file number)
addr2line: DWARF error: mangled line number section (bad file number)
addr2line: DWARF error: mangled line number section (bad file number)
addr2line: DWARF error: mangled line number section (bad file number)
addr2line: DWARF error: mangled line number section (bad file number)
addr2line: DWARF error: mangled line number section (bad file number)
addr2line: DWARF error: mangled line number section (bad file number)
addr2line: DWARF error: mangled line number section (bad file number)
addr2line: DWARF error: mangled line number section (bad file number)
addr2line: DWARF error: mangled line number section (bad file number)
addr2line: DWARF error: mangled line number section (bad file number)
addr2line: DWARF error: mangled line number section (bad file number)
addr2line: DWARF error: mangled line number section (bad file number)
addr2line: DWARF error: mangled line number section (bad file number)
addr2line: DWARF error: mangled line number section (bad file number)
addr2line: DWARF error: mangled line number section (bad file number)
addr2line: DWARF error: mangled line number section (bad file number)
addr2line: DWARF error: mangled line number section (bad file number)
addr2line: DWARF error: mangled line number section (bad file number)
addr2line: DWARF error: mangled line number section (bad file number)
addr2line: DWARF error: mangled line number section (bad file number)
addr2line: DWARF error: mangled line number section (bad file number)
addr2line: DWARF error: mangled line number section (bad file number)
__sock_release at net/socket.c:740

------------------------------------------------------------
stcp_release+0x18c/0x1b0
------------------------------------------------------------
no match for stcp_release+0x18c/0x1b0

------------------------------------------------------------
vfs_write+0x7b5/0xa20
------------------------------------------------------------
vfs_write+0x7b5/0xa20:
addr2line: DWARF error: mangled line number section (bad file number)
addr2line: DWARF error: mangled line number section (bad file number)
addr2line: DWARF error: mangled line number section (bad file number)
addr2line: DWARF error: mangled line number section (bad file number)
addr2line: DWARF error: mangled line number section (bad file number)
addr2line: DWARF error: mangled line number section (bad file number)
addr2line: DWARF error: mangled line number section (bad file number)
addr2line: DWARF error: mangled line number section (bad file number)
addr2line: DWARF error: mangled line number section (bad file number)
addr2line: DWARF error: mangled line number section (bad file number)
addr2line: DWARF error: mangled line number section (bad file number)
addr2line: DWARF error: mangled line number section (bad file number)
addr2line: DWARF error: mangled line number section (bad file number)
addr2line: DWARF error: mangled line number section (bad file number)
addr2line: DWARF error: mangled line number section (bad file number)
addr2line: DWARF error: mangled line number section (bad file number)
addr2line: DWARF error: mangled line number section (bad file number)
addr2line: DWARF error: mangled line number section (bad file number)
addr2line: DWARF error: mangled line number section (bad file number)
addr2line: DWARF error: mangled line number section (bad file number)
addr2line: DWARF error: mangled line number section (bad file number)
addr2line: DWARF error: mangled line number section (bad file number)
addr2line: DWARF error: mangled line number section (bad file number)
addr2line: DWARF error: mangled line number section (bad file number)
addr2line: DWARF error: mangled line number section (bad file number)
addr2line: DWARF error: mangled line number section (bad file number)
addr2line: DWARF error: mangled line number section (bad file number)
vfs_write at fs/read_write.c:596

------------------------------------------------------------
__x64_sys_close+0x80/0xc0
------------------------------------------------------------
__x64_sys_close+0x80/0xc0:
addr2line: DWARF error: mangled line number section (bad file number)
addr2line: DWARF error: mangled line number section (bad file number)
addr2line: DWARF error: mangled line number section (bad file number)
addr2line: DWARF error: mangled line number section (bad file number)
addr2line: DWARF error: mangled line number section (bad file number)
addr2line: DWARF error: mangled line number section (bad file number)
addr2line: DWARF error: mangled line number section (bad file number)
addr2line: DWARF error: mangled line number section (bad file number)
addr2line: DWARF error: mangled line number section (bad file number)
addr2line: DWARF error: mangled line number section (bad file number)
addr2line: DWARF error: mangled line number section (bad file number)
addr2line: DWARF error: mangled line number section (bad file number)
addr2line: DWARF error: mangled line number section (bad file number)
addr2line: DWARF error: mangled line number section (bad file number)
addr2line: DWARF error: mangled line number section (bad file number)
addr2line: DWARF error: mangled line number section (bad file number)
addr2line: DWARF error: mangled line number section (bad file number)
addr2line: DWARF error: mangled line number section (bad file number)
addr2line: DWARF error: mangled line number section (bad file number)
addr2line: DWARF error: mangled line number section (bad file number)
addr2line: DWARF error: mangled line number section (bad file number)
addr2line: DWARF error: mangled line number section (bad file number)
addr2line: DWARF error: mangled line number section (bad file number)
addr2line: DWARF error: mangled line number section (bad file number)
addr2line: DWARF error: mangled line number section (bad file number)
addr2line: DWARF error: mangled line number section (bad file number)
addr2line: DWARF error: mangled line number section (bad file number)
__x64_sys_close at fs/open.c:1513

============================================================
STCP-MODUULIN SYMBOLIT
============================================================

STCP-moduuliin kuuluvia symboleita ei tunnistettu.

============================================================
PALJAAT KERNEL-OSOITTEET
============================================================

------------------------------------------------------------
0xffff11022cc962b
------------------------------------------------------------
?? ??:0

------------------------------------------------------------
0xffff110238fc4db
------------------------------------------------------------
?? ??:0

------------------------------------------------------------
0xffff11025209b85
------------------------------------------------------------
?? ??:0

------------------------------------------------------------
0xffff11025209b8c
------------------------------------------------------------
?? ??:0

------------------------------------------------------------
0xffff1103f13a385
------------------------------------------------------------
?? ??:0

------------------------------------------------------------
0xffff1103f13a38c
------------------------------------------------------------
?? ??:0

------------------------------------------------------------
0xffff88812904dc00
------------------------------------------------------------
?? ??:0

------------------------------------------------------------
0xffff88812904dc28
------------------------------------------------------------
?? ??:0

------------------------------------------------------------
0xffff88812904dc67
------------------------------------------------------------
?? ??:0

------------------------------------------------------------
0xffff88816a99fab0
------------------------------------------------------------
?? ??:0

------------------------------------------------------------
0xffff8881cd2e7d40
------------------------------------------------------------
?? ??:0

------------------------------------------------------------
0xffff8881f89d1c00
------------------------------------------------------------
?? ??:0

------------------------------------------------------------
0xffff8881f89d1c28
------------------------------------------------------------
?? ??:0

------------------------------------------------------------
0xffff8881f89d1c67
------------------------------------------------------------
?? ??:0

------------------------------------------------------------
0xffff8886385a0000
------------------------------------------------------------
?? ??:0

------------------------------------------------------------
0xffff8886386a0000
------------------------------------------------------------
?? ??:0

------------------------------------------------------------
0xffffc0000000000
------------------------------------------------------------
?? ??:0

------------------------------------------------------------
0xffffffff80000000
------------------------------------------------------------
?? ??:0

------------------------------------------------------------
0xffffffff81000000
------------------------------------------------------------
addr2line: DWARF error: mangled line number section (bad file number)
addr2line: DWARF error: mangled line number section (bad file number)
addr2line: DWARF error: mangled line number section (bad file number)
addr2line: DWARF error: mangled line number section (bad file number)
addr2line: DWARF error: mangled line number section (bad file number)
addr2line: DWARF error: mangled line number section (bad file number)
addr2line: DWARF error: mangled line number section (bad file number)
addr2line: DWARF error: mangled line number section (bad file number)
addr2line: DWARF error: mangled line number section (bad file number)
addr2line: DWARF error: mangled line number section (bad file number)
addr2line: DWARF error: mangled line number section (bad file number)
addr2line: DWARF error: mangled line number section (bad file number)
addr2line: DWARF error: mangled line number section (bad file number)
addr2line: DWARF error: mangled line number section (bad file number)
addr2line: DWARF error: mangled line number section (bad file number)
addr2line: DWARF error: mangled line number section (bad file number)
addr2line: DWARF error: mangled line number section (bad file number)
addr2line: DWARF error: mangled line number section (bad file number)
addr2line: DWARF error: mangled line number section (bad file number)
addr2line: DWARF error: mangled line number section (bad file number)
addr2line: DWARF error: mangled line number section (bad file number)
addr2line: DWARF error: mangled line number section (bad file number)
addr2line: DWARF error: mangled line number section (bad file number)
addr2line: DWARF error: mangled line number section (bad file number)
addr2line: DWARF error: mangled line number section (bad file number)
addr2line: DWARF error: mangled line number section (bad file number)
addr2line: DWARF error: mangled line number section (bad file number)
addr2line: DWARF error: mangled line number section (bad file number)
addr2line: DWARF error: mangled line number section (bad file number)
addr2line: DWARF error: mangled line number section (bad file number)
addr2line: DWARF error: mangled line number section (bad file number)
addr2line: DWARF error: mangled line number section (bad file number)
addr2line: DWARF error: mangled line number section (bad file number)
addr2line: DWARF error: mangled line number section (bad file number)
addr2line: DWARF error: mangled line number section (bad file number)
addr2line: DWARF error: mangled line number section (bad file number)
addr2line: DWARF error: mangled line number section (bad file number)
addr2line: DWARF error: mangled line number section (bad file number)
addr2line: DWARF error: mangled line number section (bad file number)
addr2line: DWARF error: mangled line number section (bad file number)
addr2line: DWARF error: mangled line number section (bad file number)
addr2line: DWARF error: mangled line number section (bad file number)
addr2line: DWARF error: mangled line number section (bad file number)
addr2line: DWARF error: mangled line number section (bad file number)
addr2line: DWARF error: mangled line number section (bad file number)
addr2line: DWARF error: mangled line number section (bad file number)
addr2line: DWARF error: mangled line number section (bad file number)
addr2line: DWARF error: mangled line number section (bad file number)
addr2line: DWARF error: mangled line number section (bad file number)
addr2line: DWARF error: mangled line number section (bad file number)
addr2line: DWARF error: mangled line number section (bad file number)
addr2line: DWARF error: mangled line number section (bad file number)
addr2line: DWARF error: mangled line number section (bad file number)
addr2line: DWARF error: mangled line number section (bad file number)
addr2line: DWARF error: mangled line number section (bad file number)
addr2line: DWARF error: mangled line number section (bad file number)
addr2line: DWARF error: mangled line number section (bad file number)
addr2line: DWARF error: mangled line number section (bad file number)
addr2line: DWARF error: mangled line number section (bad file number)
addr2line: DWARF error: mangled line number section (bad file number)
addr2line: DWARF error: mangled line number section (bad file number)
addr2line: DWARF error: mangled line number section (bad file number)
addr2line: DWARF error: mangled line number section (bad file number)
addr2line: DWARF error: mangled line number section (bad file number)
addr2line: DWARF error: mangled line number section (bad file number)
addr2line: DWARF error: mangled line number section (bad file number)
addr2line: DWARF error: mangled line number section (bad file number)
addr2line: DWARF error: mangled line number section (bad file number)
addr2line: DWARF error: mangled line number section (bad file number)
srso_alias_untrain_ret at ??:?

------------------------------------------------------------
0xffffffff8516066
------------------------------------------------------------
?? ??:0

------------------------------------------------------------
0xffffffffbfffffff
------------------------------------------------------------
?? ??:0

------------------------------------------------------------
0xffffffffc28b0330
------------------------------------------------------------
?? ??:0

------------------------------------------------------------
0xffffffffffffffd6
------------------------------------------------------------
?? ??:0

------------------------------------------------------------
0xffffffffffffffda
------------------------------------------------------------
?? ??:0

============================================================
LOKIRIVIT JA RATKAISTUT OSOITTEET
============================================================

LOG: [  836.025516] RIP: 0010:0x0

LOG: [  836.025549] Code: Unable to access opcode bytes at 0xffffffffffffffd6.
  ADDRESS [kernel]: 0xffffffffffffffd6
    ?? ??:0

LOG: [  836.025569] RSP: 0018:ffff8881cd2e7d40 EFLAGS: 00010246
  ADDRESS [kernel]: 0xffff8881cd2e7d40
    ?? ??:0

LOG: [  836.025598] RAX: 1ffffffff8516066 RBX: ffff88812904dc00 RCX: dffffc0000000000
  ADDRESS [kernel]: 0xffff88812904dc00
    ?? ??:0
  ADDRESS [kernel]: 0xffffc0000000000
    ?? ??:0
  ADDRESS [kernel]: 0xffffffff8516066
    ?? ??:0

LOG: [  836.025620] RDX: 0000000000000001 RSI: 0000000000000201 RDI: ffff88812904dc00
  ADDRESS [kernel]: 0xffff88812904dc00
    ?? ??:0

LOG: [  836.025642] RBP: 1ffff11022cc962b R08: ffff88812904dc67 R09: 1ffff11025209b8c
  ADDRESS [kernel]: 0xffff11022cc962b
    ?? ??:0
  ADDRESS [kernel]: 0xffff11025209b8c
    ?? ??:0
  ADDRESS [kernel]: 0xffff88812904dc67
    ?? ??:0

LOG: [  836.025664] R10: dffffc0000000000 R11: 0000000000000000 R12: dffffc0000000000
  ADDRESS [kernel]: 0xffffc0000000000
    ?? ??:0

LOG: [  836.025685] R13: 1ffff11025209b85 R14: ffff88812904dc28 R15: ffffffffc28b0330
  ADDRESS [kernel]: 0xffff11025209b85
    ?? ??:0
  ADDRESS [kernel]: 0xffff88812904dc28
    ?? ??:0
  ADDRESS [kernel]: 0xffffffffc28b0330
    ?? ??:0

LOG: [  836.025707] FS:  00007f77e000a780(0000) GS:ffff8886386a0000(0000) knlGS:0000000000000000
  ADDRESS [kernel]: 0xffff8886386a0000
    ?? ??:0

LOG: [  836.025753] CR2: ffffffffffffffd6 CR3: 0000000173690000 CR4: 00000000000006f0
  ADDRESS [kernel]: 0xffffffffffffffd6
    ?? ??:0

LOG: [  836.025776] Call Trace:

LOG: [  836.025813]  sk_common_release+0xa3/0x1e0
  SYMBOL [kernel]: sk_common_release+0xa3/0x1e0
    sk_common_release+0xa3/0x1e0:
    sock_orphan at include/net/sock.h:2138
    (inlined by) sk_common_release at net/core/sock.c:4062

LOG: [  836.025851]  stcp_release+0x18c/0x1b0 [stcp]
  SYMBOL [kernel]: stcp_release+0x18c/0x1b0

LOG: [  836.026013]  __sock_release+0xb0/0x220
  SYMBOL [kernel]: __sock_release+0xb0/0x220
    __sock_release+0xb0/0x220:
    __sock_release at net/socket.c:740

LOG: [  836.026044]  sock_close+0x15/0x20
  SYMBOL [kernel]: sock_close+0x15/0x20
    sock_close+0x15/0x20:
    sock_close at net/socket.c:1542

LOG: [  836.026072]  __fput+0x323/0x6c0
  SYMBOL [kernel]: __fput+0x323/0x6c0
    __fput+0x323/0x6c0:
    __fput at fs/file_table.c:513

LOG: [  836.026104]  fput_close_sync+0xa6/0x140
  SYMBOL [kernel]: fput_close_sync+0xa6/0x140
    fput_close_sync+0xa6/0x140:
    fput_close_sync at fs/file_table.c:618

LOG: [  836.026132]  __x64_sys_close+0x80/0xc0
  SYMBOL [kernel]: __x64_sys_close+0x80/0xc0
    __x64_sys_close+0x80/0xc0:
    __x64_sys_close at fs/open.c:1513

LOG: [  836.026162]  do_syscall_64+0x135/0x410
  SYMBOL [kernel]: do_syscall_64+0x135/0x410
    do_syscall_64+0x135/0x410:
    do_syscall_64 at arch/x86/entry/syscall_64.c:?

LOG: [  836.026192]  ? do_syscall_64+0xf0/0x410
  SYMBOL [kernel]: do_syscall_64+0xf0/0x410
    do_syscall_64+0xf0/0x410:
    __preempt_count_dec_and_test at arch/x86/include/asm/preempt.h:95
    (inlined by) get_kstack_offset at include/linux/randomize_kstack.h:58
    (inlined by) do_syscall_64 at arch/x86/entry/syscall_64.c:92

LOG: [  836.026222]  entry_SYSCALL_64_after_hwframe+0x76/0x7e
  SYMBOL [kernel]: entry_SYSCALL_64_after_hwframe+0x76/0x7e
    entry_SYSCALL_64_after_hwframe+0x76/0x7e:
    entry_SYSCALL_64_after_hwframe at arch/x86/entry/entry_64.S:130

LOG: [  836.026249] RIP: 0033:0x7f77e009c687

LOG: [  836.026332] RAX: ffffffffffffffda RBX: 00007f77e000a780 RCX: 00007f77e009c687
  ADDRESS [kernel]: 0xffffffffffffffda
    ?? ??:0

LOG: [  836.027433] RIP: 0010:0x0

LOG: [  836.027453] Code: Unable to access opcode bytes at 0xffffffffffffffd6.
  ADDRESS [kernel]: 0xffffffffffffffd6
    ?? ??:0

LOG: [  836.027457] RIP: 0010:0x0

LOG: [  836.027467] Code: Unable to access opcode bytes at 0xffffffffffffffd6.
  ADDRESS [kernel]: 0xffffffffffffffd6
    ?? ??:0

LOG: [  836.027472] RSP: 0018:ffff8881cd2e7d40 EFLAGS: 00010246
  ADDRESS [kernel]: 0xffff8881cd2e7d40
    ?? ??:0

LOG: [  836.027475] RSP: 0018:ffff88816a99fab0 EFLAGS: 00010246
  ADDRESS [kernel]: 0xffff88816a99fab0
    ?? ??:0

LOG: [  836.027484] RAX: 1ffffffff8516066 RBX: ffff8881f89d1c00 RCX: dffffc0000000000
  ADDRESS [kernel]: 0xffff8881f89d1c00
    ?? ??:0
  ADDRESS [kernel]: 0xffffc0000000000
    ?? ??:0
  ADDRESS [kernel]: 0xffffffff8516066
    ?? ??:0

LOG: [  836.027489] RDX: 0000000000000001 RSI: 0000000000000201 RDI: ffff8881f89d1c00
  ADDRESS [kernel]: 0xffff8881f89d1c00
    ?? ??:0

LOG: [  836.027493] RBP: 1ffff110238fc4db R08: ffff8881f89d1c67 R09: 1ffff1103f13a38c
  ADDRESS [kernel]: 0xffff110238fc4db
    ?? ??:0
  ADDRESS [kernel]: 0xffff1103f13a38c
    ?? ??:0
  ADDRESS [kernel]: 0xffff8881f89d1c67
    ?? ??:0

LOG: [  836.027496] R10: dffffc0000000000 R11: 0000000000000000 R12: dffffc0000000000
  ADDRESS [kernel]: 0xffffc0000000000
    ?? ??:0

LOG: [  836.027511] R13: 1ffff1103f13a385 R14: ffff8881f89d1c28 R15: ffffffffc28b0330
  ADDRESS [kernel]: 0xffff1103f13a385
    ?? ??:0
  ADDRESS [kernel]: 0xffff8881f89d1c28
    ?? ??:0
  ADDRESS [kernel]: 0xffffffffc28b0330
    ?? ??:0

LOG: [  836.027511] RAX: 1ffffffff8516066 RBX: ffff88812904dc00 RCX: dffffc0000000000
  ADDRESS [kernel]: 0xffff88812904dc00
    ?? ??:0
  ADDRESS [kernel]: 0xffffc0000000000
    ?? ??:0
  ADDRESS [kernel]: 0xffffffff8516066
    ?? ??:0

LOG: [  836.027517] FS:  00007f0c49fad780(0000) GS:ffff8886385a0000(0000) knlGS:0000000000000000
  ADDRESS [kernel]: 0xffff8886385a0000
    ?? ??:0

LOG: [  836.027526] RDX: 0000000000000001 RSI: 0000000000000201 RDI: ffff88812904dc00
  ADDRESS [kernel]: 0xffff88812904dc00
    ?? ??:0

LOG: [  836.027532] CR2: ffffffffffffffd6 CR3: 0000000173be6000 CR4: 00000000000006f0
  ADDRESS [kernel]: 0xffffffffffffffd6
    ?? ??:0

LOG: [  836.027537] Call Trace:

LOG: [  836.027543] RBP: 1ffff11022cc962b R08: ffff88812904dc67 R09: 1ffff11025209b8c
  ADDRESS [kernel]: 0xffff11022cc962b
    ?? ??:0
  ADDRESS [kernel]: 0xffff11025209b8c
    ?? ??:0
  ADDRESS [kernel]: 0xffff88812904dc67
    ?? ??:0

LOG: [  836.027552]  sk_common_release+0xa3/0x1e0
  SYMBOL [kernel]: sk_common_release+0xa3/0x1e0
    sk_common_release+0xa3/0x1e0:
    sock_orphan at include/net/sock.h:2138
    (inlined by) sk_common_release at net/core/sock.c:4062

LOG: [  836.027573] R10: dffffc0000000000 R11: 0000000000000000 R12: dffffc0000000000
  ADDRESS [kernel]: 0xffffc0000000000
    ?? ??:0

LOG: [  836.027596] R13: 1ffff11025209b85 R14: ffff88812904dc28 R15: ffffffffc28b0330
  ADDRESS [kernel]: 0xffff11025209b85
    ?? ??:0
  ADDRESS [kernel]: 0xffff88812904dc28
    ?? ??:0
  ADDRESS [kernel]: 0xffffffffc28b0330
    ?? ??:0

LOG: [  836.027617] FS:  00007f77e000a780(0000) GS:ffff8886386a0000(0000) knlGS:0000000000000000
  ADDRESS [kernel]: 0xffff8886386a0000
    ?? ??:0

LOG: [  836.027563]  stcp_release+0x18c/0x1b0 [stcp]
  SYMBOL [kernel]: stcp_release+0x18c/0x1b0

LOG: [  836.027657]  __sock_release+0xb0/0x220
  SYMBOL [kernel]: __sock_release+0xb0/0x220
    __sock_release+0xb0/0x220:
    __sock_release at net/socket.c:740

LOG: [  836.027664]  sock_close+0x15/0x20
  SYMBOL [kernel]: sock_close+0x15/0x20
    sock_close+0x15/0x20:
    sock_close at net/socket.c:1542

LOG: [  836.027670]  __fput+0x323/0x6c0
  SYMBOL [kernel]: __fput+0x323/0x6c0
    __fput+0x323/0x6c0:
    __fput at fs/file_table.c:513

LOG: [  836.027678]  fput_close_sync+0xa6/0x140
  SYMBOL [kernel]: fput_close_sync+0xa6/0x140
    fput_close_sync+0xa6/0x140:
    fput_close_sync at fs/file_table.c:618

LOG: [  836.027685] CR2: ffffffffffffffd6 CR3: 0000000173690000 CR4: 00000000000006f0
  ADDRESS [kernel]: 0xffffffffffffffd6
    ?? ??:0

LOG: [  836.027686]  __x64_sys_close+0x80/0xc0
  SYMBOL [kernel]: __x64_sys_close+0x80/0xc0
    __x64_sys_close+0x80/0xc0:
    __x64_sys_close at fs/open.c:1513

LOG: [  836.027694]  do_syscall_64+0x135/0x410
  SYMBOL [kernel]: do_syscall_64+0x135/0x410
    do_syscall_64+0x135/0x410:
    do_syscall_64 at arch/x86/entry/syscall_64.c:?

LOG: [  836.027701]  ? ldsem_up_read+0x20/0x100
  SYMBOL [kernel]: ldsem_up_read+0x20/0x100
    ldsem_up_read+0x20/0x100:
    ldsem_up_read at include/linux/instrumented.h:67

LOG: [  836.027707]  ? file_tty_write+0x7c8/0x870
  SYMBOL [kernel]: file_tty_write+0x7c8/0x870
    file_tty_write+0x7c8/0x870:
    file_tty_write at drivers/tty/tty_io.c:1084

LOG: [  836.027715]  ? vfs_write+0x7b5/0xa20
  SYMBOL [kernel]: vfs_write+0x7b5/0xa20
    vfs_write+0x7b5/0xa20:
    vfs_write at fs/read_write.c:596

LOG: [  836.027720]  ? __pfx_tty_write+0x10/0x10
  SYMBOL [kernel]: __pfx_tty_write+0x10/0x10
    __pfx_tty_write+0x10/0x10:
    tty_write at drivers/tty/tty_io.c:1101

LOG: [  836.027727]  ? fpregs_assert_state_consistent+0x54/0xf0
  SYMBOL [kernel]: fpregs_assert_state_consistent+0x54/0xf0
    fpregs_assert_state_consistent+0x54/0xf0:
    fpregs_assert_state_consistent at include/linux/instrumented.h:67

LOG: [  836.027733]  ? arch_exit_to_user_mode_prepare+0x9/0x90
  SYMBOL [kernel]: arch_exit_to_user_mode_prepare+0x9/0x90
    arch_exit_to_user_mode_prepare+0x9/0x90:
    arch_exit_to_user_mode_prepare at arch/x86/include/asm/entry-common.h:65
    
    arch_exit_to_user_mode_prepare+0x9/0x90:
    arch_exit_to_user_mode_prepare at arch/x86/include/asm/entry-common.h:65
    
    arch_exit_to_user_mode_prepare+0x9/0x90:
    arch_exit_to_user_mode_prepare at arch/x86/include/asm/entry-common.h:65

LOG: [  836.027738]  ? do_syscall_64+0x174/0x410
  SYMBOL [kernel]: do_syscall_64+0x174/0x410
    do_syscall_64+0x174/0x410:
    do_syscall_64 at include/linux/unwind_deferred.h:36

LOG: [  836.027744]  ? fpregs_assert_state_consistent+0x54/0xf0
  SYMBOL [kernel]: fpregs_assert_state_consistent+0x54/0xf0
    fpregs_assert_state_consistent+0x54/0xf0:
    fpregs_assert_state_consistent at include/linux/instrumented.h:67

LOG: [  836.027750]  ? do_syscall_64+0xf0/0x410
  SYMBOL [kernel]: do_syscall_64+0xf0/0x410
    do_syscall_64+0xf0/0x410:
    __preempt_count_dec_and_test at arch/x86/include/asm/preempt.h:95
    (inlined by) get_kstack_offset at include/linux/randomize_kstack.h:58
    (inlined by) do_syscall_64 at arch/x86/entry/syscall_64.c:92

LOG: [  836.027755]  entry_SYSCALL_64_after_hwframe+0x76/0x7e
  SYMBOL [kernel]: entry_SYSCALL_64_after_hwframe+0x76/0x7e
    entry_SYSCALL_64_after_hwframe+0x76/0x7e:
    entry_SYSCALL_64_after_hwframe at arch/x86/entry/entry_64.S:130

LOG: [  836.027760] RIP: 0033:0x7f0c4a03f687

LOG: [  837.162760] Kernel Offset: 0x21200000 from 0xffffffff81000000 (relocation range: 0xffffffff80000000-0xffffffffbfffffff)
  ADDRESS [kernel]: 0xffffffff80000000
    ?? ??:0
  ADDRESS [kernel]: 0xffffffff81000000
    srso_alias_untrain_ret at ??:?
  ADDRESS [kernel]: 0xffffffffbfffffff
    ?? ??:0

============================================================
VALMIS
============================================================

Kernel:
  /home/pomo/git/STCP/STCPv2/linux-kernel/rust/linux-next/vmlinux

STCP-moduuli:
  /home/pomo/git/STCP/STCPv2/linux-kernel/linux-module/stcp.ko

