Makefile:130: warning: overriding recipe for target 'commit'
/tila/raspi/git/OOT-raspi/Makefile.commit:28: warning: ignoring old recipe for target 'commit'
Hakemistot luotu..
Build makefile made ...
# 1) stcp-core
cd rust && \
  cargo +nightly -Z build-std=core,alloc,compiler_builtins -Z build-std-features=compiler-builtins-mem,no-asm \
    build \
      --features stcp_debug        \
      --target mun.json \
              -Z json-target-spec \
      --release \
      --config 'build.rustflags=["-C","panic=abort","-C","relocation-model=static","-C","code-model=large","-C","embed-bitcode=no","-C","lto=no","-C","target-cpu=cortex-a72","-C","target-feature=-fma,-fma4,-avx,-avx2"]'
'-fma' is not a recognized feature for this target (ignoring feature)
'-fma4' is not a recognized feature for this target (ignoring feature)
'-avx' is not a recognized feature for this target (ignoring feature)
'-avx2' is not a recognized feature for this target (ignoring feature)
'-fma' is not a recognized feature for this target (ignoring feature)
'-fma4' is not a recognized feature for this target (ignoring feature)
'-avx' is not a recognized feature for this target (ignoring feature)
'-avx2' is not a recognized feature for this target (ignoring feature)
'-fma' is not a recognized feature for this target (ignoring feature)
'-fma4' is not a recognized feature for this target (ignoring feature)
'-avx' is not a recognized feature for this target (ignoring feature)
'-avx2' is not a recognized feature for this target (ignoring feature)
'-fma' is not a recognized feature for this target (ignoring feature)
'-fma4' is not a recognized feature for this target (ignoring feature)
'-avx' is not a recognized feature for this target (ignoring feature)
'-avx2' is not a recognized feature for this target (ignoring feature)
'-fma' is not a recognized feature for this target (ignoring feature)
'-fma4' is not a recognized feature for this target (ignoring feature)
'-avx' is not a recognized feature for this target (ignoring feature)
'-avx2' is not a recognized feature for this target (ignoring feature)
'-fma' is not a recognized feature for this target (ignoring feature)
'-fma4' is not a recognized feature for this target (ignoring feature)
'-avx' is not a recognized feature for this target (ignoring feature)
'-avx2' is not a recognized feature for this target (ignoring feature)
'-fma' is not a recognized feature for this target (ignoring feature)
'-fma4' is not a recognized feature for this target (ignoring feature)
'-avx' is not a recognized feature for this target (ignoring feature)
'-avx2' is not a recognized feature for this target (ignoring feature)
'-fma' is not a recognized feature for this target (ignoring feature)
'-fma4' is not a recognized feature for this target (ignoring feature)
'-avx' is not a recognized feature for this target (ignoring feature)
'-avx2' is not a recognized feature for this target (ignoring feature)
'-fma' is not a recognized feature for this target (ignoring feature)
'-fma4' is not a recognized feature for this target (ignoring feature)
'-avx' is not a recognized feature for this target (ignoring feature)
'-avx2' is not a recognized feature for this target (ignoring feature)
'-fma' is not a recognized feature for this target (ignoring feature)
'-fma4' is not a recognized feature for this target (ignoring feature)
'-avx' is not a recognized feature for this target (ignoring feature)
'-avx2' is not a recognized feature for this target (ignoring feature)
'-fma' is not a recognized feature for this target (ignoring feature)
'-fma4' is not a recognized feature for this target (ignoring feature)
'-avx' is not a recognized feature for this target (ignoring feature)
'-avx2' is not a recognized feature for this target (ignoring feature)
'-fma' is not a recognized feature for this target (ignoring feature)
'-fma4' is not a recognized feature for this target (ignoring feature)
'-avx' is not a recognized feature for this target (ignoring feature)
'-avx2' is not a recognized feature for this target (ignoring feature)
'-fma' is not a recognized feature for this target (ignoring feature)
'-fma4' is not a recognized feature for this target (ignoring feature)
'-avx' is not a recognized feature for this target (ignoring feature)
'-avx2' is not a recognized feature for this target (ignoring feature)
'-fma' is not a recognized feature for this target (ignoring feature)
'-fma4' is not a recognized feature for this target (ignoring feature)
'-avx' is not a recognized feature for this target (ignoring feature)
'-avx2' is not a recognized feature for this target (ignoring feature)
'-fma' is not a recognized feature for this target (ignoring feature)
'-fma4' is not a recognized feature for this target (ignoring feature)
'-avx' is not a recognized feature for this target (ignoring feature)
'-avx2' is not a recognized feature for this target (ignoring feature)
'-fma' is not a recognized feature for this target (ignoring feature)
'-fma4' is not a recognized feature for this target (ignoring feature)
'-avx' is not a recognized feature for this target (ignoring feature)
'-avx2' is not a recognized feature for this target (ignoring feature)
'-fma' is not a recognized feature for this target (ignoring feature)
'-fma4' is not a recognized feature for this target (ignoring feature)
'-avx' is not a recognized feature for this target (ignoring feature)
'-avx2' is not a recognized feature for this target (ignoring feature)
'-fma' is not a recognized feature for this target (ignoring feature)
'-fma4' is not a recognized feature for this target (ignoring feature)
'-avx' is not a recognized feature for this target (ignoring feature)
'-avx2' is not a recognized feature for this target (ignoring feature)
'-fma' is not a recognized feature for this target (ignoring feature)
'-fma4' is not a recognized feature for this target (ignoring feature)
'-avx' is not a recognized feature for this target (ignoring feature)
'-avx2' is not a recognized feature for this target (ignoring feature)
'-fma' is not a recognized feature for this target (ignoring feature)
'-fma4' is not a recognized feature for this target (ignoring feature)
'-avx' is not a recognized feature for this target (ignoring feature)
'-avx2' is not a recognized feature for this target (ignoring feature)
'-fma' is not a recognized feature for this target (ignoring feature)
'-fma4' is not a recognized feature for this target (ignoring feature)
'-avx' is not a recognized feature for this target (ignoring feature)
'-avx2' is not a recognized feature for this target (ignoring feature)
'-fma' is not a recognized feature for this target (ignoring feature)
'-fma4' is not a recognized feature for this target (ignoring feature)
'-avx' is not a recognized feature for this target (ignoring feature)
'-avx2' is not a recognized feature for this target (ignoring feature)
'-fma' is not a recognized feature for this target (ignoring feature)
'-fma4' is not a recognized feature for this target (ignoring feature)
'-avx' is not a recognized feature for this target (ignoring feature)
'-avx2' is not a recognized feature for this target (ignoring feature)
'-fma' is not a recognized feature for this target (ignoring feature)
'-fma4' is not a recognized feature for this target (ignoring feature)
'-avx' is not a recognized feature for this target (ignoring feature)
'-avx2' is not a recognized feature for this target (ignoring feature)
'-fma' is not a recognized feature for this target (ignoring feature)
'-fma4' is not a recognized feature for this target (ignoring feature)
'-avx' is not a recognized feature for this target (ignoring feature)
'-avx2' is not a recognized feature for this target (ignoring feature)
'-fma' is not a recognized feature for this target (ignoring feature)
'-fma4' is not a recognized feature for this target (ignoring feature)
'-avx' is not a recognized feature for this target (ignoring feature)
'-avx2' is not a recognized feature for this target (ignoring feature)
'-fma' is not a recognized feature for this target (ignoring feature)
'-fma4' is not a recognized feature for this target (ignoring feature)
'-avx' is not a recognized feature for this target (ignoring feature)
'-avx2' is not a recognized feature for this target (ignoring feature)
'-fma' is not a recognized feature for this target (ignoring feature)
'-fma4' is not a recognized feature for this target (ignoring feature)
'-avx' is not a recognized feature for this target (ignoring feature)
'-avx2' is not a recognized feature for this target (ignoring feature)
'-fma' is not a recognized feature for this target (ignoring feature)
'-fma4' is not a recognized feature for this target (ignoring feature)
'-avx' is not a recognized feature for this target (ignoring feature)
'-avx2' is not a recognized feature for this target (ignoring feature)
'-fma' is not a recognized feature for this target (ignoring feature)
'-fma4' is not a recognized feature for this target (ignoring feature)
'-avx' is not a recognized feature for this target (ignoring feature)
'-avx2' is not a recognized feature for this target (ignoring feature)
'-fma' is not a recognized feature for this target (ignoring feature)
'-fma4' is not a recognized feature for this target (ignoring feature)
'-avx' is not a recognized feature for this target (ignoring feature)
'-avx2' is not a recognized feature for this target (ignoring feature)
'-fma' is not a recognized feature for this target (ignoring feature)
'-fma4' is not a recognized feature for this target (ignoring feature)
'-avx' is not a recognized feature for this target (ignoring feature)
'-avx2' is not a recognized feature for this target (ignoring feature)
'-fma' is not a recognized feature for this target (ignoring feature)
'-fma4' is not a recognized feature for this target (ignoring feature)
'-avx' is not a recognized feature for this target (ignoring feature)
'-avx2' is not a recognized feature for this target (ignoring feature)
'-fma' is not a recognized feature for this target (ignoring feature)
'-fma4' is not a recognized feature for this target (ignoring feature)
'-avx' is not a recognized feature for this target (ignoring feature)
'-avx2' is not a recognized feature for this target (ignoring feature)
'-fma' is not a recognized feature for this target (ignoring feature)
'-fma4' is not a recognized feature for this target (ignoring feature)
'-avx' is not a recognized feature for this target (ignoring feature)
'-avx2' is not a recognized feature for this target (ignoring feature)
'-fma' is not a recognized feature for this target (ignoring feature)
'-fma4' is not a recognized feature for this target (ignoring feature)
'-avx' is not a recognized feature for this target (ignoring feature)
'-avx2' is not a recognized feature for this target (ignoring feature)
'-fma' is not a recognized feature for this target (ignoring feature)
'-fma4' is not a recognized feature for this target (ignoring feature)
'-avx' is not a recognized feature for this target (ignoring feature)
'-avx2' is not a recognized feature for this target (ignoring feature)
'-fma' is not a recognized feature for this target (ignoring feature)
'-fma4' is not a recognized feature for this target (ignoring feature)
'-avx' is not a recognized feature for this target (ignoring feature)
'-avx2' is not a recognized feature for this target (ignoring feature)
'-fma' is not a recognized feature for this target (ignoring feature)
'-fma4' is not a recognized feature for this target (ignoring feature)
'-avx' is not a recognized feature for this target (ignoring feature)
'-avx2' is not a recognized feature for this target (ignoring feature)
'-fma' is not a recognized feature for this target (ignoring feature)
'-fma4' is not a recognized feature for this target (ignoring feature)
'-avx' is not a recognized feature for this target (ignoring feature)
'-avx2' is not a recognized feature for this target (ignoring feature)
'-fma' is not a recognized feature for this target (ignoring feature)
'-fma4' is not a recognized feature for this target (ignoring feature)
'-avx' is not a recognized feature for this target (ignoring feature)
'-avx2' is not a recognized feature for this target (ignoring feature)
'-fma' is not a recognized feature for this target (ignoring feature)
'-fma4' is not a recognized feature for this target (ignoring feature)
'-avx' is not a recognized feature for this target (ignoring feature)
'-avx2' is not a recognized feature for this target (ignoring feature)
'-fma' is not a recognized feature for this target (ignoring feature)
'-fma4' is not a recognized feature for this target (ignoring feature)
'-avx' is not a recognized feature for this target (ignoring feature)
'-avx2' is not a recognized feature for this target (ignoring feature)
'-fma' is not a recognized feature for this target (ignoring feature)
'-fma4' is not a recognized feature for this target (ignoring feature)
'-avx' is not a recognized feature for this target (ignoring feature)
'-avx2' is not a recognized feature for this target (ignoring feature)
'-fma' is not a recognized feature for this target (ignoring feature)
'-fma4' is not a recognized feature for this target (ignoring feature)
'-avx' is not a recognized feature for this target (ignoring feature)
'-avx2' is not a recognized feature for this target (ignoring feature)
'-fma' is not a recognized feature for this target (ignoring feature)
'-fma4' is not a recognized feature for this target (ignoring feature)
'-avx' is not a recognized feature for this target (ignoring feature)
'-avx2' is not a recognized feature for this target (ignoring feature)
'-fma' is not a recognized feature for this target (ignoring feature)
'-fma4' is not a recognized feature for this target (ignoring feature)
'-avx' is not a recognized feature for this target (ignoring feature)
'-avx2' is not a recognized feature for this target (ignoring feature)
'-fma' is not a recognized feature for this target (ignoring feature)
'-fma4' is not a recognized feature for this target (ignoring feature)
'-avx' is not a recognized feature for this target (ignoring feature)
'-avx2' is not a recognized feature for this target (ignoring feature)
'-fma' is not a recognized feature for this target (ignoring feature)
'-fma4' is not a recognized feature for this target (ignoring feature)
'-avx' is not a recognized feature for this target (ignoring feature)
'-avx2' is not a recognized feature for this target (ignoring feature)
'-fma' is not a recognized feature for this target (ignoring feature)
'-fma4' is not a recognized feature for this target (ignoring feature)
'-avx' is not a recognized feature for this target (ignoring feature)
'-avx2' is not a recognized feature for this target (ignoring feature)
'-fma' is not a recognized feature for this target (ignoring feature)
'-fma4' is not a recognized feature for this target (ignoring feature)
'-avx' is not a recognized feature for this target (ignoring feature)
'-avx2' is not a recognized feature for this target (ignoring feature)
'-fma' is not a recognized feature for this target (ignoring feature)
'-fma4' is not a recognized feature for this target (ignoring feature)
'-avx' is not a recognized feature for this target (ignoring feature)
'-avx2' is not a recognized feature for this target (ignoring feature)
'-fma' is not a recognized feature for this target (ignoring feature)
'-fma4' is not a recognized feature for this target (ignoring feature)
'-avx' is not a recognized feature for this target (ignoring feature)
'-avx2' is not a recognized feature for this target (ignoring feature)
'-fma' is not a recognized feature for this target (ignoring feature)
'-fma4' is not a recognized feature for this target (ignoring feature)
'-avx' is not a recognized feature for this target (ignoring feature)
'-avx2' is not a recognized feature for this target (ignoring feature)
'-fma' is not a recognized feature for this target (ignoring feature)
'-fma4' is not a recognized feature for this target (ignoring feature)
'-avx' is not a recognized feature for this target (ignoring feature)
'-avx2' is not a recognized feature for this target (ignoring feature)
'-fma' is not a recognized feature for this target (ignoring feature)
'-fma4' is not a recognized feature for this target (ignoring feature)
'-avx' is not a recognized feature for this target (ignoring feature)
'-avx2' is not a recognized feature for this target (ignoring feature)
'-fma' is not a recognized feature for this target (ignoring feature)
'-fma4' is not a recognized feature for this target (ignoring feature)
'-avx' is not a recognized feature for this target (ignoring feature)
'-avx2' is not a recognized feature for this target (ignoring feature)
'-fma' is not a recognized feature for this target (ignoring feature)
'-fma4' is not a recognized feature for this target (ignoring feature)
'-avx' is not a recognized feature for this target (ignoring feature)
'-avx2' is not a recognized feature for this target (ignoring feature)
'-fma' is not a recognized feature for this target (ignoring feature)
'-fma4' is not a recognized feature for this target (ignoring feature)
'-avx' is not a recognized feature for this target (ignoring feature)
'-avx2' is not a recognized feature for this target (ignoring feature)
'-fma' is not a recognized feature for this target (ignoring feature)
'-fma4' is not a recognized feature for this target (ignoring feature)
'-avx' is not a recognized feature for this target (ignoring feature)
'-avx2' is not a recognized feature for this target (ignoring feature)
'-fma' is not a recognized feature for this target (ignoring feature)
'-fma4' is not a recognized feature for this target (ignoring feature)
'-avx' is not a recognized feature for this target (ignoring feature)
'-avx2' is not a recognized feature for this target (ignoring feature)
'-fma' is not a recognized feature for this target (ignoring feature)
'-fma4' is not a recognized feature for this target (ignoring feature)
'-avx' is not a recognized feature for this target (ignoring feature)
'-avx2' is not a recognized feature for this target (ignoring feature)
'-fma' is not a recognized feature for this target (ignoring feature)
'-fma4' is not a recognized feature for this target (ignoring feature)
'-avx' is not a recognized feature for this target (ignoring feature)
'-avx2' is not a recognized feature for this target (ignoring feature)
'-fma' is not a recognized feature for this target (ignoring feature)
'-fma4' is not a recognized feature for this target (ignoring feature)
'-avx' is not a recognized feature for this target (ignoring feature)
'-avx2' is not a recognized feature for this target (ignoring feature)
'-fma' is not a recognized feature for this target (ignoring feature)
'-fma4' is not a recognized feature for this target (ignoring feature)
'-avx' is not a recognized feature for this target (ignoring feature)
'-avx2' is not a recognized feature for this target (ignoring feature)
'-fma' is not a recognized feature for this target (ignoring feature)
'-fma4' is not a recognized feature for this target (ignoring feature)
'-avx' is not a recognized feature for this target (ignoring feature)
'-avx2' is not a recognized feature for this target (ignoring feature)
'-fma' is not a recognized feature for this target (ignoring feature)
'-fma4' is not a recognized feature for this target (ignoring feature)
'-avx' is not a recognized feature for this target (ignoring feature)
'-avx2' is not a recognized feature for this target (ignoring feature)
'-fma' is not a recognized feature for this target (ignoring feature)
'-fma4' is not a recognized feature for this target (ignoring feature)
'-avx' is not a recognized feature for this target (ignoring feature)
'-avx2' is not a recognized feature for this target (ignoring feature)
'-fma' is not a recognized feature for this target (ignoring feature)
'-fma4' is not a recognized feature for this target (ignoring feature)
'-avx' is not a recognized feature for this target (ignoring feature)
'-avx2' is not a recognized feature for this target (ignoring feature)
'-fma' is not a recognized feature for this target (ignoring feature)
'-fma4' is not a recognized feature for this target (ignoring feature)
'-avx' is not a recognized feature for this target (ignoring feature)
'-avx2' is not a recognized feature for this target (ignoring feature)
'-fma' is not a recognized feature for this target (ignoring feature)
'-fma4' is not a recognized feature for this target (ignoring feature)
'-avx' is not a recognized feature for this target (ignoring feature)
'-avx2' is not a recognized feature for this target (ignoring feature)
'-fma' is not a recognized feature for this target (ignoring feature)
'-fma4' is not a recognized feature for this target (ignoring feature)
'-avx' is not a recognized feature for this target (ignoring feature)
'-avx2' is not a recognized feature for this target (ignoring feature)
'-fma' is not a recognized feature for this target (ignoring feature)
'-fma4' is not a recognized feature for this target (ignoring feature)
'-avx' is not a recognized feature for this target (ignoring feature)
'-avx2' is not a recognized feature for this target (ignoring feature)
'-fma' is not a recognized feature for this target (ignoring feature)
'-fma4' is not a recognized feature for this target (ignoring feature)
'-avx' is not a recognized feature for this target (ignoring feature)
'-avx2' is not a recognized feature for this target (ignoring feature)
'-fma' is not a recognized feature for this target (ignoring feature)
'-fma4' is not a recognized feature for this target (ignoring feature)
'-avx' is not a recognized feature for this target (ignoring feature)
'-avx2' is not a recognized feature for this target (ignoring feature)
'-fma' is not a recognized feature for this target (ignoring feature)
'-fma4' is not a recognized feature for this target (ignoring feature)
'-avx' is not a recognized feature for this target (ignoring feature)
'-avx2' is not a recognized feature for this target (ignoring feature)
'-fma' is not a recognized feature for this target (ignoring feature)
'-fma4' is not a recognized feature for this target (ignoring feature)
'-avx' is not a recognized feature for this target (ignoring feature)
'-avx2' is not a recognized feature for this target (ignoring feature)
'-fma' is not a recognized feature for this target (ignoring feature)
'-fma4' is not a recognized feature for this target (ignoring feature)
'-avx' is not a recognized feature for this target (ignoring feature)
'-avx2' is not a recognized feature for this target (ignoring feature)
'-fma' is not a recognized feature for this target (ignoring feature)
'-fma4' is not a recognized feature for this target (ignoring feature)
'-avx' is not a recognized feature for this target (ignoring feature)
'-avx2' is not a recognized feature for this target (ignoring feature)
'-fma' is not a recognized feature for this target (ignoring feature)
'-fma4' is not a recognized feature for this target (ignoring feature)
'-avx' is not a recognized feature for this target (ignoring feature)
'-avx2' is not a recognized feature for this target (ignoring feature)
'-fma' is not a recognized feature for this target (ignoring feature)
'-fma4' is not a recognized feature for this target (ignoring feature)
'-avx' is not a recognized feature for this target (ignoring feature)
'-avx2' is not a recognized feature for this target (ignoring feature)
'-fma' is not a recognized feature for this target (ignoring feature)
'-fma4' is not a recognized feature for this target (ignoring feature)
'-avx' is not a recognized feature for this target (ignoring feature)
'-avx2' is not a recognized feature for this target (ignoring feature)
'-fma' is not a recognized feature for this target (ignoring feature)
'-fma4' is not a recognized feature for this target (ignoring feature)
'-avx' is not a recognized feature for this target (ignoring feature)
'-avx2' is not a recognized feature for this target (ignoring feature)
'-fma' is not a recognized feature for this target (ignoring feature)
'-fma4' is not a recognized feature for this target (ignoring feature)
'-avx' is not a recognized feature for this target (ignoring feature)
'-avx2' is not a recognized feature for this target (ignoring feature)
'-fma' is not a recognized feature for this target (ignoring feature)
'-fma4' is not a recognized feature for this target (ignoring feature)
'-avx' is not a recognized feature for this target (ignoring feature)
'-avx2' is not a recognized feature for this target (ignoring feature)
'-fma' is not a recognized feature for this target (ignoring feature)
'-fma4' is not a recognized feature for this target (ignoring feature)
'-avx' is not a recognized feature for this target (ignoring feature)
'-avx2' is not a recognized feature for this target (ignoring feature)
'-fma' is not a recognized feature for this target (ignoring feature)
'-fma4' is not a recognized feature for this target (ignoring feature)
'-avx' is not a recognized feature for this target (ignoring feature)
'-avx2' is not a recognized feature for this target (ignoring feature)
'-fma' is not a recognized feature for this target (ignoring feature)
'-fma4' is not a recognized feature for this target (ignoring feature)
'-avx' is not a recognized feature for this target (ignoring feature)
'-avx2' is not a recognized feature for this target (ignoring feature)
'-fma' is not a recognized feature for this target (ignoring feature)
'-fma4' is not a recognized feature for this target (ignoring feature)
'-avx' is not a recognized feature for this target (ignoring feature)
'-avx2' is not a recognized feature for this target (ignoring feature)
'-fma' is not a recognized feature for this target (ignoring feature)
'-fma4' is not a recognized feature for this target (ignoring feature)
'-avx' is not a recognized feature for this target (ignoring feature)
'-avx2' is not a recognized feature for this target (ignoring feature)
warning: unknown and unstable feature specified for `-Ctarget-feature`: `fma`
  |
  = note: it is still passed through to the codegen backend, but use of this feature might be unsound and the behavior of this feature can change in the future
  = help: consider filing a feature request

warning: unknown and unstable feature specified for `-Ctarget-feature`: `fma4`
  |
  = note: it is still passed through to the codegen backend, but use of this feature might be unsound and the behavior of this feature can change in the future
  = help: consider filing a feature request

warning: unknown and unstable feature specified for `-Ctarget-feature`: `avx`
  |
  = note: it is still passed through to the codegen backend, but use of this feature might be unsound and the behavior of this feature can change in the future
  = help: consider filing a feature request

warning: unknown and unstable feature specified for `-Ctarget-feature`: `avx2`
  |
  = note: it is still passed through to the codegen backend, but use of this feature might be unsound and the behavior of this feature can change in the future
  = help: consider filing a feature request

'-fma' is not a recognized feature for this target (ignoring feature)
'-fma4' is not a recognized feature for this target (ignoring feature)
'-avx' is not a recognized feature for this target (ignoring feature)
'-avx2' is not a recognized feature for this target (ignoring feature)
'-fma' is not a recognized feature for this target (ignoring feature)
'-fma4' is not a recognized feature for this target (ignoring feature)
'-avx' is not a recognized feature for this target (ignoring feature)
'-avx2' is not a recognized feature for this target (ignoring feature)
'-fma' is not a recognized feature for this target (ignoring feature)
'-fma4' is not a recognized feature for this target (ignoring feature)
'-avx' is not a recognized feature for this target (ignoring feature)
'-avx2' is not a recognized feature for this target (ignoring feature)
'-fma' is not a recognized feature for this target (ignoring feature)
'-fma4' is not a recognized feature for this target (ignoring feature)
'-avx' is not a recognized feature for this target (ignoring feature)
'-avx2' is not a recognized feature for this target (ignoring feature)
'-fma' is not a recognized feature for this target (ignoring feature)
'-fma4' is not a recognized feature for this target (ignoring feature)
'-avx' is not a recognized feature for this target (ignoring feature)
'-avx2' is not a recognized feature for this target (ignoring feature)
'-fma' is not a recognized feature for this target (ignoring feature)
'-fma4' is not a recognized feature for this target (ignoring feature)
'-avx' is not a recognized feature for this target (ignoring feature)
'-avx2' is not a recognized feature for this target (ignoring feature)
'-fma' is not a recognized feature for this target (ignoring feature)
'-fma4' is not a recognized feature for this target (ignoring feature)
'-avx' is not a recognized feature for this target (ignoring feature)
'-avx2' is not a recognized feature for this target (ignoring feature)
'-fma' is not a recognized feature for this target (ignoring feature)
'-fma4' is not a recognized feature for this target (ignoring feature)
'-avx' is not a recognized feature for this target (ignoring feature)
'-avx2' is not a recognized feature for this target (ignoring feature)
warning: `the_stcp_kernel_module` (lib) generated 4 warnings
    Finished `release` profile [optimized] target(s) in 0.82s
bash scripts/rust-ar-to-o.sh \
  "rust/target/mun/release/libthe_stcp_kernel_module.a" \
  "kmod/the_stcp_kernel_module.o" \
  "kmod/.the_stcp_kernel_module.o.cmd"
[stcp] Input:  rust/target/mun/release/libthe_stcp_kernel_module.a
[stcp] Output: kmod/the_stcp_kernel_module.o
[stcp] .cmd:   kmod/.the_stcp_kernel_module.o.cmd
[stcp] nm:     nm
[stcp] ld:     ld.bfd
[stcp] --undefined opts:  --undefined=rust_exported_data_client_ready_worker --undefined=rust_exported_data_server_ready_worker --undefined=rust_exported_session_client_handshake --undefined=rust_exported_session_create --undefined=rust_exported_session_destroy --undefined=rust_exported_session_handshake_done --undefined=rust_exported_session_handshake_pump --undefined=rust_exported_session_recvmsg --undefined=rust_exported_session_sendmsg --undefined=rust_exported_session_server_handshake  --undefined=stcp_module_rust_enter --undefined=stcp_module_rust_exit  --undefined=stcp_module_rust_enter --undefined=stcp_module_rust_exit   
[stcp] Linking → ld.bfd --whole-archive -r -m aarch64linux --undefined=rust_exported_data_client_ready_worker --undefined=rust_exported_data_server_ready_worker --undefined=rust_exported_session_client_handshake --undefined=rust_exported_session_create --undefined=rust_exported_session_destroy --undefined=rust_exported_session_handshake_done --undefined=rust_exported_session_handshake_pump --undefined=rust_exported_session_recvmsg --undefined=rust_exported_session_sendmsg --undefined=rust_exported_session_server_handshake --undefined=stcp_module_rust_enter --undefined=stcp_module_rust_exit --undefined=stcp_module_rust_enter --undefined=stcp_module_rust_exit -o kmod/the_stcp_kernel_module.o rust/target/mun/release/libthe_stcp_kernel_module.a
[stcp] Done: kmod/the_stcp_kernel_module.o
make -C "/lib/modules/6.12.75+rpt-rpi-v8/build" M="/tila/raspi/git/OOT-raspi/kmod" SKIP_STACK_VALIDATION=1 \
	  CFLAGS_MODULE="-DUSE_RATE_LIMIT=0"  KBUILD_SRC="/tila/raspi/git/OOT-raspi/kmod" modules
make[1]: Entering directory '/usr/src/linux-headers-6.12.75+rpt-rpi-v8'
  CC [M]  /tila/raspi/git/OOT-raspi/kmod/debug.o
  CC [M]  /tila/raspi/git/OOT-raspi/kmod/state.o
  CC [M]  /tila/raspi/git/OOT-raspi/kmod/init.o
In file included from /tila/raspi/git/OOT-raspi/kmod/init.c:22:
/tila/raspi/git/OOT-raspi/kmod/include/stcp/stcp_proto_ops.h:30:8: error: redefinition of ‘struct sockaddr_unsized’
   30 | struct sockaddr_unsized {
      |        ^~~~~~~~~~~~~~~~
In file included from /tila/raspi/git/OOT-raspi/kmod/include/stcp/tcp_callbacks.h:15,
                 from /tila/raspi/git/OOT-raspi/kmod/include/stcp/stcp_protocol.h:10,
                 from /tila/raspi/git/OOT-raspi/kmod/include/stcp/proto_operations.h:14,
                 from /tila/raspi/git/OOT-raspi/kmod/include/stcp/state.h:8,
                 from /tila/raspi/git/OOT-raspi/kmod/include/stcp/proto_layer.h:21,
                 from /tila/raspi/git/OOT-raspi/kmod/include/stcp/stcp_misc.h:12,
                 from /tila/raspi/git/OOT-raspi/kmod/init.c:19:
/tila/raspi/git/OOT-raspi/kmod/include/stcp/sock_unsized.h:13:8: note: originally defined here
   13 | struct sockaddr_unsized {
      |        ^~~~~~~~~~~~~~~~
/tila/raspi/git/OOT-raspi/kmod/init.c:115:17: error: conflicting types for ‘orginal_tcp_connect’; have ‘int (*)(struct sock *, struct sockaddr_unsized *, int)’
  115 | int           (*orginal_tcp_connect)(struct sock *sk, struct sockaddr_unsized *uaddr, int addr_len);
      |                 ^~~~~~~~~~~~~~~~~~~
/tila/raspi/git/OOT-raspi/kmod/include/stcp/tcp_callbacks.h:21:24: note: previous declaration of ‘orginal_tcp_connect’ with type ‘int (*)(struct sock *, struct sockaddr_unsized *, int)’
   21 | extern int           (*orginal_tcp_connect)(struct sock *sk, struct sockaddr_unsized *uaddr, int addr_len);
      |                        ^~~~~~~~~~~~~~~~~~~
/tila/raspi/git/OOT-raspi/kmod/init.c: In function ‘stcp_proto_register’:
/tila/raspi/git/OOT-raspi/kmod/init.c:171:5: error: implicit declaration of function ‘stcp_socket_ops_setup’ [-Werror=implicit-function-declaration]
  171 |     stcp_socket_ops_setup(&stcp_stream_ops);
      |     ^~~~~~~~~~~~~~~~~~~~~
cc1: some warnings being treated as errors
make[3]: *** [/usr/src/linux-headers-6.12.75+rpt-common-rpi/scripts/Makefile.build:249: /tila/raspi/git/OOT-raspi/kmod/init.o] Error 1
make[2]: *** [/usr/src/linux-headers-6.12.75+rpt-common-rpi/Makefile:1979: /tila/raspi/git/OOT-raspi/kmod] Error 2
make[1]: *** [/usr/src/linux-headers-6.12.75+rpt-common-rpi/Makefile:236: __sub-make] Error 2
make[1]: Leaving directory '/usr/src/linux-headers-6.12.75+rpt-rpi-v8'
make: *** [Makefile:99: kmod] Error 2
