
	for (;;) {
		ret = stcp_rust_accept(
			listener->rust_ctx,
			&accepted_ctx,
			flags
		);


		if (ret != -EAGAIN)
			break;

		if (flags & O_NONBLOCK)
			return -EAGAIN;

		ret = wait_event_interruptible(
			listener->accept_wq,
			stcp_rust_has_accept(listener->rust_ctx) > 0
		);

		if (ret)
			return ret;
	}

	if (ret)
		return ret;

	if (!accepted_ctx)
		return -EIO;

	newsk = stcp_alloc_child_sock(
		sock_net(sock->sk),
		newsock
	);

	if (IS_ERR(newsk)) {
		stcp_rust_release(accepted_ctx);
		return PTR_ERR(newsk);
	}

	child = stcp_sk(newsk);
	child->rust_ctx = accepted_ctx;
	pr_info("stcp: accept rust child listener_ctx=%px child=%px child_ctx=%px\n",
		listener->rust_ctx, child, child->rust_ctx);

	/*
	 * accepted_ctx has already been removed from the Rust listener queue.
	 * Therefore the matching TCP child must be consumed atomically here.
	 * Passing the outer listener's O_NONBLOCK flag can return -EAGAIN after
	 * the Rust child was popped, permanently desynchronising the two queues
	 * and leaving all clients stuck before handshake completion.
	 *
	 * kernel_connect() succeeded before the Rust child was queued, so the
	 * corresponding TCP child is guaranteed to arrive. Use a blocking inner
	 * accept even when the public STCP listener itself is nonblocking.
	 */
	ret = stcp_carrier_accept(
		listener->carrier,
		child->rust_ctx,
		child,
		&child->carrier,
		0
	);

	if (ret) {
		stcp_rust_set_owner(child->rust_ctx, NULL);
		stcp_rust_set_carrier(child->rust_ctx, NULL);
		stcp_rust_release(child->rust_ctx);
		child->rust_ctx = NULL;
		newsock->sk = NULL;
		sk_free(newsk);
		return ret;
	}

	stcp_rust_set_carrier(
		child->rust_ctx,
		child->carrier
	);

	stcp_rust_set_owner(child->rust_ctx, child);

	/*
	 * Start carrier RX before starting the accepted-side handshake. The peer
	 * can already have handshake and DATA bytes queued in TCP by the time the
	 * outer accept completes. Starting handshake first can therefore leave the
	 * child waiting forever with no RX worker to consume those bytes.
	 */
	ret = stcp_carrier_start_receiver_thread(child->carrier);
	if (ret) {
		stcp_rust_set_owner(child->rust_ctx, NULL);
		stcp_rust_set_carrier(child->rust_ctx, NULL);
		stcp_carrier_destroy(child->carrier);
		child->carrier = NULL;
		stcp_rust_release(child->rust_ctx);
		child->rust_ctx = NULL;
		newsock->sk = NULL;
		sk_free(newsk);
		return ret;
	}

	ret = stcp_rust_start_handshake(child->rust_ctx);

	for (;;) {
		ret = stcp_rust_accept(
			listener->rust_ctx,
			&accepted_ctx,
			flags
		);


		if (ret != -EAGAIN)
			break;

		if (flags & O_NONBLOCK)
			return -EAGAIN;

		ret = wait_event_interruptible(
			listener->accept_wq,
			stcp_rust_has_accept(listener->rust_ctx) > 0
		);

		if (ret)
			return ret;
	}

	if (ret)
		return ret;

	if (!accepted_ctx)
		return -EIO;

	newsk = stcp_alloc_child_sock(
		sock_net(sock->sk),
		newsock
	);

	if (IS_ERR(newsk)) {
		stcp_rust_release(accepted_ctx);
		return PTR_ERR(newsk);
	}

	child = stcp_sk(newsk);
	child->rust_ctx = accepted_ctx;
	pr_info("stcp: accept rust child listener_ctx=%px child=%px child_ctx=%px\n",
		listener->rust_ctx, child, child->rust_ctx);

	/*
	 * accepted_ctx has already been removed from the Rust listener queue.
	 * Therefore the matching TCP child must be consumed atomically here.
	 * Passing the outer listener's O_NONBLOCK flag can return -EAGAIN after
	 * the Rust child was popped, permanently desynchronising the two queues
	 * and leaving all clients stuck before handshake completion.
	 *
	 * kernel_connect() succeeded before the Rust child was queued, so the
	 * corresponding TCP child is guaranteed to arrive. Use a blocking inner
	 * accept even when the public STCP listener itself is nonblocking.
	 */
	ret = stcp_carrier_accept(
		listener->carrier,
		child->rust_ctx,
		child,
		&child->carrier,
		0
	);

	if (ret) {
		stcp_rust_set_owner(child->rust_ctx, NULL);
		stcp_rust_set_carrier(child->rust_ctx, NULL);
		stcp_rust_release(child->rust_ctx);
		child->rust_ctx = NULL;
		newsock->sk = NULL;
		sk_free(newsk);
		return ret;
	}

	stcp_rust_set_carrier(
		child->rust_ctx,
		child->carrier
	);

	stcp_rust_set_owner(child->rust_ctx, child);

	/*
	 * Start carrier RX before starting the accepted-side handshake. The peer
	 * can already have handshake and DATA bytes queued in TCP by the time the
	 * outer accept completes. Starting handshake first can therefore leave the
	 * child waiting forever with no RX worker to consume those bytes.
	 */
	ret = stcp_carrier_start_receiver_thread(child->carrier);
	if (ret) {
		stcp_rust_set_owner(child->rust_ctx, NULL);
		stcp_rust_set_carrier(child->rust_ctx, NULL);
		stcp_carrier_destroy(child->carrier);
		child->carrier = NULL;
		stcp_rust_release(child->rust_ctx);
		child->rust_ctx = NULL;
		newsock->sk = NULL;
		sk_free(newsk);
		return ret;
	}

	ret = stcp_rust_start_handshake(child->rust_ctx);
