./build/build_info.yml
./build/build_info.yml.bak
./build/build.ninja
./build/CMakeCache.txt
./build/CMakeFiles/cmake.check_cache
./build/CMakeFiles/CMakeConfigureLog.yaml
./build/CMakeFiles/rules.ninja
./build/CMakeFiles/TargetDirectories.txt
./build/cmake_install.cmake
./build/domains.yaml
./build/Kconfig/kconfig_module_dirs.cmake
./build/Kconfig/kconfig_module_dirs.env
./build/Kconfig/Kconfig.modules
./build/Kconfig/Kconfig.shield
./build/Kconfig/Kconfig.shield.defconfig
./build/Kconfig/Kconfig.sysbuild.modules
./build.log
./build/.ninja_log
./build/stcp_offload_stub/build_info.yml
./build/stcp_offload_stub/build.ninja
./build/stcp_offload_stub/CMakeCache.tmp
./build/stcp_offload_stub/CMakeCache.txt
./build/stcp_offload_stub/CMakeCache.txt.tmp
./build/stcp_offload_stub/cmake_install.cmake
./build/stcp_offload_stub/compile_commands.json
./build/stcp_offload_stub/.ninja_deps
./build/stcp_offload_stub/.ninja_log
./build/stcp_offload_stub_sysbuild_cache.txt
./build/stcp_offload_stub_sysbuild_cache.txt.tmp
./build/stcp_offload_stub/sysbuild_modules.txt
./build/stcp_offload_stub/zephyr_modules.txt
./build/stcp_offload_stub/zephyr_settings.txt
./build/_sysbuild/autoconf.h
./build/_sysbuild/cmake_install.cmake
./build/_sysbuild/empty.conf
./build/sysbuild_modules.txt
./build/zephyr/.cmake.dotconfig.checksum
./build/zephyr/.config
./build/zephyr/.config-trace.json
./build/zephyr/.config-trace.pickle
./build/zephyr_modules.txt
./build/zephyr_settings.txt
./build/zephyr/snippets_generated.cmake
./CMakeLists.txt
./.gitignore
./include/stcp/stcp.h
./include/stcp/stcp_internal.h
./Kconfig
./README.md
./samples/stcp_offload_stub/CMakeLists.txt
./samples/stcp_offload_stub/prj.conf
./scripts/build-native.sh
./src/stcp_context.c
./src/stcp_core_stub.c
./src/stcp_socket_offload.c
./zephyr/module.yml
